{"/workspaces/Tiktok-Multiviewer/app/layout.tsx": {"path":"/workspaces/Tiktok-Multiviewer/app/layout.tsx","statementMap":{"0":{"start":{"line":10,"column":24},"end":{"line":10,"column":35}},"1":{"start":{"line":4,"column":13},"end":{"line":4,"column":21}},"2":{"start":{"line":2,"column":7},"end":{"line":2,"column":null}},"3":{"start":{"line":4,"column":34},"end":{"line":8,"column":null}}},"fnMap":{"0":{"name":"RootLayout","decl":{"start":{"line":10,"column":24},"end":{"line":10,"column":35}},"loc":{"start":{"line":14,"column":2},"end":{"line":20,"column":1}}}},"branchMap":{},"s":{"0":0,"1":0,"2":0,"3":0},"f":{"0":0},"b":{}}
,"/workspaces/Tiktok-Multiviewer/app/page.tsx": {"path":"/workspaces/Tiktok-Multiviewer/app/page.tsx","statementMap":{"0":{"start":{"line":1079,"column":24},"end":{"line":1079,"column":null}},"1":{"start":{"line":5,"column":44},"end":{"line":5,"column":null}},"2":{"start":{"line":26,"column":7},"end":{"line":26,"column":null}},"3":{"start":{"line":27,"column":23},"end":{"line":27,"column":null}},"4":{"start":{"line":28,"column":22},"end":{"line":28,"column":null}},"5":{"start":{"line":29,"column":80},"end":{"line":29,"column":null}},"6":{"start":{"line":30,"column":78},"end":{"line":30,"column":null}},"7":{"start":{"line":31,"column":89},"end":{"line":31,"column":null}},"8":{"start":{"line":32,"column":25},"end":{"line":32,"column":null}},"9":{"start":{"line":33,"column":30},"end":{"line":33,"column":null}},"10":{"start":{"line":34,"column":22},"end":{"line":34,"column":null}},"11":{"start":{"line":35,"column":28},"end":{"line":35,"column":null}},"12":{"start":{"line":36,"column":26},"end":{"line":36,"column":null}},"13":{"start":{"line":37,"column":24},"end":{"line":37,"column":null}},"14":{"start":{"line":38,"column":22},"end":{"line":38,"column":null}},"15":{"start":{"line":39,"column":26},"end":{"line":39,"column":null}},"16":{"start":{"line":40,"column":36},"end":{"line":40,"column":null}},"17":{"start":{"line":41,"column":25},"end":{"line":41,"column":null}},"18":{"start":{"line":42,"column":40},"end":{"line":42,"column":null}},"19":{"start":{"line":44,"column":25},"end":{"line":44,"column":null}},"20":{"start":{"line":47,"column":32},"end":{"line":47,"column":null}},"21":{"start":{"line":48,"column":34},"end":{"line":48,"column":null}},"22":{"start":{"line":49,"column":38},"end":{"line":49,"column":null}},"23":{"start":{"line":50,"column":36},"end":{"line":50,"column":null}},"24":{"start":{"line":51,"column":52},"end":{"line":51,"column":null}},"25":{"start":{"line":52,"column":50},"end":{"line":52,"column":null}},"26":{"start":{"line":53,"column":50},"end":{"line":53,"column":null}},"27":{"start":{"line":54,"column":56},"end":{"line":54,"column":null}},"28":{"start":{"line":55,"column":52},"end":{"line":55,"column":null}},"29":{"start":{"line":56,"column":48},"end":{"line":56,"column":null}},"30":{"start":{"line":57,"column":56},"end":{"line":57,"column":null}},"31":{"start":{"line":58,"column":34},"end":{"line":58,"column":null}},"32":{"start":{"line":59,"column":38},"end":{"line":59,"column":null}},"33":{"start":{"line":60,"column":42},"end":{"line":60,"column":null}},"34":{"start":{"line":61,"column":38},"end":{"line":61,"column":null}},"35":{"start":{"line":62,"column":30},"end":{"line":62,"column":null}},"36":{"start":{"line":63,"column":34},"end":{"line":63,"column":null}},"37":{"start":{"line":64,"column":54},"end":{"line":64,"column":66}},"38":{"start":{"line":65,"column":48},"end":{"line":65,"column":null}},"39":{"start":{"line":66,"column":48},"end":{"line":66,"column":null}},"40":{"start":{"line":67,"column":50},"end":{"line":67,"column":null}},"41":{"start":{"line":68,"column":50},"end":{"line":68,"column":null}},"42":{"start":{"line":69,"column":40},"end":{"line":69,"column":null}},"43":{"start":{"line":70,"column":34},"end":{"line":70,"column":null}},"44":{"start":{"line":71,"column":42},"end":{"line":71,"column":null}},"45":{"start":{"line":72,"column":44},"end":{"line":72,"column":null}},"46":{"start":{"line":73,"column":33},"end":{"line":73,"column":null}},"47":{"start":{"line":74,"column":23},"end":{"line":74,"column":null}},"48":{"start":{"line":77,"column":16},"end":{"line":91,"column":null}},"49":{"start":{"line":94,"column":2},"end":{"line":99,"column":null}},"50":{"start":{"line":95,"column":21},"end":{"line":97,"column":null}},"51":{"start":{"line":96,"column":6},"end":{"line":96,"column":null}},"52":{"start":{"line":96,"column":36},"end":{"line":96,"column":61}},"53":{"start":{"line":98,"column":4},"end":{"line":98,"column":null}},"54":{"start":{"line":98,"column":17},"end":{"line":98,"column":null}},"55":{"start":{"line":102,"column":2},"end":{"line":128,"column":null}},"56":{"start":{"line":103,"column":24},"end":{"line":103,"column":null}},"57":{"start":{"line":104,"column":24},"end":{"line":104,"column":null}},"58":{"start":{"line":106,"column":4},"end":{"line":122,"column":null}},"59":{"start":{"line":107,"column":6},"end":{"line":111,"column":null}},"60":{"start":{"line":108,"column":8},"end":{"line":108,"column":null}},"61":{"start":{"line":110,"column":8},"end":{"line":110,"column":null}},"62":{"start":{"line":114,"column":27},"end":{"line":114,"column":null}},"63":{"start":{"line":115,"column":6},"end":{"line":121,"column":null}},"64":{"start":{"line":116,"column":8},"end":{"line":120,"column":null}},"65":{"start":{"line":117,"column":10},"end":{"line":117,"column":null}},"66":{"start":{"line":119,"column":10},"end":{"line":119,"column":null}},"67":{"start":{"line":125,"column":4},"end":{"line":127,"column":null}},"68":{"start":{"line":126,"column":6},"end":{"line":126,"column":null}},"69":{"start":{"line":131,"column":2},"end":{"line":133,"column":null}},"70":{"start":{"line":132,"column":4},"end":{"line":132,"column":null}},"71":{"start":{"line":136,"column":2},"end":{"line":138,"column":null}},"72":{"start":{"line":137,"column":4},"end":{"line":137,"column":null}},"73":{"start":{"line":140,"column":32},"end":{"line":162,"column":null}},"74":{"start":{"line":141,"column":21},"end":{"line":149,"column":null}},"75":{"start":{"line":152,"column":21},"end":{"line":152,"column":null}},"76":{"start":{"line":154,"column":4},"end":{"line":160,"column":null}},"77":{"start":{"line":155,"column":20},"end":{"line":155,"column":null}},"78":{"start":{"line":156,"column":6},"end":{"line":159,"column":null}},"79":{"start":{"line":158,"column":8},"end":{"line":158,"column":null}},"80":{"start":{"line":161,"column":4},"end":{"line":161,"column":null}},"81":{"start":{"line":164,"column":20},"end":{"line":292,"column":null}},"82":{"start":{"line":165,"column":4},"end":{"line":168,"column":null}},"83":{"start":{"line":166,"column":6},"end":{"line":166,"column":null}},"84":{"start":{"line":167,"column":6},"end":{"line":167,"column":null}},"85":{"start":{"line":170,"column":14},"end":{"line":170,"column":null}},"86":{"start":{"line":171,"column":16},"end":{"line":171,"column":null}},"87":{"start":{"line":172,"column":27},"end":{"line":172,"column":53}},"88":{"start":{"line":173,"column":57},"end":{"line":173,"column":null}},"89":{"start":{"line":176,"column":4},"end":{"line":272,"column":null}},"90":{"start":{"line":177,"column":6},"end":{"line":177,"column":null}},"91":{"start":{"line":178,"column":6},"end":{"line":178,"column":null}},"92":{"start":{"line":179,"column":6},"end":{"line":179,"column":null}},"93":{"start":{"line":180,"column":11},"end":{"line":272,"column":null}},"94":{"start":{"line":181,"column":6},"end":{"line":181,"column":null}},"95":{"start":{"line":182,"column":6},"end":{"line":182,"column":null}},"96":{"start":{"line":183,"column":6},"end":{"line":183,"column":null}},"97":{"start":{"line":184,"column":11},"end":{"line":272,"column":null}},"98":{"start":{"line":185,"column":6},"end":{"line":185,"column":null}},"99":{"start":{"line":186,"column":6},"end":{"line":186,"column":null}},"100":{"start":{"line":187,"column":6},"end":{"line":187,"column":null}},"101":{"start":{"line":188,"column":11},"end":{"line":272,"column":null}},"102":{"start":{"line":189,"column":6},"end":{"line":189,"column":null}},"103":{"start":{"line":190,"column":6},"end":{"line":190,"column":null}},"104":{"start":{"line":191,"column":6},"end":{"line":191,"column":null}},"105":{"start":{"line":192,"column":11},"end":{"line":272,"column":null}},"106":{"start":{"line":193,"column":6},"end":{"line":193,"column":null}},"107":{"start":{"line":194,"column":6},"end":{"line":194,"column":null}},"108":{"start":{"line":195,"column":6},"end":{"line":195,"column":null}},"109":{"start":{"line":196,"column":11},"end":{"line":272,"column":null}},"110":{"start":{"line":197,"column":6},"end":{"line":197,"column":null}},"111":{"start":{"line":198,"column":6},"end":{"line":198,"column":null}},"112":{"start":{"line":199,"column":6},"end":{"line":199,"column":null}},"113":{"start":{"line":200,"column":11},"end":{"line":272,"column":null}},"114":{"start":{"line":202,"column":6},"end":{"line":268,"column":null}},"115":{"start":{"line":203,"column":8},"end":{"line":203,"column":null}},"116":{"start":{"line":204,"column":26},"end":{"line":204,"column":null}},"117":{"start":{"line":207,"column":8},"end":{"line":222,"column":null}},"118":{"start":{"line":208,"column":24},"end":{"line":208,"column":null}},"119":{"start":{"line":209,"column":10},"end":{"line":214,"column":null}},"120":{"start":{"line":210,"column":12},"end":{"line":210,"column":null}},"121":{"start":{"line":212,"column":12},"end":{"line":212,"column":null}},"122":{"start":{"line":213,"column":12},"end":{"line":213,"column":null}},"123":{"start":{"line":217,"column":10},"end":{"line":217,"column":null}},"124":{"start":{"line":218,"column":10},"end":{"line":221,"column":null}},"125":{"start":{"line":219,"column":12},"end":{"line":219,"column":null}},"126":{"start":{"line":220,"column":12},"end":{"line":220,"column":null}},"127":{"start":{"line":224,"column":8},"end":{"line":224,"column":null}},"128":{"start":{"line":225,"column":8},"end":{"line":225,"column":null}},"129":{"start":{"line":226,"column":13},"end":{"line":268,"column":null}},"130":{"start":{"line":227,"column":8},"end":{"line":227,"column":null}},"131":{"start":{"line":228,"column":25},"end":{"line":228,"column":null}},"132":{"start":{"line":229,"column":8},"end":{"line":232,"column":null}},"133":{"start":{"line":230,"column":10},"end":{"line":230,"column":null}},"134":{"start":{"line":231,"column":10},"end":{"line":231,"column":null}},"135":{"start":{"line":233,"column":8},"end":{"line":233,"column":null}},"136":{"start":{"line":234,"column":8},"end":{"line":234,"column":null}},"137":{"start":{"line":235,"column":13},"end":{"line":268,"column":null}},"138":{"start":{"line":236,"column":8},"end":{"line":236,"column":null}},"139":{"start":{"line":237,"column":8},"end":{"line":243,"column":null}},"140":{"start":{"line":238,"column":10},"end":{"line":241,"column":null}},"141":{"start":{"line":239,"column":12},"end":{"line":239,"column":null}},"142":{"start":{"line":240,"column":12},"end":{"line":240,"column":null}},"143":{"start":{"line":242,"column":10},"end":{"line":242,"column":null}},"144":{"start":{"line":244,"column":8},"end":{"line":244,"column":null}},"145":{"start":{"line":245,"column":13},"end":{"line":268,"column":null}},"146":{"start":{"line":246,"column":8},"end":{"line":246,"column":null}},"147":{"start":{"line":248,"column":8},"end":{"line":256,"column":null}},"148":{"start":{"line":249,"column":10},"end":{"line":249,"column":null}},"149":{"start":{"line":250,"column":15},"end":{"line":256,"column":null}},"150":{"start":{"line":251,"column":10},"end":{"line":251,"column":null}},"151":{"start":{"line":252,"column":15},"end":{"line":256,"column":null}},"152":{"start":{"line":253,"column":10},"end":{"line":253,"column":null}},"153":{"start":{"line":257,"column":8},"end":{"line":257,"column":null}},"154":{"start":{"line":258,"column":13},"end":{"line":268,"column":null}},"155":{"start":{"line":259,"column":8},"end":{"line":259,"column":null}},"156":{"start":{"line":260,"column":8},"end":{"line":260,"column":null}},"157":{"start":{"line":261,"column":13},"end":{"line":268,"column":null}},"158":{"start":{"line":262,"column":8},"end":{"line":262,"column":null}},"159":{"start":{"line":263,"column":8},"end":{"line":263,"column":null}},"160":{"start":{"line":266,"column":8},"end":{"line":266,"column":null}},"161":{"start":{"line":267,"column":8},"end":{"line":267,"column":null}},"162":{"start":{"line":269,"column":11},"end":{"line":272,"column":null}},"163":{"start":{"line":270,"column":6},"end":{"line":270,"column":null}},"164":{"start":{"line":271,"column":6},"end":{"line":271,"column":null}},"165":{"start":{"line":274,"column":30},"end":{"line":287,"column":null}},"166":{"start":{"line":289,"column":4},"end":{"line":289,"column":null}},"167":{"start":{"line":290,"column":4},"end":{"line":290,"column":null}},"168":{"start":{"line":291,"column":4},"end":{"line":291,"column":null}},"169":{"start":{"line":294,"column":27},"end":{"line":321,"column":null}},"170":{"start":{"line":295,"column":4},"end":{"line":298,"column":null}},"171":{"start":{"line":296,"column":6},"end":{"line":296,"column":null}},"172":{"start":{"line":297,"column":6},"end":{"line":297,"column":null}},"173":{"start":{"line":300,"column":4},"end":{"line":303,"column":null}},"174":{"start":{"line":301,"column":6},"end":{"line":301,"column":null}},"175":{"start":{"line":302,"column":6},"end":{"line":302,"column":null}},"176":{"start":{"line":305,"column":14},"end":{"line":305,"column":null}},"177":{"start":{"line":306,"column":4},"end":{"line":308,"column":null}},"178":{"start":{"line":307,"column":6},"end":{"line":307,"column":null}},"179":{"start":{"line":310,"column":30},"end":{"line":315,"column":null}},"180":{"start":{"line":317,"column":4},"end":{"line":317,"column":null}},"181":{"start":{"line":318,"column":4},"end":{"line":318,"column":null}},"182":{"start":{"line":319,"column":4},"end":{"line":319,"column":null}},"183":{"start":{"line":320,"column":4},"end":{"line":320,"column":null}},"184":{"start":{"line":323,"column":25},"end":{"line":340,"column":null}},"185":{"start":{"line":324,"column":4},"end":{"line":327,"column":null}},"186":{"start":{"line":325,"column":6},"end":{"line":325,"column":null}},"187":{"start":{"line":326,"column":6},"end":{"line":326,"column":null}},"188":{"start":{"line":329,"column":30},"end":{"line":335,"column":null}},"189":{"start":{"line":337,"column":4},"end":{"line":337,"column":null}},"190":{"start":{"line":338,"column":4},"end":{"line":338,"column":null}},"191":{"start":{"line":339,"column":4},"end":{"line":339,"column":null}},"192":{"start":{"line":342,"column":23},"end":{"line":370,"column":null}},"193":{"start":{"line":343,"column":4},"end":{"line":346,"column":null}},"194":{"start":{"line":344,"column":6},"end":{"line":344,"column":null}},"195":{"start":{"line":345,"column":6},"end":{"line":345,"column":null}},"196":{"start":{"line":348,"column":4},"end":{"line":351,"column":null}},"197":{"start":{"line":349,"column":6},"end":{"line":349,"column":null}},"198":{"start":{"line":350,"column":6},"end":{"line":350,"column":null}},"199":{"start":{"line":353,"column":30},"end":{"line":353,"column":95}},"200":{"start":{"line":355,"column":30},"end":{"line":363,"column":null}},"201":{"start":{"line":365,"column":4},"end":{"line":365,"column":null}},"202":{"start":{"line":366,"column":4},"end":{"line":366,"column":null}},"203":{"start":{"line":367,"column":4},"end":{"line":367,"column":null}},"204":{"start":{"line":369,"column":4},"end":{"line":369,"column":null}},"205":{"start":{"line":372,"column":27},"end":{"line":397,"column":null}},"206":{"start":{"line":373,"column":4},"end":{"line":376,"column":null}},"207":{"start":{"line":374,"column":6},"end":{"line":374,"column":null}},"208":{"start":{"line":375,"column":6},"end":{"line":375,"column":null}},"209":{"start":{"line":378,"column":4},"end":{"line":381,"column":null}},"210":{"start":{"line":379,"column":6},"end":{"line":379,"column":null}},"211":{"start":{"line":380,"column":6},"end":{"line":380,"column":null}},"212":{"start":{"line":383,"column":30},"end":{"line":391,"column":null}},"213":{"start":{"line":392,"column":4},"end":{"line":392,"column":null}},"214":{"start":{"line":393,"column":4},"end":{"line":393,"column":null}},"215":{"start":{"line":394,"column":4},"end":{"line":394,"column":null}},"216":{"start":{"line":395,"column":4},"end":{"line":395,"column":null}},"217":{"start":{"line":396,"column":4},"end":{"line":396,"column":null}},"218":{"start":{"line":399,"column":32},"end":{"line":401,"column":null}},"219":{"start":{"line":400,"column":4},"end":{"line":400,"column":null}},"220":{"start":{"line":400,"column":35},"end":{"line":400,"column":null}},"221":{"start":{"line":403,"column":28},"end":{"line":405,"column":null}},"222":{"start":{"line":404,"column":4},"end":{"line":404,"column":null}},"223":{"start":{"line":404,"column":35},"end":{"line":404,"column":null}},"224":{"start":{"line":407,"column":30},"end":{"line":413,"column":null}},"225":{"start":{"line":408,"column":4},"end":{"line":411,"column":null}},"226":{"start":{"line":409,"column":6},"end":{"line":411,"column":null}},"227":{"start":{"line":415,"column":23},"end":{"line":417,"column":null}},"228":{"start":{"line":416,"column":4},"end":{"line":416,"column":null}},"229":{"start":{"line":416,"column":35},"end":{"line":416,"column":null}},"230":{"start":{"line":419,"column":29},"end":{"line":425,"column":null}},"231":{"start":{"line":420,"column":4},"end":{"line":423,"column":null}},"232":{"start":{"line":421,"column":6},"end":{"line":423,"column":null}},"233":{"start":{"line":428,"column":26},"end":{"line":432,"column":null}},"234":{"start":{"line":429,"column":4},"end":{"line":429,"column":null}},"235":{"start":{"line":430,"column":4},"end":{"line":430,"column":null}},"236":{"start":{"line":431,"column":4},"end":{"line":431,"column":null}},"237":{"start":{"line":434,"column":25},"end":{"line":438,"column":null}},"238":{"start":{"line":435,"column":4},"end":{"line":435,"column":null}},"239":{"start":{"line":436,"column":4},"end":{"line":436,"column":null}},"240":{"start":{"line":437,"column":4},"end":{"line":437,"column":null}},"241":{"start":{"line":440,"column":26},"end":{"line":442,"column":null}},"242":{"start":{"line":441,"column":4},"end":{"line":441,"column":null}},"243":{"start":{"line":444,"column":21},"end":{"line":466,"column":null}},"244":{"start":{"line":445,"column":4},"end":{"line":445,"column":null}},"245":{"start":{"line":447,"column":4},"end":{"line":451,"column":null}},"246":{"start":{"line":448,"column":6},"end":{"line":448,"column":null}},"247":{"start":{"line":449,"column":6},"end":{"line":449,"column":null}},"248":{"start":{"line":450,"column":6},"end":{"line":450,"column":null}},"249":{"start":{"line":453,"column":23},"end":{"line":453,"column":null}},"250":{"start":{"line":454,"column":26},"end":{"line":454,"column":50}},"251":{"start":{"line":457,"column":4},"end":{"line":457,"column":null}},"252":{"start":{"line":460,"column":24},"end":{"line":460,"column":null}},"253":{"start":{"line":461,"column":4},"end":{"line":461,"column":null}},"254":{"start":{"line":463,"column":4},"end":{"line":463,"column":null}},"255":{"start":{"line":464,"column":4},"end":{"line":464,"column":null}},"256":{"start":{"line":465,"column":4},"end":{"line":465,"column":null}},"257":{"start":{"line":468,"column":24},"end":{"line":471,"column":null}},"258":{"start":{"line":469,"column":4},"end":{"line":469,"column":null}},"259":{"start":{"line":470,"column":4},"end":{"line":470,"column":null}},"260":{"start":{"line":473,"column":26},"end":{"line":481,"column":null}},"261":{"start":{"line":474,"column":4},"end":{"line":480,"column":null}},"262":{"start":{"line":476,"column":6},"end":{"line":476,"column":null}},"263":{"start":{"line":479,"column":6},"end":{"line":479,"column":null}},"264":{"start":{"line":483,"column":28},"end":{"line":505,"column":null}},"265":{"start":{"line":485,"column":23},"end":{"line":485,"column":null}},"266":{"start":{"line":486,"column":4},"end":{"line":486,"column":null}},"267":{"start":{"line":489,"column":4},"end":{"line":504,"column":null}},"268":{"start":{"line":491,"column":6},"end":{"line":503,"column":null}},"269":{"start":{"line":492,"column":23},"end":{"line":492,"column":null}},"270":{"start":{"line":492,"column":43},"end":{"line":492,"column":null}},"271":{"start":{"line":493,"column":8},"end":{"line":502,"column":null}},"272":{"start":{"line":494,"column":10},"end":{"line":500,"column":null}},"273":{"start":{"line":508,"column":25},"end":{"line":515,"column":null}},"274":{"start":{"line":509,"column":35},"end":{"line":512,"column":null}},"275":{"start":{"line":514,"column":4},"end":{"line":514,"column":null}},"276":{"start":{"line":518,"column":31},"end":{"line":535,"column":null}},"277":{"start":{"line":519,"column":4},"end":{"line":534,"column":null}},"278":{"start":{"line":520,"column":37},"end":{"line":520,"column":null}},"279":{"start":{"line":522,"column":6},"end":{"line":529,"column":null}},"280":{"start":{"line":524,"column":8},"end":{"line":524,"column":null}},"281":{"start":{"line":527,"column":8},"end":{"line":527,"column":null}},"282":{"start":{"line":528,"column":8},"end":{"line":528,"column":null}},"283":{"start":{"line":530,"column":6},"end":{"line":530,"column":null}},"284":{"start":{"line":532,"column":6},"end":{"line":532,"column":null}},"285":{"start":{"line":533,"column":6},"end":{"line":533,"column":null}},"286":{"start":{"line":537,"column":22},"end":{"line":544,"column":null}},"287":{"start":{"line":538,"column":25},"end":{"line":538,"column":null}},"288":{"start":{"line":541,"column":25},"end":{"line":541,"column":102}},"289":{"start":{"line":542,"column":4},"end":{"line":542,"column":null}},"290":{"start":{"line":543,"column":4},"end":{"line":543,"column":null}},"291":{"start":{"line":546,"column":21},"end":{"line":565,"column":null}},"292":{"start":{"line":547,"column":4},"end":{"line":550,"column":null}},"293":{"start":{"line":548,"column":6},"end":{"line":548,"column":null}},"294":{"start":{"line":549,"column":6},"end":{"line":549,"column":null}},"295":{"start":{"line":553,"column":21},"end":{"line":553,"column":null}},"296":{"start":{"line":554,"column":4},"end":{"line":556,"column":null}},"297":{"start":{"line":555,"column":6},"end":{"line":555,"column":null}},"298":{"start":{"line":558,"column":20},"end":{"line":558,"column":null}},"299":{"start":{"line":559,"column":4},"end":{"line":564,"column":null}},"300":{"start":{"line":560,"column":6},"end":{"line":560,"column":null}},"301":{"start":{"line":561,"column":6},"end":{"line":561,"column":null}},"302":{"start":{"line":563,"column":6},"end":{"line":563,"column":null}},"303":{"start":{"line":567,"column":26},"end":{"line":572,"column":null}},"304":{"start":{"line":568,"column":4},"end":{"line":571,"column":null}},"305":{"start":{"line":570,"column":18},"end":{"line":570,"column":null}},"306":{"start":{"line":571,"column":22},"end":{"line":571,"column":null}},"307":{"start":{"line":574,"column":22},"end":{"line":581,"column":null}},"308":{"start":{"line":575,"column":4},"end":{"line":575,"column":null}},"309":{"start":{"line":575,"column":21},"end":{"line":575,"column":null}},"310":{"start":{"line":576,"column":4},"end":{"line":576,"column":null}},"311":{"start":{"line":576,"column":21},"end":{"line":576,"column":null}},"312":{"start":{"line":577,"column":4},"end":{"line":577,"column":null}},"313":{"start":{"line":577,"column":20},"end":{"line":577,"column":null}},"314":{"start":{"line":578,"column":4},"end":{"line":578,"column":null}},"315":{"start":{"line":578,"column":20},"end":{"line":578,"column":null}},"316":{"start":{"line":579,"column":4},"end":{"line":579,"column":null}},"317":{"start":{"line":579,"column":20},"end":{"line":579,"column":null}},"318":{"start":{"line":580,"column":4},"end":{"line":580,"column":null}},"319":{"start":{"line":583,"column":29},"end":{"line":586,"column":null}},"320":{"start":{"line":584,"column":4},"end":{"line":584,"column":null}},"321":{"start":{"line":585,"column":4},"end":{"line":585,"column":null}},"322":{"start":{"line":611,"column":51},"end":{"line":611,"column":null}},"323":{"start":{"line":615,"column":51},"end":{"line":615,"column":null}},"324":{"start":{"line":619,"column":51},"end":{"line":619,"column":null}},"325":{"start":{"line":623,"column":51},"end":{"line":623,"column":null}},"326":{"start":{"line":627,"column":51},"end":{"line":627,"column":null}},"327":{"start":{"line":644,"column":31},"end":{"line":644,"column":null}},"328":{"start":{"line":645,"column":33},"end":{"line":645,"column":null}},"329":{"start":{"line":652,"column":31},"end":{"line":652,"column":null}},"330":{"start":{"line":653,"column":33},"end":{"line":653,"column":null}},"331":{"start":{"line":657,"column":35},"end":{"line":657,"column":48}},"332":{"start":{"line":663,"column":29},"end":{"line":663,"column":null}},"333":{"start":{"line":676,"column":37},"end":{"line":676,"column":58}},"334":{"start":{"line":677,"column":42},"end":{"line":677,"column":63}},"335":{"start":{"line":678,"column":37},"end":{"line":678,"column":59}},"336":{"start":{"line":679,"column":42},"end":{"line":679,"column":64}},"337":{"start":{"line":680,"column":37},"end":{"line":680,"column":58}},"338":{"start":{"line":681,"column":42},"end":{"line":681,"column":63}},"339":{"start":{"line":682,"column":37},"end":{"line":682,"column":62}},"340":{"start":{"line":683,"column":42},"end":{"line":683,"column":67}},"341":{"start":{"line":684,"column":37},"end":{"line":684,"column":55}},"342":{"start":{"line":685,"column":42},"end":{"line":685,"column":60}},"343":{"start":{"line":686,"column":37},"end":{"line":686,"column":61}},"344":{"start":{"line":687,"column":42},"end":{"line":687,"column":66}},"345":{"start":{"line":688,"column":37},"end":{"line":688,"column":59}},"346":{"start":{"line":689,"column":42},"end":{"line":689,"column":64}},"347":{"start":{"line":690,"column":37},"end":{"line":690,"column":57}},"348":{"start":{"line":691,"column":42},"end":{"line":691,"column":62}},"349":{"start":{"line":692,"column":37},"end":{"line":692,"column":55}},"350":{"start":{"line":693,"column":42},"end":{"line":693,"column":60}},"351":{"start":{"line":694,"column":37},"end":{"line":694,"column":59}},"352":{"start":{"line":695,"column":42},"end":{"line":695,"column":64}},"353":{"start":{"line":696,"column":37},"end":{"line":696,"column":58}},"354":{"start":{"line":697,"column":42},"end":{"line":697,"column":63}},"355":{"start":{"line":723,"column":52},"end":{"line":723,"column":null}},"356":{"start":{"line":740,"column":52},"end":{"line":740,"column":null}},"357":{"start":{"line":798,"column":41},"end":{"line":798,"column":null}},"358":{"start":{"line":821,"column":41},"end":{"line":821,"column":null}},"359":{"start":{"line":823,"column":43},"end":{"line":823,"column":null}},"360":{"start":{"line":830,"column":41},"end":{"line":830,"column":null}},"361":{"start":{"line":832,"column":43},"end":{"line":832,"column":null}},"362":{"start":{"line":859,"column":41},"end":{"line":859,"column":null}},"363":{"start":{"line":861,"column":43},"end":{"line":861,"column":null}},"364":{"start":{"line":888,"column":41},"end":{"line":888,"column":null}},"365":{"start":{"line":890,"column":43},"end":{"line":890,"column":null}},"366":{"start":{"line":897,"column":41},"end":{"line":897,"column":null}},"367":{"start":{"line":899,"column":43},"end":{"line":899,"column":null}},"368":{"start":{"line":904,"column":94},"end":{"line":904,"column":null}},"369":{"start":{"line":938,"column":24},"end":{"line":938,"column":null}},"370":{"start":{"line":939,"column":24},"end":{"line":939,"column":null}},"371":{"start":{"line":940,"column":24},"end":{"line":940,"column":null}},"372":{"start":{"line":991,"column":14},"end":{"line":992,"column":null}},"373":{"start":{"line":997,"column":36},"end":{"line":997,"column":null}},"374":{"start":{"line":998,"column":35},"end":{"line":998,"column":null}},"375":{"start":{"line":1000,"column":31},"end":{"line":1000,"column":null}},"376":{"start":{"line":1011,"column":66},"end":{"line":1011,"column":91}},"377":{"start":{"line":1017,"column":36},"end":{"line":1017,"column":null}},"378":{"start":{"line":1018,"column":54},"end":{"line":1018,"column":null}},"379":{"start":{"line":1025,"column":36},"end":{"line":1025,"column":null}},"380":{"start":{"line":1032,"column":36},"end":{"line":1032,"column":null}},"381":{"start":{"line":1033,"column":50},"end":{"line":1033,"column":null}},"382":{"start":{"line":1039,"column":36},"end":{"line":1039,"column":null}},"383":{"start":{"line":1045,"column":36},"end":{"line":1045,"column":null}},"384":{"start":{"line":1051,"column":36},"end":{"line":1051,"column":null}},"385":{"start":{"line":1054,"column":22},"end":{"line":1055,"column":null}},"386":{"start":{"line":1054,"column":43},"end":{"line":1055,"column":null}},"387":{"start":{"line":1055,"column":24},"end":{"line":1055,"column":null}},"388":{"start":{"line":1063,"column":36},"end":{"line":1063,"column":null}},"389":{"start":{"line":1064,"column":50},"end":{"line":1064,"column":null}},"390":{"start":{"line":1068,"column":64},"end":{"line":1068,"column":89}}},"fnMap":{"0":{"name":"MultiviewerApp","decl":{"start":{"line":46,"column":9},"end":{"line":46,"column":null}},"loc":{"start":{"line":46,"column":9},"end":{"line":1077,"column":null}}},"1":{"name":"(anonymous_3)","decl":{"start":{"line":94,"column":12},"end":{"line":94,"column":null}},"loc":{"start":{"line":94,"column":12},"end":{"line":99,"column":5}}},"2":{"name":"(anonymous_4)","decl":{"start":{"line":95,"column":33},"end":{"line":95,"column":null}},"loc":{"start":{"line":95,"column":33},"end":{"line":97,"column":7}}},"3":{"name":"(anonymous_5)","decl":{"start":{"line":96,"column":26},"end":{"line":96,"column":27}},"loc":{"start":{"line":96,"column":36},"end":{"line":96,"column":61}}},"4":{"name":"(anonymous_6)","decl":{"start":{"line":98,"column":11},"end":{"line":98,"column":17}},"loc":{"start":{"line":98,"column":17},"end":{"line":98,"column":null}}},"5":{"name":"(anonymous_7)","decl":{"start":{"line":102,"column":12},"end":{"line":102,"column":null}},"loc":{"start":{"line":102,"column":12},"end":{"line":128,"column":5}}},"6":{"name":"(anonymous_8)","decl":{"start":{"line":125,"column":11},"end":{"line":125,"column":null}},"loc":{"start":{"line":125,"column":11},"end":{"line":127,"column":null}}},"7":{"name":"(anonymous_9)","decl":{"start":{"line":131,"column":12},"end":{"line":131,"column":null}},"loc":{"start":{"line":131,"column":12},"end":{"line":133,"column":5}}},"8":{"name":"(anonymous_10)","decl":{"start":{"line":136,"column":12},"end":{"line":136,"column":null}},"loc":{"start":{"line":136,"column":12},"end":{"line":138,"column":5}}},"9":{"name":"(anonymous_11)","decl":{"start":{"line":140,"column":32},"end":{"line":140,"column":33}},"loc":{"start":{"line":140,"column":33},"end":{"line":162,"column":null}}},"10":{"name":"(anonymous_12)","decl":{"start":{"line":164,"column":20},"end":{"line":164,"column":21}},"loc":{"start":{"line":164,"column":21},"end":{"line":292,"column":null}}},"11":{"name":"(anonymous_13)","decl":{"start":{"line":294,"column":27},"end":{"line":294,"column":null}},"loc":{"start":{"line":294,"column":27},"end":{"line":321,"column":null}}},"12":{"name":"(anonymous_14)","decl":{"start":{"line":323,"column":25},"end":{"line":323,"column":null}},"loc":{"start":{"line":323,"column":25},"end":{"line":340,"column":null}}},"13":{"name":"(anonymous_15)","decl":{"start":{"line":342,"column":23},"end":{"line":342,"column":null}},"loc":{"start":{"line":342,"column":23},"end":{"line":370,"column":null}}},"14":{"name":"(anonymous_16)","decl":{"start":{"line":372,"column":27},"end":{"line":372,"column":null}},"loc":{"start":{"line":372,"column":27},"end":{"line":397,"column":null}}},"15":{"name":"(anonymous_17)","decl":{"start":{"line":399,"column":32},"end":{"line":399,"column":33}},"loc":{"start":{"line":399,"column":59},"end":{"line":401,"column":null}}},"16":{"name":"(anonymous_18)","decl":{"start":{"line":400,"column":27},"end":{"line":400,"column":28}},"loc":{"start":{"line":400,"column":35},"end":{"line":400,"column":null}}},"17":{"name":"(anonymous_19)","decl":{"start":{"line":403,"column":28},"end":{"line":403,"column":29}},"loc":{"start":{"line":403,"column":41},"end":{"line":405,"column":null}}},"18":{"name":"(anonymous_20)","decl":{"start":{"line":404,"column":27},"end":{"line":404,"column":28}},"loc":{"start":{"line":404,"column":35},"end":{"line":404,"column":null}}},"19":{"name":"(anonymous_21)","decl":{"start":{"line":407,"column":30},"end":{"line":407,"column":31}},"loc":{"start":{"line":407,"column":79},"end":{"line":413,"column":null}}},"20":{"name":"(anonymous_22)","decl":{"start":{"line":408,"column":27},"end":{"line":408,"column":null}},"loc":{"start":{"line":409,"column":6},"end":{"line":411,"column":null}}},"21":{"name":"(anonymous_23)","decl":{"start":{"line":415,"column":23},"end":{"line":415,"column":24}},"loc":{"start":{"line":415,"column":24},"end":{"line":417,"column":null}}},"22":{"name":"(anonymous_24)","decl":{"start":{"line":416,"column":30},"end":{"line":416,"column":35}},"loc":{"start":{"line":416,"column":35},"end":{"line":416,"column":null}}},"23":{"name":"(anonymous_25)","decl":{"start":{"line":419,"column":29},"end":{"line":419,"column":30}},"loc":{"start":{"line":419,"column":42},"end":{"line":425,"column":null}}},"24":{"name":"(anonymous_26)","decl":{"start":{"line":420,"column":27},"end":{"line":420,"column":null}},"loc":{"start":{"line":421,"column":6},"end":{"line":423,"column":null}}},"25":{"name":"(anonymous_27)","decl":{"start":{"line":428,"column":26},"end":{"line":428,"column":27}},"loc":{"start":{"line":428,"column":47},"end":{"line":432,"column":null}}},"26":{"name":"(anonymous_28)","decl":{"start":{"line":434,"column":25},"end":{"line":434,"column":26}},"loc":{"start":{"line":434,"column":46},"end":{"line":438,"column":null}}},"27":{"name":"(anonymous_29)","decl":{"start":{"line":440,"column":26},"end":{"line":440,"column":null}},"loc":{"start":{"line":440,"column":26},"end":{"line":442,"column":null}}},"28":{"name":"(anonymous_30)","decl":{"start":{"line":444,"column":21},"end":{"line":444,"column":22}},"loc":{"start":{"line":444,"column":42},"end":{"line":466,"column":null}}},"29":{"name":"(anonymous_31)","decl":{"start":{"line":468,"column":24},"end":{"line":468,"column":null}},"loc":{"start":{"line":468,"column":24},"end":{"line":471,"column":null}}},"30":{"name":"(anonymous_32)","decl":{"start":{"line":473,"column":26},"end":{"line":473,"column":null}},"loc":{"start":{"line":473,"column":26},"end":{"line":481,"column":null}}},"31":{"name":"(anonymous_33)","decl":{"start":{"line":483,"column":28},"end":{"line":483,"column":null}},"loc":{"start":{"line":483,"column":28},"end":{"line":505,"column":null}}},"32":{"name":"(anonymous_34)","decl":{"start":{"line":489,"column":15},"end":{"line":489,"column":null}},"loc":{"start":{"line":489,"column":15},"end":{"line":504,"column":7}}},"33":{"name":"(anonymous_35)","decl":{"start":{"line":491,"column":25},"end":{"line":491,"column":26}},"loc":{"start":{"line":491,"column":26},"end":{"line":503,"column":null}}},"34":{"name":"(anonymous_36)","decl":{"start":{"line":492,"column":36},"end":{"line":492,"column":37}},"loc":{"start":{"line":492,"column":43},"end":{"line":492,"column":null}}},"35":{"name":"(anonymous_37)","decl":{"start":{"line":508,"column":25},"end":{"line":508,"column":null}},"loc":{"start":{"line":508,"column":25},"end":{"line":515,"column":null}}},"36":{"name":"(anonymous_38)","decl":{"start":{"line":518,"column":31},"end":{"line":518,"column":32}},"loc":{"start":{"line":518,"column":32},"end":{"line":535,"column":null}}},"37":{"name":"(anonymous_39)","decl":{"start":{"line":537,"column":22},"end":{"line":537,"column":null}},"loc":{"start":{"line":537,"column":22},"end":{"line":544,"column":null}}},"38":{"name":"(anonymous_40)","decl":{"start":{"line":546,"column":21},"end":{"line":546,"column":null}},"loc":{"start":{"line":546,"column":21},"end":{"line":565,"column":null}}},"39":{"name":"(anonymous_41)","decl":{"start":{"line":567,"column":26},"end":{"line":567,"column":null}},"loc":{"start":{"line":567,"column":26},"end":{"line":572,"column":null}}},"40":{"name":"(anonymous_42)","decl":{"start":{"line":570,"column":12},"end":{"line":570,"column":18}},"loc":{"start":{"line":570,"column":18},"end":{"line":570,"column":null}}},"41":{"name":"(anonymous_43)","decl":{"start":{"line":571,"column":13},"end":{"line":571,"column":14}},"loc":{"start":{"line":571,"column":22},"end":{"line":571,"column":null}}},"42":{"name":"(anonymous_44)","decl":{"start":{"line":574,"column":22},"end":{"line":574,"column":23}},"loc":{"start":{"line":574,"column":23},"end":{"line":581,"column":null}}},"43":{"name":"(anonymous_45)","decl":{"start":{"line":583,"column":29},"end":{"line":583,"column":null}},"loc":{"start":{"line":583,"column":29},"end":{"line":586,"column":null}}},"44":{"name":"(anonymous_46)","decl":{"start":{"line":611,"column":45},"end":{"line":611,"column":51}},"loc":{"start":{"line":611,"column":51},"end":{"line":611,"column":null}}},"45":{"name":"(anonymous_47)","decl":{"start":{"line":615,"column":45},"end":{"line":615,"column":51}},"loc":{"start":{"line":615,"column":51},"end":{"line":615,"column":null}}},"46":{"name":"(anonymous_48)","decl":{"start":{"line":619,"column":45},"end":{"line":619,"column":51}},"loc":{"start":{"line":619,"column":51},"end":{"line":619,"column":null}}},"47":{"name":"(anonymous_49)","decl":{"start":{"line":623,"column":45},"end":{"line":623,"column":51}},"loc":{"start":{"line":623,"column":51},"end":{"line":623,"column":null}}},"48":{"name":"(anonymous_50)","decl":{"start":{"line":627,"column":45},"end":{"line":627,"column":51}},"loc":{"start":{"line":627,"column":51},"end":{"line":627,"column":null}}},"49":{"name":"(anonymous_51)","decl":{"start":{"line":644,"column":24},"end":{"line":644,"column":25}},"loc":{"start":{"line":644,"column":31},"end":{"line":644,"column":null}}},"50":{"name":"(anonymous_52)","decl":{"start":{"line":645,"column":26},"end":{"line":645,"column":27}},"loc":{"start":{"line":645,"column":33},"end":{"line":645,"column":null}}},"51":{"name":"(anonymous_53)","decl":{"start":{"line":652,"column":24},"end":{"line":652,"column":25}},"loc":{"start":{"line":652,"column":31},"end":{"line":652,"column":null}}},"52":{"name":"(anonymous_54)","decl":{"start":{"line":653,"column":26},"end":{"line":653,"column":27}},"loc":{"start":{"line":653,"column":33},"end":{"line":653,"column":null}}},"53":{"name":"(anonymous_55)","decl":{"start":{"line":657,"column":29},"end":{"line":657,"column":35}},"loc":{"start":{"line":657,"column":35},"end":{"line":657,"column":48}}},"54":{"name":"(anonymous_56)","decl":{"start":{"line":663,"column":23},"end":{"line":663,"column":29}},"loc":{"start":{"line":663,"column":29},"end":{"line":663,"column":null}}},"55":{"name":"(anonymous_57)","decl":{"start":{"line":676,"column":30},"end":{"line":676,"column":31}},"loc":{"start":{"line":676,"column":37},"end":{"line":676,"column":58}}},"56":{"name":"(anonymous_58)","decl":{"start":{"line":677,"column":35},"end":{"line":677,"column":36}},"loc":{"start":{"line":677,"column":42},"end":{"line":677,"column":63}}},"57":{"name":"(anonymous_59)","decl":{"start":{"line":678,"column":30},"end":{"line":678,"column":31}},"loc":{"start":{"line":678,"column":37},"end":{"line":678,"column":59}}},"58":{"name":"(anonymous_60)","decl":{"start":{"line":679,"column":35},"end":{"line":679,"column":36}},"loc":{"start":{"line":679,"column":42},"end":{"line":679,"column":64}}},"59":{"name":"(anonymous_61)","decl":{"start":{"line":680,"column":30},"end":{"line":680,"column":31}},"loc":{"start":{"line":680,"column":37},"end":{"line":680,"column":58}}},"60":{"name":"(anonymous_62)","decl":{"start":{"line":681,"column":35},"end":{"line":681,"column":36}},"loc":{"start":{"line":681,"column":42},"end":{"line":681,"column":63}}},"61":{"name":"(anonymous_63)","decl":{"start":{"line":682,"column":30},"end":{"line":682,"column":31}},"loc":{"start":{"line":682,"column":37},"end":{"line":682,"column":62}}},"62":{"name":"(anonymous_64)","decl":{"start":{"line":683,"column":35},"end":{"line":683,"column":36}},"loc":{"start":{"line":683,"column":42},"end":{"line":683,"column":67}}},"63":{"name":"(anonymous_65)","decl":{"start":{"line":684,"column":30},"end":{"line":684,"column":31}},"loc":{"start":{"line":684,"column":37},"end":{"line":684,"column":55}}},"64":{"name":"(anonymous_66)","decl":{"start":{"line":685,"column":35},"end":{"line":685,"column":36}},"loc":{"start":{"line":685,"column":42},"end":{"line":685,"column":60}}},"65":{"name":"(anonymous_67)","decl":{"start":{"line":686,"column":30},"end":{"line":686,"column":31}},"loc":{"start":{"line":686,"column":37},"end":{"line":686,"column":61}}},"66":{"name":"(anonymous_68)","decl":{"start":{"line":687,"column":35},"end":{"line":687,"column":36}},"loc":{"start":{"line":687,"column":42},"end":{"line":687,"column":66}}},"67":{"name":"(anonymous_69)","decl":{"start":{"line":688,"column":30},"end":{"line":688,"column":31}},"loc":{"start":{"line":688,"column":37},"end":{"line":688,"column":59}}},"68":{"name":"(anonymous_70)","decl":{"start":{"line":689,"column":35},"end":{"line":689,"column":36}},"loc":{"start":{"line":689,"column":42},"end":{"line":689,"column":64}}},"69":{"name":"(anonymous_71)","decl":{"start":{"line":690,"column":30},"end":{"line":690,"column":31}},"loc":{"start":{"line":690,"column":37},"end":{"line":690,"column":57}}},"70":{"name":"(anonymous_72)","decl":{"start":{"line":691,"column":35},"end":{"line":691,"column":36}},"loc":{"start":{"line":691,"column":42},"end":{"line":691,"column":62}}},"71":{"name":"(anonymous_73)","decl":{"start":{"line":692,"column":30},"end":{"line":692,"column":31}},"loc":{"start":{"line":692,"column":37},"end":{"line":692,"column":55}}},"72":{"name":"(anonymous_74)","decl":{"start":{"line":693,"column":35},"end":{"line":693,"column":36}},"loc":{"start":{"line":693,"column":42},"end":{"line":693,"column":60}}},"73":{"name":"(anonymous_75)","decl":{"start":{"line":694,"column":30},"end":{"line":694,"column":31}},"loc":{"start":{"line":694,"column":37},"end":{"line":694,"column":59}}},"74":{"name":"(anonymous_76)","decl":{"start":{"line":695,"column":35},"end":{"line":695,"column":36}},"loc":{"start":{"line":695,"column":42},"end":{"line":695,"column":64}}},"75":{"name":"(anonymous_77)","decl":{"start":{"line":696,"column":30},"end":{"line":696,"column":31}},"loc":{"start":{"line":696,"column":37},"end":{"line":696,"column":58}}},"76":{"name":"(anonymous_78)","decl":{"start":{"line":697,"column":35},"end":{"line":697,"column":36}},"loc":{"start":{"line":697,"column":42},"end":{"line":697,"column":63}}},"77":{"name":"(anonymous_79)","decl":{"start":{"line":723,"column":41},"end":{"line":723,"column":42}},"loc":{"start":{"line":723,"column":52},"end":{"line":723,"column":null}}},"78":{"name":"(anonymous_80)","decl":{"start":{"line":740,"column":41},"end":{"line":740,"column":42}},"loc":{"start":{"line":740,"column":52},"end":{"line":740,"column":null}}},"79":{"name":"(anonymous_81)","decl":{"start":{"line":798,"column":34},"end":{"line":798,"column":35}},"loc":{"start":{"line":798,"column":41},"end":{"line":798,"column":null}}},"80":{"name":"(anonymous_82)","decl":{"start":{"line":821,"column":34},"end":{"line":821,"column":35}},"loc":{"start":{"line":821,"column":41},"end":{"line":821,"column":null}}},"81":{"name":"(anonymous_83)","decl":{"start":{"line":823,"column":36},"end":{"line":823,"column":37}},"loc":{"start":{"line":823,"column":43},"end":{"line":823,"column":null}}},"82":{"name":"(anonymous_84)","decl":{"start":{"line":830,"column":34},"end":{"line":830,"column":35}},"loc":{"start":{"line":830,"column":41},"end":{"line":830,"column":null}}},"83":{"name":"(anonymous_85)","decl":{"start":{"line":832,"column":36},"end":{"line":832,"column":37}},"loc":{"start":{"line":832,"column":43},"end":{"line":832,"column":null}}},"84":{"name":"(anonymous_86)","decl":{"start":{"line":859,"column":34},"end":{"line":859,"column":35}},"loc":{"start":{"line":859,"column":41},"end":{"line":859,"column":null}}},"85":{"name":"(anonymous_87)","decl":{"start":{"line":861,"column":36},"end":{"line":861,"column":37}},"loc":{"start":{"line":861,"column":43},"end":{"line":861,"column":null}}},"86":{"name":"(anonymous_88)","decl":{"start":{"line":888,"column":34},"end":{"line":888,"column":35}},"loc":{"start":{"line":888,"column":41},"end":{"line":888,"column":null}}},"87":{"name":"(anonymous_89)","decl":{"start":{"line":890,"column":36},"end":{"line":890,"column":37}},"loc":{"start":{"line":890,"column":43},"end":{"line":890,"column":null}}},"88":{"name":"(anonymous_90)","decl":{"start":{"line":897,"column":34},"end":{"line":897,"column":35}},"loc":{"start":{"line":897,"column":41},"end":{"line":897,"column":null}}},"89":{"name":"(anonymous_91)","decl":{"start":{"line":899,"column":36},"end":{"line":899,"column":37}},"loc":{"start":{"line":899,"column":43},"end":{"line":899,"column":null}}},"90":{"name":"(anonymous_92)","decl":{"start":{"line":904,"column":83},"end":{"line":904,"column":84}},"loc":{"start":{"line":904,"column":94},"end":{"line":904,"column":null}}},"91":{"name":"(anonymous_93)","decl":{"start":{"line":937,"column":40},"end":{"line":937,"column":41}},"loc":{"start":{"line":937,"column":61},"end":{"line":941,"column":null}}},"92":{"name":"(anonymous_94)","decl":{"start":{"line":990,"column":25},"end":{"line":990,"column":26}},"loc":{"start":{"line":991,"column":14},"end":{"line":992,"column":null}}},"93":{"name":"(anonymous_95)","decl":{"start":{"line":997,"column":29},"end":{"line":997,"column":30}},"loc":{"start":{"line":997,"column":36},"end":{"line":997,"column":null}}},"94":{"name":"(anonymous_96)","decl":{"start":{"line":998,"column":28},"end":{"line":998,"column":29}},"loc":{"start":{"line":998,"column":35},"end":{"line":998,"column":null}}},"95":{"name":"(anonymous_97)","decl":{"start":{"line":1000,"column":24},"end":{"line":1000,"column":25}},"loc":{"start":{"line":1000,"column":31},"end":{"line":1000,"column":null}}},"96":{"name":"(anonymous_98)","decl":{"start":{"line":1011,"column":60},"end":{"line":1011,"column":66}},"loc":{"start":{"line":1011,"column":66},"end":{"line":1011,"column":91}}},"97":{"name":"(anonymous_99)","decl":{"start":{"line":1017,"column":30},"end":{"line":1017,"column":36}},"loc":{"start":{"line":1017,"column":36},"end":{"line":1017,"column":null}}},"98":{"name":"(anonymous_100)","decl":{"start":{"line":1018,"column":34},"end":{"line":1018,"column":35}},"loc":{"start":{"line":1018,"column":54},"end":{"line":1018,"column":null}}},"99":{"name":"(anonymous_101)","decl":{"start":{"line":1025,"column":30},"end":{"line":1025,"column":36}},"loc":{"start":{"line":1025,"column":36},"end":{"line":1025,"column":null}}},"100":{"name":"(anonymous_102)","decl":{"start":{"line":1032,"column":30},"end":{"line":1032,"column":36}},"loc":{"start":{"line":1032,"column":36},"end":{"line":1032,"column":null}}},"101":{"name":"(anonymous_103)","decl":{"start":{"line":1033,"column":37},"end":{"line":1033,"column":38}},"loc":{"start":{"line":1033,"column":50},"end":{"line":1033,"column":null}}},"102":{"name":"(anonymous_104)","decl":{"start":{"line":1039,"column":30},"end":{"line":1039,"column":36}},"loc":{"start":{"line":1039,"column":36},"end":{"line":1039,"column":null}}},"103":{"name":"(anonymous_105)","decl":{"start":{"line":1045,"column":30},"end":{"line":1045,"column":36}},"loc":{"start":{"line":1045,"column":36},"end":{"line":1045,"column":null}}},"104":{"name":"(anonymous_106)","decl":{"start":{"line":1051,"column":30},"end":{"line":1051,"column":36}},"loc":{"start":{"line":1051,"column":36},"end":{"line":1051,"column":null}}},"105":{"name":"(anonymous_107)","decl":{"start":{"line":1052,"column":38},"end":{"line":1052,"column":39}},"loc":{"start":{"line":1052,"column":59},"end":{"line":1057,"column":null}}},"106":{"name":"(anonymous_108)","decl":{"start":{"line":1054,"column":33},"end":{"line":1054,"column":34}},"loc":{"start":{"line":1054,"column":43},"end":{"line":1055,"column":null}}},"107":{"name":"(anonymous_109)","decl":{"start":{"line":1054,"column":52},"end":{"line":1054,"column":53}},"loc":{"start":{"line":1055,"column":24},"end":{"line":1055,"column":null}}},"108":{"name":"(anonymous_110)","decl":{"start":{"line":1063,"column":30},"end":{"line":1063,"column":36}},"loc":{"start":{"line":1063,"column":36},"end":{"line":1063,"column":null}}},"109":{"name":"(anonymous_111)","decl":{"start":{"line":1064,"column":37},"end":{"line":1064,"column":38}},"loc":{"start":{"line":1064,"column":50},"end":{"line":1064,"column":null}}},"110":{"name":"(anonymous_112)","decl":{"start":{"line":1068,"column":58},"end":{"line":1068,"column":64}},"loc":{"start":{"line":1068,"column":64},"end":{"line":1068,"column":89}}},"111":{"name":"Page","decl":{"start":{"line":1079,"column":24},"end":{"line":1079,"column":null}},"loc":{"start":{"line":1079,"column":24},"end":{"line":1085,"column":null}}}},"branchMap":{"0":{"loc":{"start":{"line":106,"column":4},"end":{"line":122,"column":null}},"type":"if","locations":[{"start":{"line":106,"column":4},"end":{"line":122,"column":null}},{"start":{"line":112,"column":11},"end":{"line":122,"column":null}}]},"1":{"loc":{"start":{"line":115,"column":6},"end":{"line":121,"column":null}},"type":"if","locations":[{"start":{"line":115,"column":6},"end":{"line":121,"column":null}},{"start":{},"end":{}}]},"2":{"loc":{"start":{"line":156,"column":6},"end":{"line":159,"column":null}},"type":"if","locations":[{"start":{"line":156,"column":6},"end":{"line":159,"column":null}},{"start":{},"end":{}}]},"3":{"loc":{"start":{"line":165,"column":4},"end":{"line":168,"column":null}},"type":"if","locations":[{"start":{"line":165,"column":4},"end":{"line":168,"column":null}},{"start":{},"end":{}}]},"4":{"loc":{"start":{"line":172,"column":27},"end":{"line":172,"column":53}},"type":"binary-expr","locations":[{"start":{"line":172,"column":27},"end":{"line":172,"column":40}},{"start":{"line":172,"column":40},"end":{"line":172,"column":53}}]},"5":{"loc":{"start":{"line":176,"column":4},"end":{"line":272,"column":null}},"type":"if","locations":[{"start":{"line":176,"column":4},"end":{"line":272,"column":null}},{"start":{"line":180,"column":11},"end":{"line":272,"column":null}}]},"6":{"loc":{"start":{"line":179,"column":14},"end":{"line":179,"column":null}},"type":"binary-expr","locations":[{"start":{"line":179,"column":14},"end":{"line":179,"column":23}},{"start":{"line":179,"column":23},"end":{"line":179,"column":null}}]},"7":{"loc":{"start":{"line":180,"column":11},"end":{"line":272,"column":null}},"type":"if","locations":[{"start":{"line":180,"column":11},"end":{"line":272,"column":null}},{"start":{"line":184,"column":11},"end":{"line":272,"column":null}}]},"8":{"loc":{"start":{"line":183,"column":14},"end":{"line":183,"column":null}},"type":"binary-expr","locations":[{"start":{"line":183,"column":14},"end":{"line":183,"column":23}},{"start":{"line":183,"column":23},"end":{"line":183,"column":null}}]},"9":{"loc":{"start":{"line":184,"column":11},"end":{"line":272,"column":null}},"type":"if","locations":[{"start":{"line":184,"column":11},"end":{"line":272,"column":null}},{"start":{"line":188,"column":11},"end":{"line":272,"column":null}}]},"10":{"loc":{"start":{"line":187,"column":14},"end":{"line":187,"column":null}},"type":"binary-expr","locations":[{"start":{"line":187,"column":14},"end":{"line":187,"column":23}},{"start":{"line":187,"column":23},"end":{"line":187,"column":null}}]},"11":{"loc":{"start":{"line":188,"column":11},"end":{"line":272,"column":null}},"type":"if","locations":[{"start":{"line":188,"column":11},"end":{"line":272,"column":null}},{"start":{"line":192,"column":11},"end":{"line":272,"column":null}}]},"12":{"loc":{"start":{"line":191,"column":14},"end":{"line":191,"column":null}},"type":"binary-expr","locations":[{"start":{"line":191,"column":14},"end":{"line":191,"column":23}},{"start":{"line":191,"column":23},"end":{"line":191,"column":null}}]},"13":{"loc":{"start":{"line":192,"column":11},"end":{"line":272,"column":null}},"type":"if","locations":[{"start":{"line":192,"column":11},"end":{"line":272,"column":null}},{"start":{"line":196,"column":11},"end":{"line":272,"column":null}}]},"14":{"loc":{"start":{"line":195,"column":14},"end":{"line":195,"column":null}},"type":"binary-expr","locations":[{"start":{"line":195,"column":14},"end":{"line":195,"column":23}},{"start":{"line":195,"column":23},"end":{"line":195,"column":null}}]},"15":{"loc":{"start":{"line":196,"column":11},"end":{"line":272,"column":null}},"type":"if","locations":[{"start":{"line":196,"column":11},"end":{"line":272,"column":null}},{"start":{"line":200,"column":11},"end":{"line":272,"column":null}}]},"16":{"loc":{"start":{"line":199,"column":14},"end":{"line":199,"column":null}},"type":"binary-expr","locations":[{"start":{"line":199,"column":14},"end":{"line":199,"column":23}},{"start":{"line":199,"column":23},"end":{"line":199,"column":null}}]},"17":{"loc":{"start":{"line":200,"column":11},"end":{"line":272,"column":null}},"type":"if","locations":[{"start":{"line":200,"column":11},"end":{"line":272,"column":null}},{"start":{"line":269,"column":11},"end":{"line":272,"column":null}}]},"18":{"loc":{"start":{"line":202,"column":6},"end":{"line":268,"column":null}},"type":"if","locations":[{"start":{"line":202,"column":6},"end":{"line":268,"column":null}},{"start":{"line":226,"column":13},"end":{"line":268,"column":null}}]},"19":{"loc":{"start":{"line":202,"column":10},"end":{"line":202,"column":122}},"type":"binary-expr","locations":[{"start":{"line":202,"column":10},"end":{"line":202,"column":39}},{"start":{"line":202,"column":39},"end":{"line":202,"column":69}},{"start":{"line":202,"column":69},"end":{"line":202,"column":122}}]},"20":{"loc":{"start":{"line":207,"column":8},"end":{"line":222,"column":null}},"type":"if","locations":[{"start":{"line":207,"column":8},"end":{"line":222,"column":null}},{"start":{"line":215,"column":15},"end":{"line":222,"column":null}}]},"21":{"loc":{"start":{"line":207,"column":12},"end":{"line":207,"column":71}},"type":"binary-expr","locations":[{"start":{"line":207,"column":12},"end":{"line":207,"column":42}},{"start":{"line":207,"column":42},"end":{"line":207,"column":71}}]},"22":{"loc":{"start":{"line":209,"column":10},"end":{"line":214,"column":null}},"type":"if","locations":[{"start":{"line":209,"column":10},"end":{"line":214,"column":null}},{"start":{"line":211,"column":17},"end":{"line":214,"column":null}}]},"23":{"loc":{"start":{"line":218,"column":10},"end":{"line":221,"column":null}},"type":"if","locations":[{"start":{"line":218,"column":10},"end":{"line":221,"column":null}},{"start":{},"end":{}}]},"24":{"loc":{"start":{"line":225,"column":16},"end":{"line":225,"column":51}},"type":"binary-expr","locations":[{"start":{"line":225,"column":16},"end":{"line":225,"column":25}},{"start":{"line":225,"column":25},"end":{"line":225,"column":51}}]},"25":{"loc":{"start":{"line":226,"column":13},"end":{"line":268,"column":null}},"type":"if","locations":[{"start":{"line":226,"column":13},"end":{"line":268,"column":null}},{"start":{"line":235,"column":13},"end":{"line":268,"column":null}}]},"26":{"loc":{"start":{"line":226,"column":17},"end":{"line":226,"column":96}},"type":"binary-expr","locations":[{"start":{"line":226,"column":17},"end":{"line":226,"column":47}},{"start":{"line":226,"column":47},"end":{"line":226,"column":68}},{"start":{"line":226,"column":68},"end":{"line":226,"column":96}}]},"27":{"loc":{"start":{"line":229,"column":8},"end":{"line":232,"column":null}},"type":"if","locations":[{"start":{"line":229,"column":8},"end":{"line":232,"column":null}},{"start":{},"end":{}}]},"28":{"loc":{"start":{"line":234,"column":16},"end":{"line":234,"column":null}},"type":"binary-expr","locations":[{"start":{"line":234,"column":16},"end":{"line":234,"column":25}},{"start":{"line":234,"column":25},"end":{"line":234,"column":null}}]},"29":{"loc":{"start":{"line":235,"column":13},"end":{"line":268,"column":null}},"type":"if","locations":[{"start":{"line":235,"column":13},"end":{"line":268,"column":null}},{"start":{"line":245,"column":13},"end":{"line":268,"column":null}}]},"30":{"loc":{"start":{"line":235,"column":17},"end":{"line":235,"column":110}},"type":"binary-expr","locations":[{"start":{"line":235,"column":17},"end":{"line":235,"column":48}},{"start":{"line":235,"column":48},"end":{"line":235,"column":76}},{"start":{"line":235,"column":76},"end":{"line":235,"column":110}}]},"31":{"loc":{"start":{"line":237,"column":8},"end":{"line":243,"column":null}},"type":"if","locations":[{"start":{"line":237,"column":8},"end":{"line":243,"column":null}},{"start":{},"end":{}}]},"32":{"loc":{"start":{"line":237,"column":12},"end":{"line":237,"column":71}},"type":"binary-expr","locations":[{"start":{"line":237,"column":12},"end":{"line":237,"column":44}},{"start":{"line":237,"column":44},"end":{"line":237,"column":71}}]},"33":{"loc":{"start":{"line":238,"column":10},"end":{"line":241,"column":null}},"type":"if","locations":[{"start":{"line":238,"column":10},"end":{"line":241,"column":null}},{"start":{},"end":{}}]},"34":{"loc":{"start":{"line":244,"column":16},"end":{"line":244,"column":null}},"type":"binary-expr","locations":[{"start":{"line":244,"column":16},"end":{"line":244,"column":25}},{"start":{"line":244,"column":25},"end":{"line":244,"column":null}}]},"35":{"loc":{"start":{"line":245,"column":13},"end":{"line":268,"column":null}},"type":"if","locations":[{"start":{"line":245,"column":13},"end":{"line":268,"column":null}},{"start":{"line":258,"column":13},"end":{"line":268,"column":null}}]},"36":{"loc":{"start":{"line":245,"column":17},"end":{"line":245,"column":137}},"type":"binary-expr","locations":[{"start":{"line":245,"column":17},"end":{"line":245,"column":42}},{"start":{"line":245,"column":42},"end":{"line":245,"column":66}},{"start":{"line":245,"column":66},"end":{"line":245,"column":89}},{"start":{"line":245,"column":89},"end":{"line":245,"column":113}},{"start":{"line":245,"column":113},"end":{"line":245,"column":137}}]},"37":{"loc":{"start":{"line":248,"column":8},"end":{"line":256,"column":null}},"type":"if","locations":[{"start":{"line":248,"column":8},"end":{"line":256,"column":null}},{"start":{"line":250,"column":15},"end":{"line":256,"column":null}}]},"38":{"loc":{"start":{"line":248,"column":12},"end":{"line":248,"column":58}},"type":"binary-expr","locations":[{"start":{"line":248,"column":12},"end":{"line":248,"column":37}},{"start":{"line":248,"column":37},"end":{"line":248,"column":58}}]},"39":{"loc":{"start":{"line":250,"column":15},"end":{"line":256,"column":null}},"type":"if","locations":[{"start":{"line":250,"column":15},"end":{"line":256,"column":null}},{"start":{"line":252,"column":15},"end":{"line":256,"column":null}}]},"40":{"loc":{"start":{"line":250,"column":19},"end":{"line":250,"column":65}},"type":"binary-expr","locations":[{"start":{"line":250,"column":19},"end":{"line":250,"column":43}},{"start":{"line":250,"column":43},"end":{"line":250,"column":65}}]},"41":{"loc":{"start":{"line":252,"column":15},"end":{"line":256,"column":null}},"type":"if","locations":[{"start":{"line":252,"column":15},"end":{"line":256,"column":null}},{"start":{"line":254,"column":15},"end":{"line":256,"column":null}}]},"42":{"loc":{"start":{"line":257,"column":16},"end":{"line":257,"column":61}},"type":"binary-expr","locations":[{"start":{"line":257,"column":16},"end":{"line":257,"column":25}},{"start":{"line":257,"column":25},"end":{"line":257,"column":61}}]},"43":{"loc":{"start":{"line":258,"column":13},"end":{"line":268,"column":null}},"type":"if","locations":[{"start":{"line":258,"column":13},"end":{"line":268,"column":null}},{"start":{"line":261,"column":13},"end":{"line":268,"column":null}}]},"44":{"loc":{"start":{"line":258,"column":17},"end":{"line":258,"column":134}},"type":"binary-expr","locations":[{"start":{"line":258,"column":17},"end":{"line":258,"column":41}},{"start":{"line":258,"column":41},"end":{"line":258,"column":65}},{"start":{"line":258,"column":65},"end":{"line":258,"column":88}},{"start":{"line":258,"column":88},"end":{"line":258,"column":112}},{"start":{"line":258,"column":112},"end":{"line":258,"column":134}}]},"45":{"loc":{"start":{"line":260,"column":16},"end":{"line":260,"column":null}},"type":"binary-expr","locations":[{"start":{"line":260,"column":16},"end":{"line":260,"column":25}},{"start":{"line":260,"column":25},"end":{"line":260,"column":null}}]},"46":{"loc":{"start":{"line":261,"column":13},"end":{"line":268,"column":null}},"type":"if","locations":[{"start":{"line":261,"column":13},"end":{"line":268,"column":null}},{"start":{"line":264,"column":13},"end":{"line":268,"column":null}}]},"47":{"loc":{"start":{"line":261,"column":17},"end":{"line":261,"column":80}},"type":"binary-expr","locations":[{"start":{"line":261,"column":17},"end":{"line":261,"column":55}},{"start":{"line":261,"column":55},"end":{"line":261,"column":80}}]},"48":{"loc":{"start":{"line":263,"column":16},"end":{"line":263,"column":null}},"type":"binary-expr","locations":[{"start":{"line":263,"column":16},"end":{"line":263,"column":25}},{"start":{"line":263,"column":25},"end":{"line":263,"column":null}}]},"49":{"loc":{"start":{"line":267,"column":16},"end":{"line":267,"column":null}},"type":"binary-expr","locations":[{"start":{"line":267,"column":16},"end":{"line":267,"column":25}},{"start":{"line":267,"column":25},"end":{"line":267,"column":null}}]},"50":{"loc":{"start":{"line":269,"column":11},"end":{"line":272,"column":null}},"type":"if","locations":[{"start":{"line":269,"column":11},"end":{"line":272,"column":null}},{"start":{},"end":{}}]},"51":{"loc":{"start":{"line":279,"column":23},"end":{"line":279,"column":null}},"type":"cond-expr","locations":[{"start":{"line":279,"column":47},"end":{"line":279,"column":55}},{"start":{"line":279,"column":55},"end":{"line":279,"column":null}}]},"52":{"loc":{"start":{"line":279,"column":55},"end":{"line":279,"column":null}},"type":"cond-expr","locations":[{"start":{"line":279,"column":72},"end":{"line":279,"column":88}},{"start":{"line":279,"column":88},"end":{"line":279,"column":null}}]},"53":{"loc":{"start":{"line":280,"column":12},"end":{"line":280,"column":null}},"type":"cond-expr","locations":[{"start":{"line":280,"column":35},"end":{"line":280,"column":47}},{"start":{"line":280,"column":47},"end":{"line":280,"column":null}}]},"54":{"loc":{"start":{"line":281,"column":16},"end":{"line":281,"column":null}},"type":"cond-expr","locations":[{"start":{"line":281,"column":39},"end":{"line":281,"column":57}},{"start":{"line":281,"column":57},"end":{"line":281,"column":null}}]},"55":{"loc":{"start":{"line":282,"column":15},"end":{"line":282,"column":null}},"type":"cond-expr","locations":[{"start":{"line":282,"column":34},"end":{"line":282,"column":39}},{"start":{"line":282,"column":39},"end":{"line":282,"column":null}}]},"56":{"loc":{"start":{"line":283,"column":18},"end":{"line":283,"column":null}},"type":"cond-expr","locations":[{"start":{"line":283,"column":38},"end":{"line":283,"column":51}},{"start":{"line":283,"column":51},"end":{"line":283,"column":null}}]},"57":{"loc":{"start":{"line":284,"column":15},"end":{"line":284,"column":null}},"type":"cond-expr","locations":[{"start":{"line":284,"column":32},"end":{"line":284,"column":38}},{"start":{"line":284,"column":38},"end":{"line":284,"column":null}}]},"58":{"loc":{"start":{"line":285,"column":16},"end":{"line":285,"column":null}},"type":"cond-expr","locations":[{"start":{"line":285,"column":33},"end":{"line":285,"column":38}},{"start":{"line":285,"column":38},"end":{"line":285,"column":null}}]},"59":{"loc":{"start":{"line":286,"column":21},"end":{"line":286,"column":null}},"type":"cond-expr","locations":[{"start":{"line":286,"column":41},"end":{"line":286,"column":64}},{"start":{"line":286,"column":64},"end":{"line":286,"column":null}}]},"60":{"loc":{"start":{"line":295,"column":4},"end":{"line":298,"column":null}},"type":"if","locations":[{"start":{"line":295,"column":4},"end":{"line":298,"column":null}},{"start":{},"end":{}}]},"61":{"loc":{"start":{"line":300,"column":4},"end":{"line":303,"column":null}},"type":"if","locations":[{"start":{"line":300,"column":4},"end":{"line":303,"column":null}},{"start":{},"end":{}}]},"62":{"loc":{"start":{"line":306,"column":4},"end":{"line":308,"column":null}},"type":"if","locations":[{"start":{"line":306,"column":4},"end":{"line":308,"column":null}},{"start":{},"end":{}}]},"63":{"loc":{"start":{"line":306,"column":8},"end":{"line":306,"column":67}},"type":"binary-expr","locations":[{"start":{"line":306,"column":8},"end":{"line":306,"column":38}},{"start":{"line":306,"column":38},"end":{"line":306,"column":67}}]},"64":{"loc":{"start":{"line":314,"column":13},"end":{"line":314,"column":57}},"type":"binary-expr","locations":[{"start":{"line":314,"column":13},"end":{"line":314,"column":36}},{"start":{"line":314,"column":36},"end":{"line":314,"column":57}}]},"65":{"loc":{"start":{"line":324,"column":4},"end":{"line":327,"column":null}},"type":"if","locations":[{"start":{"line":324,"column":4},"end":{"line":327,"column":null}},{"start":{},"end":{}}]},"66":{"loc":{"start":{"line":333,"column":13},"end":{"line":333,"column":null}},"type":"binary-expr","locations":[{"start":{"line":333,"column":13},"end":{"line":333,"column":34}},{"start":{"line":333,"column":34},"end":{"line":333,"column":null}}]},"67":{"loc":{"start":{"line":343,"column":4},"end":{"line":346,"column":null}},"type":"if","locations":[{"start":{"line":343,"column":4},"end":{"line":346,"column":null}},{"start":{},"end":{}}]},"68":{"loc":{"start":{"line":348,"column":4},"end":{"line":351,"column":null}},"type":"if","locations":[{"start":{"line":348,"column":4},"end":{"line":351,"column":null}},{"start":{},"end":{}}]},"69":{"loc":{"start":{"line":353,"column":30},"end":{"line":353,"column":95}},"type":"cond-expr","locations":[{"start":{"line":353,"column":57},"end":{"line":353,"column":64}},{"start":{"line":353,"column":64},"end":{"line":353,"column":95}}]},"70":{"loc":{"start":{"line":359,"column":13},"end":{"line":359,"column":null}},"type":"binary-expr","locations":[{"start":{"line":359,"column":13},"end":{"line":359,"column":32}},{"start":{"line":359,"column":32},"end":{"line":359,"column":null}}]},"71":{"loc":{"start":{"line":373,"column":4},"end":{"line":376,"column":null}},"type":"if","locations":[{"start":{"line":373,"column":4},"end":{"line":376,"column":null}},{"start":{},"end":{}}]},"72":{"loc":{"start":{"line":378,"column":4},"end":{"line":381,"column":null}},"type":"if","locations":[{"start":{"line":378,"column":4},"end":{"line":381,"column":null}},{"start":{},"end":{}}]},"73":{"loc":{"start":{"line":378,"column":8},"end":{"line":378,"column":83}},"type":"binary-expr","locations":[{"start":{"line":378,"column":8},"end":{"line":378,"column":28}},{"start":{"line":378,"column":28},"end":{"line":378,"column":56}},{"start":{"line":378,"column":56},"end":{"line":378,"column":83}}]},"74":{"loc":{"start":{"line":400,"column":35},"end":{"line":400,"column":null}},"type":"cond-expr","locations":[{"start":{"line":400,"column":49},"end":{"line":400,"column":99}},{"start":{"line":400,"column":99},"end":{"line":400,"column":null}}]},"75":{"loc":{"start":{"line":404,"column":35},"end":{"line":404,"column":null}},"type":"cond-expr","locations":[{"start":{"line":404,"column":49},"end":{"line":404,"column":69}},{"start":{"line":404,"column":69},"end":{"line":404,"column":null}}]},"76":{"loc":{"start":{"line":409,"column":6},"end":{"line":411,"column":null}},"type":"cond-expr","locations":[{"start":{"line":410,"column":10},"end":{"line":410,"column":null}},{"start":{"line":411,"column":10},"end":{"line":411,"column":null}}]},"77":{"loc":{"start":{"line":421,"column":6},"end":{"line":423,"column":null}},"type":"cond-expr","locations":[{"start":{"line":422,"column":10},"end":{"line":422,"column":null}},{"start":{"line":423,"column":10},"end":{"line":423,"column":null}}]},"78":{"loc":{"start":{"line":447,"column":4},"end":{"line":451,"column":null}},"type":"if","locations":[{"start":{"line":447,"column":4},"end":{"line":451,"column":null}},{"start":{},"end":{}}]},"79":{"loc":{"start":{"line":447,"column":8},"end":{"line":447,"column":61}},"type":"binary-expr","locations":[{"start":{"line":447,"column":8},"end":{"line":447,"column":33}},{"start":{"line":447,"column":33},"end":{"line":447,"column":61}}]},"80":{"loc":{"start":{"line":460,"column":24},"end":{"line":460,"column":null}},"type":"cond-expr","locations":[{"start":{"line":460,"column":51},"end":{"line":460,"column":67}},{"start":{"line":460,"column":67},"end":{"line":460,"column":null}}]},"81":{"loc":{"start":{"line":474,"column":4},"end":{"line":480,"column":null}},"type":"if","locations":[{"start":{"line":474,"column":4},"end":{"line":480,"column":null}},{"start":{},"end":{}}]},"82":{"loc":{"start":{"line":493,"column":8},"end":{"line":502,"column":null}},"type":"if","locations":[{"start":{"line":493,"column":8},"end":{"line":502,"column":null}},{"start":{},"end":{}}]},"83":{"loc":{"start":{"line":496,"column":12},"end":{"line":498,"column":26}},"type":"cond-expr","locations":[{"start":{"line":497,"column":16},"end":{"line":497,"column":85}},{"start":{"line":498,"column":16},"end":{"line":498,"column":26}}]},"84":{"loc":{"start":{"line":497,"column":32},"end":{"line":497,"column":69}},"type":"cond-expr","locations":[{"start":{"line":497,"column":59},"end":{"line":497,"column":65}},{"start":{"line":497,"column":65},"end":{"line":497,"column":69}}]},"85":{"loc":{"start":{"line":522,"column":6},"end":{"line":529,"column":null}},"type":"if","locations":[{"start":{"line":522,"column":6},"end":{"line":529,"column":null}},{"start":{},"end":{}}]},"86":{"loc":{"start":{"line":522,"column":10},"end":{"line":522,"column":67}},"type":"binary-expr","locations":[{"start":{"line":522,"column":10},"end":{"line":522,"column":28}},{"start":{"line":522,"column":32},"end":{"line":522,"column":67}}]},"87":{"loc":{"start":{"line":547,"column":4},"end":{"line":550,"column":null}},"type":"if","locations":[{"start":{"line":547,"column":4},"end":{"line":550,"column":null}},{"start":{},"end":{}}]},"88":{"loc":{"start":{"line":554,"column":4},"end":{"line":556,"column":null}},"type":"if","locations":[{"start":{"line":554,"column":4},"end":{"line":556,"column":null}},{"start":{},"end":{}}]},"89":{"loc":{"start":{"line":559,"column":4},"end":{"line":564,"column":null}},"type":"if","locations":[{"start":{"line":559,"column":4},"end":{"line":564,"column":null}},{"start":{"line":562,"column":11},"end":{"line":564,"column":null}}]},"90":{"loc":{"start":{"line":575,"column":4},"end":{"line":575,"column":null}},"type":"if","locations":[{"start":{"line":575,"column":4},"end":{"line":575,"column":null}},{"start":{},"end":{}}]},"91":{"loc":{"start":{"line":576,"column":4},"end":{"line":576,"column":null}},"type":"if","locations":[{"start":{"line":576,"column":4},"end":{"line":576,"column":null}},{"start":{},"end":{}}]},"92":{"loc":{"start":{"line":577,"column":4},"end":{"line":577,"column":null}},"type":"if","locations":[{"start":{"line":577,"column":4},"end":{"line":577,"column":null}},{"start":{},"end":{}}]},"93":{"loc":{"start":{"line":578,"column":4},"end":{"line":578,"column":null}},"type":"if","locations":[{"start":{"line":578,"column":4},"end":{"line":578,"column":null}},{"start":{},"end":{}}]},"94":{"loc":{"start":{"line":579,"column":4},"end":{"line":579,"column":null}},"type":"if","locations":[{"start":{"line":579,"column":4},"end":{"line":579,"column":null}},{"start":{},"end":{}}]},"95":{"loc":{"start":{"line":591,"column":8},"end":{"line":591,"column":null}},"type":"cond-expr","locations":[{"start":{"line":591,"column":27},"end":{"line":591,"column":54}},{"start":{"line":591,"column":54},"end":{"line":591,"column":null}}]},"96":{"loc":{"start":{"line":597,"column":10},"end":{"line":597,"column":null}},"type":"cond-expr","locations":[{"start":{"line":597,"column":29},"end":{"line":597,"column":61}},{"start":{"line":597,"column":61},"end":{"line":597,"column":null}}]},"97":{"loc":{"start":{"line":634,"column":36},"end":{"line":634,"column":67}},"type":"cond-expr","locations":[{"start":{"line":634,"column":36},"end":{"line":634,"column":67}}]},"98":{"loc":{"start":{"line":645,"column":33},"end":{"line":645,"column":null}},"type":"binary-expr","locations":[{"start":{"line":645,"column":33},"end":{"line":645,"column":54}},{"start":{"line":645,"column":54},"end":{"line":645,"column":null}}]},"99":{"loc":{"start":{"line":646,"column":35},"end":{"line":646,"column":90}},"type":"cond-expr","locations":[{"start":{"line":646,"column":54},"end":{"line":646,"column":86}},{"start":{"line":646,"column":86},"end":{"line":646,"column":90}}]},"100":{"loc":{"start":{"line":653,"column":33},"end":{"line":653,"column":null}},"type":"binary-expr","locations":[{"start":{"line":653,"column":33},"end":{"line":653,"column":54}},{"start":{"line":653,"column":54},"end":{"line":653,"column":null}}]},"101":{"loc":{"start":{"line":654,"column":42},"end":{"line":654,"column":97}},"type":"cond-expr","locations":[{"start":{"line":654,"column":61},"end":{"line":654,"column":93}},{"start":{"line":654,"column":93},"end":{"line":654,"column":97}}]},"102":{"loc":{"start":{"line":666,"column":25},"end":{"line":666,"column":null}},"type":"cond-expr","locations":[{"start":{"line":666,"column":44},"end":{"line":666,"column":105}},{"start":{"line":666,"column":105},"end":{"line":666,"column":null}}]},"103":{"loc":{"start":{"line":676,"column":15},"end":{"line":677,"column":80}},"type":"binary-expr","locations":[{"start":{"line":676,"column":15},"end":{"line":676,"column":null}},{"start":{"line":677,"column":16},"end":{"line":677,"column":80}}]},"104":{"loc":{"start":{"line":678,"column":15},"end":{"line":679,"column":82}},"type":"binary-expr","locations":[{"start":{"line":678,"column":15},"end":{"line":678,"column":null}},{"start":{"line":679,"column":16},"end":{"line":679,"column":82}}]},"105":{"loc":{"start":{"line":680,"column":15},"end":{"line":681,"column":81}},"type":"binary-expr","locations":[{"start":{"line":680,"column":15},"end":{"line":680,"column":null}},{"start":{"line":681,"column":16},"end":{"line":681,"column":81}}]},"106":{"loc":{"start":{"line":682,"column":15},"end":{"line":683,"column":85}},"type":"binary-expr","locations":[{"start":{"line":682,"column":15},"end":{"line":682,"column":null}},{"start":{"line":683,"column":16},"end":{"line":683,"column":85}}]},"107":{"loc":{"start":{"line":684,"column":15},"end":{"line":685,"column":75}},"type":"binary-expr","locations":[{"start":{"line":684,"column":15},"end":{"line":684,"column":null}},{"start":{"line":685,"column":16},"end":{"line":685,"column":75}}]},"108":{"loc":{"start":{"line":686,"column":15},"end":{"line":687,"column":83}},"type":"binary-expr","locations":[{"start":{"line":686,"column":15},"end":{"line":686,"column":null}},{"start":{"line":687,"column":16},"end":{"line":687,"column":83}}]},"109":{"loc":{"start":{"line":688,"column":15},"end":{"line":689,"column":83}},"type":"binary-expr","locations":[{"start":{"line":688,"column":15},"end":{"line":688,"column":null}},{"start":{"line":689,"column":16},"end":{"line":689,"column":83}}]},"110":{"loc":{"start":{"line":690,"column":15},"end":{"line":691,"column":78}},"type":"binary-expr","locations":[{"start":{"line":690,"column":15},"end":{"line":690,"column":null}},{"start":{"line":691,"column":16},"end":{"line":691,"column":78}}]},"111":{"loc":{"start":{"line":692,"column":15},"end":{"line":693,"column":74}},"type":"binary-expr","locations":[{"start":{"line":692,"column":15},"end":{"line":692,"column":null}},{"start":{"line":693,"column":16},"end":{"line":693,"column":74}}]},"112":{"loc":{"start":{"line":694,"column":15},"end":{"line":695,"column":82}},"type":"binary-expr","locations":[{"start":{"line":694,"column":15},"end":{"line":694,"column":null}},{"start":{"line":695,"column":16},"end":{"line":695,"column":82}}]},"113":{"loc":{"start":{"line":696,"column":15},"end":{"line":697,"column":78}},"type":"binary-expr","locations":[{"start":{"line":696,"column":15},"end":{"line":696,"column":null}},{"start":{"line":697,"column":16},"end":{"line":697,"column":78}}]},"114":{"loc":{"start":{"line":823,"column":43},"end":{"line":823,"column":null}},"type":"binary-expr","locations":[{"start":{"line":823,"column":43},"end":{"line":823,"column":64}},{"start":{"line":823,"column":64},"end":{"line":823,"column":null}}]},"115":{"loc":{"start":{"line":832,"column":43},"end":{"line":832,"column":null}},"type":"binary-expr","locations":[{"start":{"line":832,"column":43},"end":{"line":832,"column":64}},{"start":{"line":832,"column":64},"end":{"line":832,"column":null}}]},"116":{"loc":{"start":{"line":861,"column":43},"end":{"line":861,"column":null}},"type":"binary-expr","locations":[{"start":{"line":861,"column":43},"end":{"line":861,"column":64}},{"start":{"line":861,"column":64},"end":{"line":861,"column":null}}]},"117":{"loc":{"start":{"line":890,"column":43},"end":{"line":890,"column":null}},"type":"binary-expr","locations":[{"start":{"line":890,"column":43},"end":{"line":890,"column":64}},{"start":{"line":890,"column":64},"end":{"line":890,"column":null}}]},"118":{"loc":{"start":{"line":899,"column":43},"end":{"line":899,"column":null}},"type":"binary-expr","locations":[{"start":{"line":899,"column":43},"end":{"line":899,"column":64}},{"start":{"line":899,"column":64},"end":{"line":899,"column":null}}]},"119":{"loc":{"start":{"line":963,"column":12},"end":{"line":963,"column":null}},"type":"cond-expr","locations":[{"start":{"line":963,"column":31},"end":{"line":963,"column":49}},{"start":{"line":963,"column":49},"end":{"line":963,"column":null}}]},"120":{"loc":{"start":{"line":975,"column":10},"end":{"line":989,"column":11}},"type":"cond-expr","locations":[{"start":{"line":975,"column":10},"end":{"line":989,"column":11}}]},"121":{"loc":{"start":{"line":993,"column":57},"end":{"line":993,"column":100}},"type":"cond-expr","locations":[{"start":{"line":993,"column":82},"end":{"line":993,"column":97}},{"start":{"line":993,"column":97},"end":{"line":993,"column":100}}]},"122":{"loc":{"start":{"line":994,"column":18},"end":{"line":994,"column":null}},"type":"cond-expr","locations":[{"start":{"line":994,"column":44},"end":{"line":994,"column":83}},{"start":{"line":994,"column":83},"end":{"line":994,"column":null}}]},"123":{"loc":{"start":{"line":1011,"column":18},"end":{"line":1012,"column":27}},"type":"cond-expr","locations":[{"start":{"line":1011,"column":18},"end":{"line":1012,"column":27}}]},"124":{"loc":{"start":{"line":1013,"column":18},"end":{"line":1021,"column":27}},"type":"cond-expr","locations":[{"start":{"line":1013,"column":18},"end":{"line":1021,"column":27}}]},"125":{"loc":{"start":{"line":1015,"column":26},"end":{"line":1015,"column":null}},"type":"binary-expr","locations":[{"start":{"line":1015,"column":26},"end":{"line":1015,"column":37}},{"start":{"line":1015,"column":41},"end":{"line":1015,"column":null}}]},"126":{"loc":{"start":{"line":1016,"column":30},"end":{"line":1016,"column":null}},"type":"binary-expr","locations":[{"start":{"line":1016,"column":30},"end":{"line":1016,"column":45}},{"start":{"line":1016,"column":49},"end":{"line":1016,"column":null}}]},"127":{"loc":{"start":{"line":1022,"column":18},"end":{"line":1028,"column":27}},"type":"cond-expr","locations":[{"start":{"line":1022,"column":18},"end":{"line":1028,"column":27}}]},"128":{"loc":{"start":{"line":1029,"column":18},"end":{"line":1036,"column":27}},"type":"cond-expr","locations":[{"start":{"line":1029,"column":18},"end":{"line":1036,"column":27}}]},"129":{"loc":{
[...]
rt":{"line":137,"column":2},"end":{"line":137,"column":null}},"37":{"start":{"line":138,"column":2},"end":{"line":140,"column":null}},"38":{"start":{"line":139,"column":4},"end":{"line":139,"column":null}},"39":{"start":{"line":146,"column":13},"end":{"line":146,"column":null}},"40":{"start":{"line":148,"column":17},"end":{"line":152,"column":null}},"41":{"start":{"line":149,"column":4},"end":{"line":152,"column":null}},"42":{"start":{"line":153,"column":18},"end":{"line":153,"column":null}},"43":{"start":{"line":153,"column":24},"end":{"line":153,"column":null}},"44":{"start":{"line":155,"column":2},"end":{"line":165,"column":null}},"45":{"start":{"line":162,"column":8},"end":{"line":162,"column":null}},"46":{"start":{"line":162,"column":19},"end":{"line":162,"column":null}},"47":{"start":{"line":167,"column":2},"end":{"line":171,"column":null}},"48":{"start":{"line":175,"column":28},"end":{"line":175,"column":null}},"49":{"start":{"line":177,"column":2},"end":{"line":185,"column":null}},"50":{"start":{"line":178,"column":4},"end":{"line":178,"column":null}},"51":{"start":{"line":179,"column":4},"end":{"line":184,"column":null}},"52":{"start":{"line":180,"column":20},"end":{"line":180,"column":null}},"53":{"start":{"line":181,"column":6},"end":{"line":183,"column":null}},"54":{"start":{"line":182,"column":8},"end":{"line":182,"column":null}},"55":{"start":{"line":187,"column":2},"end":{"line":191,"column":null}},"56":{"start":{"line":190,"column":35},"end":{"line":190,"column":null}}},"fnMap":{"0":{"name":"genId","decl":{"start":{"line":30,"column":9},"end":{"line":30,"column":null}},"loc":{"start":{"line":30,"column":9},"end":{"line":33,"column":null}}},"1":{"name":"(anonymous_8)","decl":{"start":{"line":61,"column":25},"end":{"line":61,"column":26}},"loc":{"start":{"line":61,"column":26},"end":{"line":75,"column":null}}},"2":{"name":"(anonymous_9)","decl":{"start":{"line":66,"column":29},"end":{"line":66,"column":null}},"loc":{"start":{"line":66,"column":29},"end":{"line":72,"column":5}}},"3":{"name":"(anonymous_10)","decl":{"start":{"line":77,"column":23},"end":{"line":77,"column":24}},"loc":{"start":{"line":77,"column":38},"end":{"line":130,"column":null}}},"4":{"name":"(anonymous_11)","decl":{"start":{"line":88,"column":33},"end":{"line":88,"column":34}},"loc":{"start":{"line":89,"column":10},"end":{"line":89,"column":null}}},"5":{"name":"(anonymous_12)","decl":{"start":{"line":101,"column":29},"end":{"line":101,"column":30}},"loc":{"start":{"line":101,"column":30},"end":{"line":103,"column":null}}},"6":{"name":"(anonymous_13)","decl":{"start":{"line":108,"column":33},"end":{"line":108,"column":34}},"loc":{"start":{"line":109,"column":10},"end":{"line":114,"column":null}}},"7":{"name":"(anonymous_14)","decl":{"start":{"line":127,"column":36},"end":{"line":127,"column":37}},"loc":{"start":{"line":127,"column":43},"end":{"line":127,"column":66}}},"8":{"name":"dispatch","decl":{"start":{"line":136,"column":9},"end":{"line":136,"column":18}},"loc":{"start":{"line":136,"column":32},"end":{"line":141,"column":null}}},"9":{"name":"(anonymous_16)","decl":{"start":{"line":138,"column":20},"end":{"line":138,"column":21}},"loc":{"start":{"line":138,"column":21},"end":{"line":140,"column":null}}},"10":{"name":"toast","decl":{"start":{"line":145,"column":9},"end":{"line":145,"column":15}},"loc":{"start":{"line":145,"column":34},"end":{"line":172,"column":null}}},"11":{"name":"(anonymous_18)","decl":{"start":{"line":148,"column":17},"end":{"line":148,"column":18}},"loc":{"start":{"line":149,"column":4},"end":{"line":152,"column":null}}},"12":{"name":"(anonymous_19)","decl":{"start":{"line":153,"column":18},"end":{"line":153,"column":24}},"loc":{"start":{"line":153,"column":24},"end":{"line":153,"column":null}}},"13":{"name":"(anonymous_20)","decl":{"start":{"line":161,"column":20},"end":{"line":161,"column":21}},"loc":{"start":{"line":161,"column":21},"end":{"line":163,"column":null}}},"14":{"name":"useToast","decl":{"start":{"line":174,"column":9},"end":{"line":174,"column":null}},"loc":{"start":{"line":174,"column":9},"end":{"line":192,"column":null}}},"15":{"name":"(anonymous_22)","decl":{"start":{"line":177,"column":18},"end":{"line":177,"column":null}},"loc":{"start":{"line":177,"column":18},"end":{"line":185,"column":5}}},"16":{"name":"(anonymous_23)","decl":{"start":{"line":179,"column":11},"end":{"line":179,"column":null}},"loc":{"start":{"line":179,"column":11},"end":{"line":184,"column":null}}},"17":{"name":"(anonymous_24)","decl":{"start":{"line":190,"column":13},"end":{"line":190,"column":14}},"loc":{"start":{"line":190,"column":35},"end":{"line":190,"column":null}}}},"branchMap":{"0":{"loc":{"start":{"line":62,"column":2},"end":{"line":64,"column":null}},"type":"if","locations":[{"start":{"line":62,"column":2},"end":{"line":64,"column":null}},{"start":{},"end":{}}]},"1":{"loc":{"start":{"line":78,"column":2},"end":{"line":129,"column":null}},"type":"switch","locations":[{"start":{"line":79,"column":4},"end":{"line":83,"column":null}},{"start":{"line":85,"column":4},"end":{"line":91,"column":null}},{"start":{"line":93,"column":4},"end":{"line":117,"column":null}},{"start":{"line":118,"column":4},"end":{"line":128,"column":null}}]},"2":{"loc":{"start":{"line":89,"column":10},"end":{"line":89,"column":null}},"type":"cond-expr","locations":[{"start":{"line":89,"column":37},"end":{"line":89,"column":65}},{"start":{"line":89,"column":65},"end":{"line":89,"column":null}}]},"3":{"loc":{"start":{"line":98,"column":6},"end":{"line":104,"column":null}},"type":"if","locations":[{"start":{"line":98,"column":6},"end":{"line":104,"column":null}},{"start":{"line":100,"column":13},"end":{"line":104,"column":null}}]},"4":{"loc":{"start":{"line":109,"column":10},"end":{"line":114,"column":null}},"type":"cond-expr","locations":[{"start":{"line":110,"column":14},"end":{"line":113,"column":null}},{"start":{"line":114,"column":14},"end":{"line":114,"column":null}}]},"5":{"loc":{"start":{"line":109,"column":10},"end":{"line":109,"column":null}},"type":"binary-expr","locations":[{"start":{"line":109,"column":10},"end":{"line":109,"column":30}},{"start":{"line":109,"column":30},"end":{"line":109,"column":null}}]},"6":{"loc":{"start":{"line":119,"column":6},"end":{"line":124,"column":null}},"type":"if","locations":[{"start":{"line":119,"column":6},"end":{"line":124,"column":null}},{"start":{},"end":{}}]},"7":{"loc":{"start":{"line":162,"column":8},"end":{"line":162,"column":null}},"type":"if","locations":[{"start":{"line":162,"column":8},"end":{"line":162,"column":null}},{"start":{},"end":{}}]},"8":{"loc":{"start":{"line":181,"column":6},"end":{"line":183,"column":null}},"type":"if","locations":[{"start":{"line":181,"column":6},"end":{"line":183,"column":null}},{"start":{},"end":{}}]}},"s":{"0":0,"1":0,"2":0,"3":0,"4":0,"5":0,"6":0,"7":0,"8":0,"9":0,"10":0,"11":0,"12":0,"13":0,"14":0,"15":0,"16":0,"17":0,"18":0,"19":0,"20":0,"21":0,"22":0,"23":0,"24":0,"25":0,"26":0,"27":0,"28":0,"29":0,"30":0,"31":0,"32":0,"33":0,"34":0,"35":0,"36":0,"37":0,"38":0,"39":0,"40":0,"41":0,"42":0,"43":0,"44":0,"45":0,"46":0,"47":0,"48":0,"49":0,"50":0,"51":0,"52":0,"53":0,"54":0,"55":0,"56":0},"f":{"0":0,"1":0,"2":0,"3":0,"4":0,"5":0,"6":0,"7":0,"8":0,"9":0,"10":0,"11":0,"12":0,"13":0,"14":0,"15":0,"16":0,"17":0},"b":{"0":[0,0],"1":[0,0,0,0],"2":[0,0],"3":[0,0],"4":[0,0],"5":[0,0],"6":[0,0],"7":[0,0],"8":[0,0]}}
,"/workspaces/Tiktok-Multiviewer/hooks/use-mobile.tsx": {"path":"/workspaces/Tiktok-Multiviewer/hooks/use-mobile.tsx","statementMap":{"0":{"start":{"line":5,"column":16},"end":{"line":5,"column":null}},"1":{"start":{"line":1,"column":23},"end":{"line":1,"column":null}},"2":{"start":{"line":3,"column":26},"end":{"line":3,"column":null}},"3":{"start":{"line":6,"column":34},"end":{"line":6,"column":null}},"4":{"start":{"line":8,"column":2},"end":{"line":16,"column":null}},"5":{"start":{"line":9,"column":16},"end":{"line":9,"column":null}},"6":{"start":{"line":10,"column":21},"end":{"line":12,"column":null}},"7":{"start":{"line":11,"column":6},"end":{"line":11,"column":null}},"8":{"start":{"line":13,"column":4},"end":{"line":13,"column":null}},"9":{"start":{"line":14,"column":4},"end":{"line":14,"column":null}},"10":{"start":{"line":15,"column":4},"end":{"line":15,"column":null}},"11":{"start":{"line":15,"column":17},"end":{"line":15,"column":null}},"12":{"start":{"line":18,"column":2},"end":{"line":18,"column":null}}},"fnMap":{"0":{"name":"useIsMobile","decl":{"start":{"line":5,"column":16},"end":{"line":5,"column":null}},"loc":{"start":{"line":5,"column":16},"end":{"line":19,"column":null}}},"1":{"name":"(anonymous_5)","decl":{"start":{"line":8,"column":18},"end":{"line":8,"column":null}},"loc":{"start":{"line":8,"column":18},"end":{"line":16,"column":5}}},"2":{"name":"(anonymous_6)","decl":{"start":{"line":10,"column":21},"end":{"line":10,"column":null}},"loc":{"start":{"line":10,"column":21},"end":{"line":12,"column":null}}},"3":{"name":"(anonymous_7)","decl":{"start":{"line":15,"column":11},"end":{"line":15,"column":17}},"loc":{"start":{"line":15,"column":17},"end":{"line":15,"column":null}}}},"branchMap":{},"s":{"0":0,"1":0,"2":0,"3":0,"4":0,"5":0,"6":0,"7":0,"8":0,"9":0,"10":0,"11":0,"12":0},"f":{"0":0,"1":0,"2":0,"3":0},"b":{}}
,"/workspaces/Tiktok-Multiviewer/hooks/use-toast.ts": {"path":"/workspaces/Tiktok-Multiviewer/hooks/use-toast.ts","statementMap":{"0":{"start":{"line":77,"column":13},"end":{"line":77,"column":20}},"1":{"start":{"line":194,"column":19},"end":{"line":194,"column":24}},"2":{"start":{"line":194,"column":9},"end":{"line":194,"column":17}},"3":{"start":{"line":4,"column":23},"end":{"line":4,"column":null}},"4":{"start":{"line":11,"column":20},"end":{"line":11,"column":null}},"5":{"start":{"line":12,"column":27},"end":{"line":12,"column":null}},"6":{"start":{"line":21,"column":20},"end":{"line":26,"column":null}},"7":{"start":{"line":28,"column":12},"end":{"line":28,"column":null}},"8":{"start":{"line":31,"column":2},"end":{"line":31,"column":null}},"9":{"start":{"line":32,"column":2},"end":{"line":32,"column":null}},"10":{"start":{"line":59,"column":22},"end":{"line":59,"column":null}},"11":{"start":{"line":61,"column":25},"end":{"line":75,"column":null}},"12":{"start":{"line":62,"column":2},"end":{"line":64,"column":null}},"13":{"start":{"line":63,"column":4},"end":{"line":63,"column":null}},"14":{"start":{"line":66,"column":18},"end":{"line":72,"column":null}},"15":{"start":{"line":67,"column":4},"end":{"line":67,"column":null}},"16":{"start":{"line":68,"column":4},"end":{"line":71,"column":null}},"17":{"start":{"line":74,"column":2},"end":{"line":74,"column":null}},"18":{"start":{"line":77,"column":23},"end":{"line":130,"column":null}},"19":{"start":{"line":78,"column":2},"end":{"line":129,"column":null}},"20":{"start":{"line":80,"column":6},"end":{"line":83,"column":null}},"21":{"start":{"line":86,"column":6},"end":{"line":91,"column":null}},"22":{"start":{"line":89,"column":10},"end":{"line":89,"column":null}},"23":{"start":{"line":94,"column":26},"end":{"line":94,"column":null}},"24":{"start":{"line":98,"column":6},"end":{"line":104,"column":null}},"25":{"start":{"line":99,"column":8},"end":{"line":99,"column":null}},"26":{"start":{"line":101,"column":8},"end":{"line":103,"column":null}},"27":{"start":{"line":102,"column":10},"end":{"line":102,"column":null}},"28":{"start":{"line":106,"column":6},"end":{"line":116,"column":null}},"29":{"start":{"line":109,"column":10},"end":{"line":114,"column":null}},"30":{"start":{"line":119,"column":6},"end":{"line":124,"column":null}},"31":{"start":{"line":120,"column":8},"end":{"line":123,"column":null}},"32":{"start":{"line":125,"column":6},"end":{"line":128,"column":null}},"33":{"start":{"line":127,"column":43},"end":{"line":127,"column":66}},"34":{"start":{"line":132,"column":49},"end":{"line":132,"column":51}},"35":{"start":{"line":134,"column":25},"end":{"line":134,"column":null}},"36":{"start":{"line":137,"column":2},"end":{"line":137,"column":null}},"37":{"start":{"line":138,"column":2},"end":{"line":140,"column":null}},"38":{"start":{"line":139,"column":4},"end":{"line":139,"column":null}},"39":{"start":{"line":146,"column":13},"end":{"line":146,"column":null}},"40":{"start":{"line":148,"column":17},"end":{"line":152,"column":null}},"41":{"start":{"line":149,"column":4},"end":{"line":152,"column":null}},"42":{"start":{"line":153,"column":18},"end":{"line":153,"column":null}},"43":{"start":{"line":153,"column":24},"end":{"line":153,"column":null}},"44":{"start":{"line":155,"column":2},"end":{"line":165,"column":null}},"45":{"start":{"line":162,"column":8},"end":{"line":162,"column":null}},"46":{"start":{"line":162,"column":19},"end":{"line":162,"column":null}},"47":{"start":{"line":167,"column":2},"end":{"line":171,"column":null}},"48":{"start":{"line":175,"column":28},"end":{"line":175,"column":null}},"49":{"start":{"line":177,"column":2},"end":{"line":185,"column":null}},"50":{"start":{"line":178,"column":4},"end":{"line":178,"column":null}},"51":{"start":{"line":179,"column":4},"end":{"line":184,"column":null}},"52":{"start":{"line":180,"column":20},"end":{"line":180,"column":null}},"53":{"start":{"line":181,"column":6},"end":{"line":183,"column":null}},"54":{"start":{"line":182,"column":8},"end":{"line":182,"column":null}},"55":{"start":{"line":187,"column":2},"end":{"line":191,"column":null}},"56":{"start":{"line":190,"column":35},"end":{"line":190,"column":null}}},"fnMap":{"0":{"name":"genId","decl":{"start":{"line":30,"column":9},"end":{"line":30,"column":null}},"loc":{"start":{"line":30,"column":9},"end":{"line":33,"column":null}}},"1":{"name":"(anonymous_8)","decl":{"start":{"line":61,"column":25},"end":{"line":61,"column":26}},"loc":{"start":{"line":61,"column":26},"end":{"line":75,"column":null}}},"2":{"name":"(anonymous_9)","decl":{"start":{"line":66,"column":29},"end":{"line":66,"column":null}},"loc":{"start":{"line":66,"column":29},"end":{"line":72,"column":5}}},"3":{"name":"(anonymous_10)","decl":{"start":{"line":77,"column":23},"end":{"line":77,"column":24}},"loc":{"start":{"line":77,"column":38},"end":{"line":130,"column":null}}},"4":{"name":"(anonymous_11)","decl":{"start":{"line":88,"column":33},"end":{"line":88,"column":34}},"loc":{"start":{"line":89,"column":10},"end":{"line":89,"column":null}}},"5":{"name":"(anonymous_12)","decl":{"start":{"line":101,"column":29},"end":{"line":101,"column":30}},"loc":{"start":{"line":101,"column":30},"end":{"line":103,"column":null}}},"6":{"name":"(anonymous_13)","decl":{"start":{"line":108,"column":33},"end":{"line":108,"column":34}},"loc":{"start":{"line":109,"column":10},"end":{"line":114,"column":null}}},"7":{"name":"(anonymous_14)","decl":{"start":{"line":127,"column":36},"end":{"line":127,"column":37}},"loc":{"start":{"line":127,"column":43},"end":{"line":127,"column":66}}},"8":{"name":"dispatch","decl":{"start":{"line":136,"column":9},"end":{"line":136,"column":18}},"loc":{"start":{"line":136,"column":32},"end":{"line":141,"column":null}}},"9":{"name":"(anonymous_16)","decl":{"start":{"line":138,"column":20},"end":{"line":138,"column":21}},"loc":{"start":{"line":138,"column":21},"end":{"line":140,"column":null}}},"10":{"name":"toast","decl":{"start":{"line":145,"column":9},"end":{"line":145,"column":15}},"loc":{"start":{"line":145,"column":34},"end":{"line":172,"column":null}}},"11":{"name":"(anonymous_18)","decl":{"start":{"line":148,"column":17},"end":{"line":148,"column":18}},"loc":{"start":{"line":149,"column":4},"end":{"line":152,"column":null}}},"12":{"name":"(anonymous_19)","decl":{"start":{"line":153,"column":18},"end":{"line":153,"column":24}},"loc":{"start":{"line":153,"column":24},"end":{"line":153,"column":null}}},"13":{"name":"(anonymous_20)","decl":{"start":{"line":161,"column":20},"end":{"line":161,"column":21}},"loc":{"start":{"line":161,"column":21},"end":{"line":163,"column":null}}},"14":{"name":"useToast","decl":{"start":{"line":174,"column":9},"end":{"line":174,"column":null}},"loc":{"start":{"line":174,"column":9},"end":{"line":192,"column":null}}},"15":{"name":"(anonymous_22)","decl":{"start":{"line":177,"column":18},"end":{"line":177,"column":null}},"loc":{"start":{"line":177,"column":18},"end":{"line":185,"column":5}}},"16":{"name":"(anonymous_23)","decl":{"start":{"line":179,"column":11},"end":{"line":179,"column":null}},"loc":{"start":{"line":179,"column":11},"end":{"line":184,"column":null}}},"17":{"name":"(anonymous_24)","decl":{"start":{"line":190,"column":13},"end":{"line":190,"column":14}},"loc":{"start":{"line":190,"column":35},"end":{"line":190,"column":null}}}},"branchMap":{"0":{"loc":{"start":{"line":62,"column":2},"end":{"line":64,"column":null}},"type":"if","locations":[{"start":{"line":62,"column":2},"end":{"line":64,"column":null}},{"start":{},"end":{}}]},"1":{"loc":{"start":{"line":78,"column":2},"end":{"line":129,"column":null}},"type":"switch","locations":[{"start":{"line":79,"column":4},"end":{"line":83,"column":null}},{"start":{"line":85,"column":4},"end":{"line":91,"column":null}},{"start":{"line":93,"column":4},"end":{"line":117,"column":null}},{"start":{"line":118,"column":4},"end":{"line":128,"column":null}}]},"2":{"loc":{"start":{"line":89,"column":10},"end":{"line":89,"column":null}},"type":"cond-expr","locations":[{"start":{"line":89,"column":37},"end":{"line":89,"column":65}},{"start":{"line":89,"column":65},"end":{"line":89,"column":null}}]},"3":{"loc":{"start":{"line":98,"column":6},"end":{"line":104,"column":null}},"type":"if","locations":[{"start":{"line":98,"column":6},"end":{"line":104,"column":null}},{"start":{"line":100,"column":13},"end":{"line":104,"column":null}}]},"4":{"loc":{"start":{"line":109,"column":10},"end":{"line":114,"column":null}},"type":"cond-expr","locations":[{"start":{"line":110,"column":14},"end":{"line":113,"column":null}},{"start":{"line":114,"column":14},"end":{"line":114,"column":null}}]},"5":{"loc":{"start":{"line":109,"column":10},"end":{"line":109,"column":null}},"type":"binary-expr","locations":[{"start":{"line":109,"column":10},"end":{"line":109,"column":30}},{"start":{"line":109,"column":30},"end":{"line":109,"column":null}}]},"6":{"loc":{"start":{"line":119,"column":6},"end":{"line":124,"column":null}},"type":"if","locations":[{"start":{"line":119,"column":6},"end":{"line":124,"column":null}},{"start":{},"end":{}}]},"7":{"loc":{"start":{"line":162,"column":8},"end":{"line":162,"column":null}},"type":"if","locations":[{"start":{"line":162,"column":8},"end":{"line":162,"column":null}},{"start":{},"end":{}}]},"8":{"loc":{"start":{"line":181,"column":6},"end":{"line":183,"column":null}},"type":"if","locations":[{"start":{"line":181,"column":6},"end":{"line":183,"column":null}},{"start":{},"end":{}}]}},"s":{"0":0,"1":0,"2":0,"3":0,"4":0,"5":0,"6":0,"7":0,"8":0,"9":0,"10":0,"11":0,"12":0,"13":0,"14":0,"15":0,"16":0,"17":0,"18":0,"19":0,"20":0,"21":0,"22":0,"23":0,"24":0,"25":0,"26":0,"27":0,"28":0,"29":0,"30":0,"31":0,"32":0,"33":0,"34":0,"35":0,"36":0,"37":0,"38":0,"39":0,"40":0,"41":0,"42":0,"43":0,"44":0,"45":0,"46":0,"47":0,"48":0,"49":0,"50":0,"51":0,"52":0,"53":0,"54":0,"55":0,"56":0},"f":{"0":0,"1":0,"2":0,"3":0,"4":0,"5":0,"6":0,"7":0,"8":0,"9":0,"10":0,"11":0,"12":0,"13":0,"14":0,"15":0,"16":0,"17":0},"b":{"0":[0,0],"1":[0,0,0,0],"2":[0,0],"3":[0,0],"4":[0,0],"5":[0,0],"6":[0,0],"7":[0,0],"8":[0,0]}}
,"/workspaces/Tiktok-Multiviewer/lib/utils.ts": {"path":"/workspaces/Tiktok-Multiviewer/lib/utils.ts","statementMap":{"0":{"start":{"line":4,"column":16},"end":{"line":4,"column":19}},"1":{"start":{"line":1,"column":38},"end":{"line":1,"column":null}},"2":{"start":{"line":2,"column":24},"end":{"line":2,"column":null}},"3":{"start":{"line":5,"column":2},"end":{"line":5,"column":null}}},"fnMap":{"0":{"name":"cn","decl":{"start":{"line":4,"column":16},"end":{"line":4,"column":19}},"loc":{"start":{"line":4,"column":42},"end":{"line":6,"column":null}}}},"branchMap":{},"s":{"0":1725,"1":6,"2":6,"3":1725},"f":{"0":1725},"b":{}}
}
