TN:
SF:app/layout.tsx
FN:10,RootLayout
FNF:1
FNH:0
FNDA:0,RootLayout
DA:2,0
DA:4,0
DA:10,0
LF:3
LH:0
BRF:0
BRH:0
end_of_record
TN:
SF:app/page.tsx
FN:46,MultiviewerApp
FN:94,(anonymous_3)
FN:95,(anonymous_4)
FN:96,(anonymous_5)
FN:98,(anonymous_6)
FN:102,(anonymous_7)
FN:125,(anonymous_8)
FN:131,(anonymous_9)
FN:136,(anonymous_10)
FN:140,(anonymous_11)
FN:164,(anonymous_12)
FN:294,(anonymous_13)
FN:323,(anonymous_14)
FN:342,(anonymous_15)
FN:372,(anonymous_16)
FN:399,(anonymous_17)
FN:400,(anonymous_18)
FN:403,(anonymous_19)
FN:404,(anonymous_20)
FN:407,(anonymous_21)
FN:408,(anonymous_22)
FN:415,(anonymous_23)
FN:416,(anonymous_24)
FN:419,(anonymous_25)
FN:420,(anonymous_26)
FN:428,(anonymous_27)
FN:434,(anonymous_28)
FN:440,(anonymous_29)
FN:444,(anonymous_30)
FN:468,(anonymous_31)
FN:473,(anonymous_32)
FN:483,(anonymous_33)
FN:489,(anonymous_34)
FN:491,(anonymous_35)
FN:492,(anonymous_36)
FN:508,(anonymous_37)
FN:518,(anonymous_38)
FN:537,(anonymous_39)
FN:546,(anonymous_40)
FN:567,(anonymous_41)
FN:570,(anonymous_42)
FN:571,(anonymous_43)
FN:574,(anonymous_44)
FN:583,(anonymous_45)
FN:611,(anonymous_46)
FN:615,(anonymous_47)
FN:619,(anonymous_48)
FN:623,(anonymous_49)
FN:627,(anonymous_50)
FN:644,(anonymous_51)
FN:645,(anonymous_52)
FN:652,(anonymous_53)
FN:653,(anonymous_54)
FN:657,(anonymous_55)
FN:663,(anonymous_56)
FN:676,(anonymous_57)
FN:677,(anonymous_58)
FN:678,(anonymous_59)
FN:679,(anonymous_60)
FN:680,(anonymous_61)
FN:681,(anonymous_62)
FN:682,(anonymous_63)
FN:683,(anonymous_64)
FN:684,(anonymous_65)
FN:685,(anonymous_66)
FN:686,(anonymous_67)
FN:687,(anonymous_68)
FN:688,(anonymous_69)
FN:689,(anonymous_70)
FN:690,(anonymous_71)
FN:691,(anonymous_72)
FN:692,(anonymous_73)
FN:693,(anonymous_74)
FN:694,(anonymous_75)
FN:695,(anonymous_76)
FN:696,(anonymous_77)
FN:697,(anonymous_78)
FN:723,(anonymous_79)
FN:740,(anonymous_80)
FN:798,(anonymous_81)
FN:821,(anonymous_82)
FN:823,(anonymous_83)
FN:830,(anonymous_84)
FN:832,(anonymous_85)
FN:859,(anonymous_86)
FN:861,(anonymous_87)
FN:888,(anonymous_88)
FN:890,(anonymous_89)
FN:897,(anonymous_90)
FN:899,(anonymous_91)
FN:904,(anonymous_92)
FN:937,(anonymous_93)
FN:990,(anonymous_94)
FN:997,(anonymous_95)
FN:998,(anonymous_96)
FN:1000,(anonymous_97)
FN:1011,(anonymous_98)
FN:1017,(anonymous_99)
FN:1018,(anonymous_100)
FN:1025,(anonymous_101)
FN:1032,(anonymous_102)
FN:1033,(anonymous_103)
FN:1039,(anonymous_104)
FN:1045,(anonymous_105)
FN:1051,(anonymous_106)
FN:1052,(anonymous_107)
FN:1054,(anonymous_108)
FN:1054,(anonymous_109)
FN:1063,(anonymous_110)
FN:1064,(anonymous_111)
FN:1068,(anonymous_112)
FN:1079,Page
FNF:112
FNH:25
FNDA:25,MultiviewerApp
FNDA:21,(anonymous_3)
FNDA:0,(anonymous_4)
FNDA:0,(anonymous_5)
FNDA:21,(anonymous_6)
FNDA:21,(anonymous_7)
FNDA:20,(anonymous_8)
FNDA:23,(anonymous_9)
FNDA:20,(anonymous_10)
FNDA:0,(anonymous_11)
FNDA:1,(anonymous_12)
FNDA:0,(anonymous_13)
FNDA:0,(anonymous_14)
FNDA:0,(anonymous_15)
FNDA:0,(anonymous_16)
FNDA:0,(anonymous_17)
FNDA:0,(anonymous_18)
FNDA:0,(anonymous_19)
FNDA:0,(anonymous_20)
FNDA:0,(anonymous_21)
FNDA:0,(anonymous_22)
FNDA:0,(anonymous_23)
FNDA:0,(anonymous_24)
FNDA:0,(anonymous_25)
FNDA:0,(anonymous_26)
FNDA:0,(anonymous_27)
FNDA:0,(anonymous_28)
FNDA:0,(anonymous_29)
FNDA:0,(anonymous_30)
FNDA:0,(anonymous_31)
FNDA:0,(anonymous_32)
FNDA:0,(anonymous_33)
FNDA:0,(anonymous_34)
FNDA:0,(anonymous_35)
FNDA:0,(anonymous_36)
FNDA:0,(anonymous_37)
FNDA:0,(anonymous_38)
FNDA:0,(anonymous_39)
FNDA:0,(anonymous_40)
FNDA:0,(anonymous_41)
FNDA:0,(anonymous_42)
FNDA:0,(anonymous_43)
FNDA:3,(anonymous_44)
FNDA:0,(anonymous_45)
FNDA:0,(anonymous_46)
FNDA:0,(anonymous_47)
FNDA:0,(anonymous_48)
FNDA:0,(anonymous_49)
FNDA:0,(anonymous_50)
FNDA:0,(anonymous_51)
FNDA:0,(anonymous_52)
FNDA:0,(anonymous_53)
FNDA:0,(anonymous_54)
FNDA:0,(anonymous_55)
FNDA:1,(anonymous_56)
FNDA:3,(anonymous_57)
FNDA:0,(anonymous_58)
FNDA:3,(anonymous_59)
FNDA:2,(anonymous_60)
FNDA:3,(anonymous_61)
FNDA:0,(anonymous_62)
FNDA:3,(anonymous_63)
FNDA:0,(anonymous_64)
FNDA:3,(anonymous_65)
FNDA:1,(anonymous_66)
FNDA:3,(anonymous_67)
FNDA:0,(anonymous_68)
FNDA:3,(anonymous_69)
FNDA:0,(anonymous_70)
FNDA:3,(anonymous_71)
FNDA:0,(anonymous_72)
FNDA:3,(anonymous_73)
FNDA:0,(anonymous_74)
FNDA:3,(anonymous_75)
FNDA:0,(anonymous_76)
FNDA:3,(anonymous_77)
FNDA:0,(anonymous_78)
FNDA:0,(anonymous_79)
FNDA:0,(anonymous_80)
FNDA:0,(anonymous_81)
FNDA:0,(anonymous_82)
FNDA:0,(anonymous_83)
FNDA:0,(anonymous_84)
FNDA:0,(anonymous_85)
FNDA:0,(anonymous_86)
FNDA:0,(anonymous_87)
FNDA:0,(anonymous_88)
FNDA:0,(anonymous_89)
FNDA:0,(anonymous_90)
FNDA:0,(anonymous_91)
FNDA:0,(anonymous_92)
FNDA:0,(anonymous_93)
FNDA:3,(anonymous_94)
FNDA:0,(anonymous_95)
FNDA:0,(anonymous_96)
FNDA:0,(anonymous_97)
FNDA:0,(anonymous_98)
FNDA:0,(anonymous_99)
FNDA:0,(anonymous_100)
FNDA:0,(anonymous_101)
FNDA:0,(anonymous_102)
FNDA:0,(anonymous_103)
FNDA:0,(anonymous_104)
FNDA:0,(anonymous_105)
FNDA:0,(anonymous_106)
FNDA:0,(anonymous_107)
FNDA:0,(anonymous_108)
FNDA:0,(anonymous_109)
FNDA:0,(anonymous_110)
FNDA:0,(anonymous_111)
FNDA:0,(anonymous_112)
FNDA:22,Page
DA:5,1
DA:26,1
DA:27,1
DA:28,1
DA:29,1
DA:30,1
DA:31,1
DA:32,1
DA:33,1
DA:34,1
DA:35,1
DA:36,1
DA:37,1
DA:38,1
DA:39,1
DA:40,1
DA:41,1
DA:42,1
DA:44,1
DA:47,25
DA:48,24
DA:49,24
DA:50,24
DA:51,24
DA:52,24
DA:53,24
DA:54,24
DA:55,24
DA:56,24
DA:57,24
DA:58,24
DA:59,24
DA:60,24
DA:61,24
DA:62,24
DA:63,24
DA:64,24
DA:65,24
DA:66,24
DA:67,24
DA:68,24
DA:69,24
DA:70,24
DA:71,24
DA:72,24
DA:73,24
DA:74,24
DA:77,24
DA:94,24
DA:95,21
DA:96,0
DA:98,21
DA:102,24
DA:103,21
DA:104,21
DA:106,21
DA:107,0
DA:108,0
DA:110,0
DA:114,21
DA:115,20
DA:116,2
DA:117,2
DA:119,0
DA:125,20
DA:126,20
DA:131,24
DA:132,23
DA:136,24
DA:137,20
DA:140,24
DA:141,0
DA:152,0
DA:154,0
DA:155,0
DA:156,0
DA:158,0
DA:161,0
DA:164,24
DA:165,1
DA:166,0
DA:167,0
DA:170,1
DA:171,1
DA:172,1
DA:173,1
DA:176,1
DA:177,1
DA:178,1
DA:179,1
DA:180,0
DA:181,0
DA:182,0
DA:183,0
DA:184,0
DA:185,0
DA:186,0
DA:187,0
DA:188,0
DA:189,0
DA:190,0
DA:191,0
DA:192,0
DA:193,0
DA:194,0
DA:195,0
DA:196,0
DA:197,0
DA:198,0
DA:199,0
DA:200,0
DA:202,0
DA:203,0
DA:204,0
DA:207,0
DA:208,0
DA:209,0
DA:210,0
DA:212,0
DA:213,0
DA:217,0
DA:218,0
DA:219,0
DA:220,0
DA:224,0
DA:225,0
DA:226,0
DA:227,0
DA:228,0
DA:229,0
DA:230,0
DA:231,0
DA:233,0
DA:234,0
DA:235,0
DA:236,0
DA:237,0
DA:238,0
DA:239,0
DA:240,0
DA:242,0
DA:244,0
DA:245,0
DA:246,0
DA:248,0
DA:249,0
DA:250,0
DA:251,0
DA:252,0
DA:253,0
DA:257,0
DA:258,0
DA:259,0
DA:260,0
DA:261,0
DA:262,0
DA:263,0
DA:266,0
DA:267,0
DA:269,0
DA:270,0
DA:271,0
DA:274,1
DA:289,1
DA:290,1
DA:291,1
DA:294,24
DA:295,0
DA:296,0
DA:297,0
DA:300,0
DA:301,0
DA:302,0
DA:305,0
DA:306,0
DA:307,0
DA:310,0
DA:317,0
DA:318,0
DA:319,0
DA:320,0
DA:323,24
DA:324,0
DA:325,0
DA:326,0
DA:329,0
DA:337,0
DA:338,0
DA:339,0
DA:342,24
DA:343,0
DA:344,0
DA:345,0
DA:348,0
DA:349,0
DA:350,0
DA:353,0
DA:355,0
DA:365,0
DA:366,0
DA:367,0
DA:369,0
DA:372,24
DA:373,0
DA:374,0
DA:375,0
DA:378,0
DA:379,0
DA:380,0
DA:383,0
DA:392,0
DA:393,0
DA:394,0
DA:395,0
DA:396,0
DA:399,24
DA:400,0
DA:403,24
DA:404,0
DA:407,24
DA:408,0
DA:409,0
DA:415,24
DA:416,0
DA:419,24
DA:420,0
DA:421,0
DA:428,24
DA:429,0
DA:430,0
DA:431,0
DA:434,24
DA:435,0
DA:436,0
DA:437,0
DA:440,24
DA:441,0
DA:444,24
DA:445,0
DA:447,0
DA:448,0
DA:449,0
DA:450,0
DA:453,0
DA:454,0
DA:457,0
DA:460,0
DA:461,0
DA:463,0
DA:464,0
DA:465,0
DA:468,24
DA:469,0
DA:470,0
DA:473,24
DA:474,0
DA:476,0
DA:479,0
DA:483,24
DA:485,0
DA:486,0
DA:489,0
DA:491,0
DA:492,0
DA:493,0
DA:494,0
DA:508,24
DA:509,0
DA:514,0
DA:518,24
DA:519,0
DA:520,0
DA:522,0
DA:524,0
DA:527,0
DA:528,0
DA:530,0
DA:532,0
DA:533,0
DA:537,24
DA:538,0
DA:541,0
DA:542,0
DA:543,0
DA:546,24
DA:547,0
DA:548,0
DA:549,0
DA:553,0
DA:554,0
DA:555,0
DA:558,0
DA:559,0
DA:560,0
DA:561,0
DA:563,0
DA:567,24
DA:568,0
DA:570,0
DA:571,0
DA:574,24
DA:575,3
DA:576,0
DA:577,0
DA:578,0
DA:579,0
DA:580,0
DA:583,24
DA:584,0
DA:585,0
DA:611,0
DA:615,0
DA:619,0
DA:623,0
DA:627,0
DA:644,0
DA:645,0
DA:652,0
DA:653,0
DA:657,0
DA:663,1
DA:676,3
DA:677,0
DA:678,3
DA:679,2
DA:680,3
DA:681,0
DA:682,3
DA:683,0
DA:684,3
DA:685,1
DA:686,3
DA:687,0
DA:688,3
DA:689,0
DA:690,3
DA:691,0
DA:692,3
DA:693,0
DA:694,3
DA:695,0
DA:696,3
DA:697,0
DA:723,0
DA:740,0
DA:798,0
DA:821,0
DA:823,0
DA:830,0
DA:832,0
DA:859,0
DA:861,0
DA:888,0
DA:890,0
DA:897,0
DA:899,0
DA:904,0
DA:938,0
DA:939,0
DA:940,0
DA:991,3
DA:997,0
DA:998,0
DA:1000,0
DA:1011,0
DA:1017,0
DA:1018,0
DA:1025,0
DA:1032,0
DA:1033,0
DA:1039,0
DA:1045,0
DA:1051,0
DA:1054,0
DA:1055,0
DA:1063,0
DA:1064,0
DA:1068,0
DA:1079,21
LF:379
LH:120
BRDA:106,0,0,0
BRDA:106,0,1,21
BRDA:115,1,0,2
BRDA:115,1,1,18
BRDA:156,2,0,0
BRDA:156,2,1,0
BRDA:165,3,0,0
BRDA:165,3,1,1
BRDA:172,4,0,1
BRDA:172,4,1,0
BRDA:176,5,0,1
BRDA:176,5,1,0
BRDA:179,6,0,1
BRDA:179,6,1,1
BRDA:180,7,0,0
BRDA:180,7,1,0
BRDA:183,8,0,0
BRDA:183,8,1,0
BRDA:184,9,0,0
BRDA:184,9,1,0
BRDA:187,10,0,0
BRDA:187,10,1,0
BRDA:188,11,0,0
BRDA:188,11,1,0
BRDA:191,12,0,0
BRDA:191,12,1,0
BRDA:192,13,0,0
BRDA:192,13,1,0
BRDA:195,14,0,0
BRDA:195,14,1,0
BRDA:196,15,0,0
BRDA:196,15,1,0
BRDA:199,16,0,0
BRDA:199,16,1,0
BRDA:200,17,0,0
BRDA:200,17,1,0
BRDA:202,18,0,0
BRDA:202,18,1,0
BRDA:202,19,0,0
BRDA:202,19,1,0
BRDA:202,19,2,0
BRDA:207,20,0,0
BRDA:207,20,1,0
BRDA:207,21,0,0
BRDA:207,21,1,0
BRDA:209,22,0,0
BRDA:209,22,1,0
BRDA:218,23,0,0
BRDA:218,23,1,0
BRDA:225,24,0,0
BRDA:225,24,1,0
BRDA:226,25,0,0
BRDA:226,25,1,0
BRDA:226,26,0,0
BRDA:226,26,1,0
BRDA:226,26,2,0
BRDA:229,27,0,0
BRDA:229,27,1,0
BRDA:234,28,0,0
BRDA:234,28,1,0
BRDA:235,29,0,0
BRDA:235,29,1,0
BRDA:235,30,0,0
BRDA:235,30,1,0
BRDA:235,30,2,0
BRDA:237,31,0,0
BRDA:237,31,1,0
BRDA:237,32,0,0
BRDA:237,32,1,0
BRDA:238,33,0,0
BRDA:238,33,1,0
BRDA:244,34,0,0
BRDA:244,34,1,0
BRDA:245,35,0,0
BRDA:245,35,1,0
BRDA:245,36,0,0
BRDA:245,36,1,0
BRDA:245,36,2,0
BRDA:245,36,3,0
BRDA:245,36,4,0
BRDA:248,37,0,0
BRDA:248,37,1,0
BRDA:248,38,0,0
BRDA:248,38,1,0
BRDA:250,39,0,0
BRDA:250,39,1,0
BRDA:250,40,0,0
BRDA:250,40,1,0
BRDA:252,41,0,0
BRDA:252,41,1,0
BRDA:257,42,0,0
BRDA:257,42,1,0
BRDA:258,43,0,0
BRDA:258,43,1,0
BRDA:258,44,0,0
BRDA:258,44,1,0
BRDA:258,44,2,0
BRDA:258,44,3,0
BRDA:258,44,4,0
BRDA:260,45,0,0
BRDA:260,45,1,0
BRDA:261,46,0,0
BRDA:261,46,1,0
BRDA:261,47,0,0
BRDA:261,47,1,0
BRDA:263,48,0,0
BRDA:263,48,1,0
BRDA:267,49,0,0
BRDA:267,49,1,0
BRDA:269,50,0,0
BRDA:269,50,1,0
BRDA:279,51,0,0
BRDA:279,51,1,1
BRDA:279,52,0,0
BRDA:279,52,1,1
BRDA:280,53,0,0
BRDA:280,53,1,1
BRDA:281,54,0,0
BRDA:281,54,1,1
BRDA:282,55,0,0
BRDA:282,55,1,1
BRDA:283,56,0,0
BRDA:283,56,1,1
BRDA:284,57,0,0
BRDA:284,57,1,1
BRDA:285,58,0,0
BRDA:285,58,1,1
BRDA:286,59,0,0
BRDA:286,59,1,1
BRDA:295,60,0,0
BRDA:295,60,1,0
BRDA:300,61,0,0
BRDA:300,61,1,0
BRDA:306,62,0,0
BRDA:306,62,1,0
BRDA:306,63,0,0
BRDA:306,63,1,0
BRDA:314,64,0,0
BRDA:314,64,1,0
BRDA:324,65,0,0
BRDA:324,65,1,0
BRDA:333,66,0,0
BRDA:333,66,1,0
BRDA:343,67,0,0
BRDA:343,67,1,0
BRDA:348,68,0,0
BRDA:348,68,1,0
BRDA:353,69,0,0
BRDA:353,69,1,0
BRDA:359,70,0,0
BRDA:359,70,1,0
BRDA:373,71,0,0
BRDA:373,71,1,0
BRDA:378,72,0,0
BRDA:378,72,1,0
BRDA:378,73,0,0
BRDA:378,73,1,0
BRDA:378,73,2,0
BRDA:400,74,0,0
BRDA:400,74,1,0
BRDA:404,75,0,0
BRDA:404,75,1,0
BRDA:409,76,0,0
BRDA:409,76,1,0
BRDA:421,77,0,0
BRDA:421,77,1,0
BRDA:447,78,0,0
BRDA:447,78,1,0
BRDA:447,79,0,0
BRDA:447,79,1,0
BRDA:460,80,0,0
BRDA:460,80,1,0
BRDA:474,81,0,0
BRDA:474,81,1,0
BRDA:493,82,0,0
BRDA:493,82,1,0
BRDA:496,83,0,0
BRDA:496,83,1,0
BRDA:497,84,0,0
BRDA:497,84,1,0
BRDA:522,85,0,0
BRDA:522,85,1,0
BRDA:522,86,0,0
BRDA:522,86,1,0
BRDA:547,87,0,0
BRDA:547,87,1,0
BRDA:554,88,0,0
BRDA:554,88,1,0
BRDA:559,89,0,0
BRDA:559,89,1,0
BRDA:575,90,0,3
BRDA:575,90,1,0
BRDA:576,91,0,0
BRDA:576,91,1,0
BRDA:577,92,0,0
BRDA:577,92,1,0
BRDA:578,93,0,0
BRDA:578,93,1,0
BRDA:579,94,0,0
BRDA:579,94,1,0
BRDA:591,95,0,0
BRDA:591,95,1,24
BRDA:597,96,0,0
BRDA:597,96,1,24
BRDA:634,97,0,0
BRDA:645,98,0,0
BRDA:645,98,1,0
BRDA:646,99,0,0
BRDA:646,99,1,24
BRDA:653,100,0,0
BRDA:653,100,1,0
BRDA:654,101,0,0
BRDA:654,101,1,24
BRDA:666,102,0,0
BRDA:666,102,1,24
BRDA:676,103,0,24
BRDA:676,103,1,0
BRDA:678,104,0,24
BRDA:678,104,1,2
BRDA:680,105,0,24
BRDA:680,105,1,0
BRDA:682,106,0,24
BRDA:682,106,1,0
BRDA:684,107,0,24
BRDA:684,107,1,1
BRDA:686,108,0,24
BRDA:686,108,1,0
BRDA:688,109,0,24
BRDA:688,109,1,0
BRDA:690,110,0,24
BRDA:690,110,1,0
BRDA:692,111,0,24
BRDA:692,111,1,0
BRDA:694,112,0,24
BRDA:694,112,1,0
BRDA:696,113,0,24
BRDA:696,113,1,0
BRDA:823,114,0,0
BRDA:823,114,1,0
BRDA:832,115,0,0
BRDA:832,115,1,0
BRDA:861,116,0,0
BRDA:861,116,1,0
BRDA:890,117,0,0
BRDA:890,117,1,0
BRDA:899,118,0,0
BRDA:899,118,1,0
BRDA:963,119,0,0
BRDA:963,119,1,24
BRDA:975,120,0,21
BRDA:993,121,0,0
BRDA:993,121,1,3
BRDA:994,122,0,0
BRDA:994,122,1,3
BRDA:1011,123,0,1
BRDA:1013,124,0,0
BRDA:1015,125,0,0
BRDA:1015,125,1,0
BRDA:1016,126,0,0
BRDA:1016,126,1,0
BRDA:1022,127,0,0
BRDA:1029,128,0,0
BRDA:1031,129,0,0
BRDA:1031,129,1,0
BRDA:1037,130,0,0
BRDA:1043,131,0,0
BRDA:1049,132,0,0
BRDA:1055,133,0,0
BRDA:1055,133,1,0
BRDA:1061,134,0,0
BRF:270
BRH:41
end_of_record
TN:
SF:app/components/map-widget.tsx
FN:14,MapWidget
FN:46,(anonymous_5)
FN:47,(anonymous_6)
FN:50,(anonymous_7)
FN:54,(anonymous_8)
FN:76,(anonymous_9)
FN:82,(anonymous_10)
FN:85,(anonymous_11)
FN:104,(anonymous_12)
FN:140,(anonymous_13)
FN:147,(anonymous_14)
FN:150,(anonymous_15)
FN:158,(anonymous_16)
FN:169,(anonymous_17)
FNF:14
FNH:4
FNDA:1,MapWidget
FNDA:1,(anonymous_5)
FNDA:1,(anonymous_6)
FNDA:0,(anonymous_7)
FNDA:0,(anonymous_8)
FNDA:1,(anonymous_9)
FNDA:0,(anonymous_10)
FNDA:0,(anonymous_11)
FNDA:0,(anonymous_12)
FNDA:0,(anonymous_13)
FNDA:0,(anonymous_14)
FNDA:0,(anonymous_15)
FNDA:0,(anonymous_16)
FNDA:0,(anonymous_17)
DA:3,2
DA:4,2
DA:5,2
DA:6,2
DA:14,1
DA:15,1
DA:16,1
DA:17,1
DA:18,1
DA:20,1
DA:46,1
DA:47,1
DA:48,1
DA:49,1
DA:51,0
DA:52,0
DA:55,0
DA:56,0
DA:58,0
DA:67,0
DA:69,0
DA:73,1
DA:76,1
DA:77,1
DA:82,0
DA:83,0
DA:85,0
DA:88,0
DA:89,0
DA:95,0
DA:96,0
DA:98,0
DA:101,0
DA:104,0
DA:105,0
DA:112,0
DA:115,0
DA:118,0
DA:119,0
DA:122,0
DA:129,0
DA:130,0
DA:133,0
DA:134,0
DA:138,0
DA:140,0
DA:141,0
DA:142,0
DA:147,1
DA:148,0
DA:149,0
DA:151,0
DA:152,0
DA:155,0
DA:158,0
DA:159,0
DA:160,0
DA:164,0
DA:166,0
DA:167,0
DA:170,0
DA:171,0
LF:62
LH:18
BRDA:48,0,0,1
BRDA:48,0,1,0
BRDA:77,1,0,1
BRDA:77,1,1,0
BRDA:96,2,0,0
BRDA:96,2,1,0
BRDA:107,3,0,0
BRDA:107,3,1,0
BRDA:118,4,0,0
BRDA:118,4,1,0
BRDA:141,5,0,0
BRDA:141,5,1,0
BRDA:148,6,0,0
BRDA:148,6,1,0
BRDA:148,7,0,0
BRDA:148,7,1,0
BRDA:159,8,0,0
BRDA:159,8,1,0
BRDA:188,9,0,0
BRDA:188,9,1,1
BRDA:194,10,0,1
BRDA:218,11,0,1
BRDA:221,12,0,0
BRDA:221,12,1,1
BRF:24
BRH:6
end_of_record
TN:
SF:app/components/notes-widget.tsx
FN:19,NotesWidget
FN:23,(anonymous_2)
FN:28,(anonymous_3)
FN:33,(anonymous_4)
FN:38,(anonymous_5)
FN:72,(anonymous_6)
FNF:6
FNH:6
FNDA:100,NotesWidget
FNDA:18,(anonymous_2)
FNDA:73,(anonymous_3)
FNDA:2,(anonymous_4)
FNDA:76,(anonymous_5)
FNDA:73,(anonymous_6)
DA:5,2
DA:6,2
DA:7,2
DA:8,2
DA:9,2
DA:19,18
DA:20,100
DA:21,100
DA:23,100
DA:24,18
DA:25,18
DA:28,100
DA:29,73
DA:30,73
DA:33,100
DA:34,2
DA:35,2
DA:38,100
DA:39,76
DA:40,1
DA:41,1
DA:72,73
LF:22
LH:22
BRDA:39,0,0,1
BRDA:39,0,1,75
BRDA:39,1,0,76
BRDA:39,1,1,4
BRDA:46,2,0,1
BRDA:46,2,1,99
BRDA:50,3,0,1
BRDA:50,3,1,99
BRDA:51,4,0,100
BRDA:58,5,0,100
BRDA:76,6,0,1
BRDA:76,6,1,99
BRDA:82,7,0,100
BRF:13
BRH:13
end_of_record
TN:
SF:app/components/rss-widget.tsx
FN:40,RSSWidget
FN:50,(anonymous_5)
FN:113,(anonymous_6)
FN:139,(anonymous_7)
FN:152,(anonymous_8)
FN:197,(anonymous_9)
FN:234,(anonymous_10)
FN:257,(anonymous_11)
FN:264,(anonymous_12)
FN:270,(anonymous_13)
FN:337,(anonymous_14)
FN:345,(anonymous_15)
FNF:12
FNH:0
FNDA:0,RSSWidget
FNDA:0,(anonymous_5)
FNDA:0,(anonymous_6)
FNDA:0,(anonymous_7)
FNDA:0,(anonymous_8)
FNDA:0,(anonymous_9)
FNDA:0,(anonymous_10)
FNDA:0,(anonymous_11)
FNDA:0,(anonymous_12)
FNDA:0,(anonymous_13)
FNDA:0,(anonymous_14)
FNDA:0,(anonymous_15)
DA:3,1
DA:4,1
DA:5,1
DA:6,1
DA:7,1
DA:40,0
DA:41,0
DA:42,0
DA:43,0
DA:44,0
DA:45,0
DA:47,0
DA:48,0
DA:50,0
DA:52,0
DA:57,0
DA:59,0
DA:60,0
DA:61,0
DA:62,0
DA:63,0
DA:69,0
DA:70,0
DA:71,0
DA:72,0
DA:74,0
DA:76,0
DA:79,0
DA:80,0
DA:84,0
DA:85,0
DA:88,0
DA:89,0
DA:90,0
DA:94,0
DA:95,0
DA:97,0
DA:98,0
DA:101,0
DA:102,0
DA:103,0
DA:104,0
DA:106,0
DA:108,0
DA:109,0
DA:110,0
DA:112,0
DA:113,0
DA:114,0
DA:116,0
DA:117,0
DA:118,0
DA:119,0
DA:120,0
DA:122,0
DA:134,0
DA:135,0
DA:136,0
DA:138,0
DA:139,0
DA:140,0
DA:142,0
DA:143,0
DA:144,0
DA:147,0
DA:148,0
DA:149,0
DA:151,0
DA:153,0
DA:157,0
DA:158,0
DA:159,0
DA:160,0
DA:161,0
DA:162,0
DA:165,0
DA:167,0
DA:179,0
DA:187,0
DA:188,0
DA:194,0
DA:197,0
DA:198,0
DA:200,0
DA:201,0
DA:203,0
DA:204,0
DA:205,0
DA:206,0
DA:207,0
DA:209,0
DA:211,0
DA:212,0
DA:213,0
DA:214,0
DA:215,0
DA:216,0
DA:217,0
DA:218,0
DA:219,0
DA:220,0
DA:221,0
DA:223,0
DA:227,0
DA:228,0
DA:230,0
DA:234,0
DA:235,0
DA:236,0
DA:237,0
DA:238,0
DA:239,0
DA:240,0
DA:241,0
DA:243,0
DA:244,0
DA:245,0
DA:246,0
DA:247,0
DA:248,0
DA:250,0
DA:253,0
DA:257,0
DA:258,0
DA:259,0
DA:264,0
DA:265,0
DA:268,0
DA:270,0
DA:271,0
DA:272,0
DA:338,0
DA:345,0
LF:133
LH:5
BRDA:47,0,0,0
BRDA:47,0,1,0
BRDA:48,1,0,0
BRDA:48,1,1,0
BRDA:62,2,0,0
BRDA:62,2,1,0
BRDA:69,3,0,0
BRDA:69,3,1,0
BRDA:71,4,0,0
BRDA:71,4,1,0
BRDA:71,5,0,0
BRDA:71,5,1,0
BRDA:79,6,0,0
BRDA:79,6,1,0
BRDA:89,7,0,0
BRDA:89,7,1,0
BRDA:95,8,0,0
BRDA:95,8,1,0
BRDA:97,9,0,0
BRDA:97,9,1,0
BRDA:97,10,0,0
BRDA:97,10,1,0
BRDA:106,11,0,0
BRDA:106,11,1,0
BRDA:108,12,0,0
BRDA:108,12,1,0
BRDA:109,13,0,0
BRDA:109,13,1,0
BRDA:110,14,0,0
BRDA:110,14,1,0
BRDA:114,15,0,0
BRDA:114,15,1,0
BRDA:116,16,0,0
BRDA:116,16,1,0
BRDA:117,17,0,0
BRDA:117,17,1,0
BRDA:118,18,0,0
BRDA:118,18,1,0
BRDA:119,19,0,0
BRDA:119,19,1,0
BRDA:120,20,0,0
BRDA:120,20,1,0
BRDA:128,21,0,0
BRDA:128,21,1,0
BRDA:134,22,0,0
BRDA:134,22,1,0
BRDA:135,23,0,0
BRDA:135,23,1,0
BRDA:136,24,0,0
BRDA:136,24,1,0
BRDA:140,25,0,0
BRDA:140,25,1,0
BRDA:142,26,0,0
BRDA:142,26,1,0
BRDA:143,27,0,0
BRDA:143,27,1,0
BRDA:144,28,0,0
BRDA:144,28,1,0
BRDA:151,29,0,0
BRDA:151,29,1,0
BRDA:153,30,0,0
BRDA:153,30,1,0
BRDA:157,31,0,0
BRDA:157,31,1,0
BRDA:158,32,0,0
BRDA:158,32,1,0
BRDA:159,33,0,0
BRDA:159,33,1,0
BRDA:160,34,0,0
BRDA:160,34,1,0
BRDA:161,35,0,0
BRDA:161,35,1,0
BRDA:162,36,0,0
BRDA:162,36,1,0
BRDA:165,37,0,0
BRDA:165,37,1,0
BRDA:173,38,0,0
BRDA:173,38,1,0
BRDA:194,39,0,0
BRDA:194,39,1,0
BRDA:198,40,0,0
BRDA:198,40,1,0
BRDA:198,41,0,0
BRDA:198,41,1,0
BRDA:204,42,0,0
BRDA:204,42,1,0
BRDA:211,43,0,0
BRDA:211,43,1,0
BRDA:212,44,0,0
BRDA:212,44,1,0
BRDA:214,45,0,0
BRDA:214,45,1,0
BRDA:216,46,0,0
BRDA:216,46,1,0
BRDA:218,47,0,0
BRDA:218,47,1,0
BRDA:220,48,0,0
BRDA:220,48,1,0
BRDA:243,49,0,0
BRDA:243,49,1,0
BRDA:245,50,0,0
BRDA:245,50,1,0
BRDA:247,51,0,0
BRDA:247,51,1,0
BRDA:258,52,0,0
BRDA:258,52,1,0
BRDA:271,53,0,0
BRDA:271,53,1,0
BRDA:278,54,0,0
BRDA:278,54,1,0
BRDA:281,55,0,0
BRDA:281,55,1,0
BRDA:282,56,0,0
BRDA:282,56,1,0
BRDA:283,57,0,0
BRDA:283,57,1,0
BRDA:285,58,0,0
BRDA:286,59,0,0
BRDA:286,59,1,0
BRDA:297,60,0,0
BRDA:297,60,1,0
BRDA:307,61,0,0
BRDA:308,62,0,0
BRDA:308,62,1,0
BRDA:309,63,0,0
BRDA:309,63,1,0
BRDA:312,64,0,0
BRDA:312,64,1,0
BRDA:325,65,0,0
BRDA:324,66,0,0
BRDA:324,66,1,0
BRDA:327,67,0,0
BRDA:327,67,1,0
BRDA:328,68,0,0
BRDA:328,68,1,0
BRDA:341,69,0,0
BRDA:341,69,1,0
BRDA:345,70,0,0
BRDA:345,70,1,0
BRDA:349,71,0,0
BRDA:349,71,1,0
BRDA:354,72,0,0
BRDA:354,72,1,0
BRDA:358,73,0,0
BRDA:360,74,0,0
BRDA:360,74,1,0
BRDA:368,75,0,0
BRDA:369,76,0,0
BRDA:369,76,1,0
BRDA:373,77,0,0
BRDA:373,77,1,0
BRDA:374,78,0,0
BRDA:374,78,1,0
BRDA:376,79,0,0
BRDA:377,80,0,0
BRDA:377,80,1,0
BRDA:339,81,0,0
BRDA:339,81,1,0
BRDA:339,81,2,0
BRDA:389,82,0,0
BRDA:391,83,0,0
BRDA:391,83,1,0
BRF:162
BRH:0
end_of_record
TN:
SF:app/components/stream-widget.tsx
FN:16,StreamWidget
FN:26,(anonymous_3)
FN:27,(anonymous_4)
FN:33,(anonymous_5)
FN:37,(anonymous_6)
FN:39,(anonymous_7)
FN:44,(anonymous_8)
FN:52,(anonymous_9)
FN:54,(anonymous_10)
FN:86,(anonymous_11)
FN:94,(anonymous_12)
FN:103,(anonymous_13)
FN:104,(anonymous_14)
FN:109,(anonymous_15)
FN:150,(anonymous_16)
FN:156,(anonymous_17)
FN:162,(anonymous_18)
FN:168,(anonymous_19)
FN:174,(anonymous_20)
FN:184,(anonymous_21)
FN:199,(anonymous_22)
FN:216,(anonymous_23)
FN:230,(anonymous_24)
FN:287,(anonymous_25)
FN:333,(anonymous_26)
FNF:25
FNH:14
FNDA:19,StreamWidget
FNDA:17,(anonymous_3)
FNDA:0,(anonymous_4)
FNDA:17,(anonymous_5)
FNDA:17,(anonymous_6)
FNDA:0,(anonymous_7)
FNDA:17,(anonymous_8)
FNDA:17,(anonymous_9)
FNDA:0,(anonymous_10)
FNDA:17,(anonymous_11)
FNDA:4,(anonymous_12)
FNDA:17,(anonymous_13)
FNDA:17,(anonymous_14)
FNDA:1,(anonymous_15)
FNDA:1,(anonymous_16)
FNDA:0,(anonymous_17)
FNDA:10,(anonymous_18)
FNDA:0,(anonymous_19)
FNDA:19,(anonymous_20)
FNDA:0,(anonymous_21)
FNDA:0,(anonymous_22)
FNDA:0,(anonymous_23)
FNDA:0,(anonymous_24)
FNDA:0,(anonymous_25)
FNDA:0,(anonymous_26)
DA:3,2
DA:4,2
DA:5,2
DA:6,2
DA:8,2
DA:16,17
DA:17,19
DA:18,19
DA:19,19
DA:20,19
DA:21,19
DA:22,19
DA:23,19
DA:26,19
DA:27,17
DA:28,0
DA:29,0
DA:32,17
DA:33,17
DA:37,19
DA:38,17
DA:40,0
DA:44,17
DA:45,17
DA:46,0
DA:52,19
DA:53,17
DA:54,0
DA:55,0
DA:56,0
DA:57,0
DA:59,0
DA:60,0
DA:63,0
DA:64,0
DA:65,0
DA:68,0
DA:72,0
DA:74,0
DA:75,0
DA:76,0
DA:81,0
DA:86,19
DA:87,17
DA:88,4
DA:89,4
DA:90,4
DA:91,4
DA:92,4
DA:94,4
DA:95,4
DA:96,4
DA:103,19
DA:104,17
DA:105,17
DA:109,19
DA:110,1
DA:111,0
DA:112,0
DA:115,1
DA:116,1
DA:117,0
DA:120,1
DA:121,0
DA:122,0
DA:123,0
DA:142,0
DA:146,1
DA:147,1
DA:150,19
DA:151,1
DA:152,1
DA:154,1
DA:155,0
DA:156,0
DA:157,0
DA:162,19
DA:163,10
DA:164,10
DA:165,10
DA:168,19
DA:170,0
DA:171,0
DA:174,19
DA:175,19
DA:176,10
DA:177,10
DA:184,0
DA:190,10
DA:192,4
DA:199,0
DA:209,4
DA:216,0
DA:226,0
DA:230,0
DA:236,6
DA:238,5
DA:270,1
DA:273,19
DA:287,0
DA:333,0
LF:101
LH:63
BRDA:38,0,0,0
BRDA:38,0,1,17
BRDA:38,1,0,17
BRDA:38,1,1,3
BRDA:45,2,0,0
BRDA:45,2,1,17
BRDA:53,3,0,0
BRDA:53,3,1,17
BRDA:53,4,0,17
BRDA:53,4,1,3
BRDA:57,5,0,0
BRDA:57,5,1,0
BRDA:64,6,0,0
BRDA:64,6,1,0
BRDA:75,7,0,0
BRDA:75,7,1,0
BRDA:87,8,0,4
BRDA:87,8,1,13
BRDA:87,9,0,17
BRDA:87,9,1,4
BRDA:95,10,0,4
BRDA:95,10,1,0
BRDA:110,11,0,0
BRDA:110,11,1,1
BRDA:116,12,0,0
BRDA:116,12,1,1
BRDA:117,13,0,0
BRDA:117,13,1,0
BRDA:120,14,0,0
BRDA:120,14,1,1
BRDA:122,15,0,0
BRDA:122,15,1,0
BRDA:154,16,0,0
BRDA:154,16,1,1
BRDA:154,17,0,1
BRDA:154,17,1,1
BRDA:165,18,0,9
BRDA:165,18,1,1
BRDA:165,19,0,10
BRDA:165,19,1,9
BRDA:171,20,0,0
BRDA:171,20,1,0
BRDA:175,21,0,10
BRDA:175,21,1,9
BRDA:177,22,0,9
BRDA:177,22,1,1
BRDA:190,23,0,4
BRDA:190,23,1,6
BRDA:192,24,0,0
BRDA:192,24,1,4
BRDA:192,25,0,4
BRDA:192,25,1,0
BRDA:209,26,0,4
BRDA:209,26,1,0
BRDA:213,27,0,0
BRDA:213,27,1,4
BRDA:236,28,0,5
BRDA:236,28,1,1
BRDA:238,29,0,5
BRDA:238,29,1,0
BRDA:241,30,0,0
BRDA:241,30,1,5
BRDA:247,31,0,0
BRDA:247,31,1,5
BRDA:273,32,0,0
BRDA:273,32,1,19
BRDA:276,33,0,0
BRDA:276,33,1,0
BRDA:310,34,0,1
BRDA:310,34,1,18
BRDA:311,35,0,1
BRDA:311,35,1,18
BRDA:318,36,0,1
BRDA:318,36,1,18
BRDA:320,37,0,10
BRDA:320,37,1,8
BRDA:322,38,0,4
BRDA:322,38,1,4
BRF:78
BRH:48
end_of_record
TN:
SF:app/components/theme-provider.tsx
FN:14,ThemeProvider
FN:17,(anonymous_4)
FN:18,(anonymous_5)
FN:24,useTheme
FNF:4
FNH:2
FNDA:21,ThemeProvider
FNDA:0,(anonymous_4)
FNDA:0,(anonymous_5)
FNDA:24,useTheme
DA:3,1
DA:12,1
DA:14,22
DA:15,21
DA:17,21
DA:18,0
DA:24,24
DA:25,24
DA:26,24
DA:27,0
DA:29,24
LF:11
LH:9
BRDA:18,0,0,0
BRDA:18,0,1,0
BRDA:26,1,0,0
BRDA:26,1,1,24
BRF:4
BRH:1
end_of_record
TN:
SF:app/components/tiktok-proxy.tsx
FN:12,TikTokProxy
FN:15,(anonymous_2)
FN:24,(anonymous_3)
FNF:3
FNH:0
FNDA:0,TikTokProxy
FNDA:0,(anonymous_2)
FNDA:0,(anonymous_3)
DA:3,0
DA:12,0
DA:13,0
DA:15,0
DA:17,0
DA:18,0
DA:19,0
DA:20,0
DA:21,0
DA:22,0
DA:24,0
DA:25,0
DA:73,0
DA:75,0
DA:77,0
DA:79,0
DA:81,0
LF:17
LH:0
BRDA:43,0,0,0
BRDA:43,0,1,0
BRDA:73,1,0,0
BRDA:73,1,1,0
BRDA:73,1,2,0
BRDA:73,1,3,0
BRF:6
BRH:0
end_of_record
TN:
SF:app/components/twitch-widget.tsx
FN:17,TwitchWidget
FN:28,(anonymous_2)
FN:46,(anonymous_3)
FN:51,(anonymous_4)
FN:56,(anonymous_5)
FN:72,(anonymous_6)
FN:88,(anonymous_7)
FN:94,(anonymous_8)
FN:108,(anonymous_9)
FN:164,(anonymous_10)
FN:181,(anonymous_11)
FN:183,(anonymous_12)
FN:189,(anonymous_13)
FN:210,(anonymous_14)
FN:223,(anonymous_15)
FNF:15
FNH:0
FNDA:0,TwitchWidget
FNDA:0,(anonymous_2)
FNDA:0,(anonymous_3)
FNDA:0,(anonymous_4)
FNDA:0,(anonymous_5)
FNDA:0,(anonymous_6)
FNDA:0,(anonymous_7)
FNDA:0,(anonymous_8)
FNDA:0,(anonymous_9)
FNDA:0,(anonymous_10)
FNDA:0,(anonymous_11)
FNDA:0,(anonymous_12)
FNDA:0,(anonymous_13)
FNDA:0,(anonymous_14)
FNDA:0,(anonymous_15)
DA:3,1
DA:4,1
DA:5,1
DA:6,1
DA:7,1
DA:17,0
DA:18,0
DA:19,0
DA:20,0
DA:21,0
DA:22,0
DA:23,0
DA:24,0
DA:26,0
DA:28,0
DA:29,0
DA:30,0
DA:31,0
DA:34,0
DA:35,0
DA:36,0
DA:37,0
DA:40,0
DA:41,0
DA:42,0
DA:43,0
DA:46,0
DA:47,0
DA:48,0
DA:51,0
DA:52,0
DA:53,0
DA:56,0
DA:57,0
DA:58,0
DA:61,0
DA:65,0
DA:67,0
DA:72,0
DA:73,0
DA:74,0
DA:77,0
DA:81,0
DA:83,0
DA:88,0
DA:89,0
DA:90,0
DA:94,0
DA:95,0
DA:97,0
DA:104,0
DA:108,0
DA:109,0
DA:110,0
DA:111,0
DA:164,0
DA:181,0
DA:183,0
DA:189,0
DA:210,0
DA:223,0
LF:61
LH:5
BRDA:26,0,0,0
BRDA:26,0,1,0
BRDA:29,1,0,0
BRDA:29,1,1,0
BRDA:35,2,0,0
BRDA:35,2,1,0
BRDA:57,3,0,0
BRDA:57,3,1,0
BRDA:57,4,0,0
BRDA:57,4,1,0
BRDA:62,5,0,0
BRDA:62,5,1,0
BRDA:73,6,0,0
BRDA:73,6,1,0
BRDA:73,7,0,0
BRDA:73,7,1,0
BRDA:78,8,0,0
BRDA:78,8,1,0
BRDA:89,9,0,0
BRDA:89,9,1,0
BRDA:95,10,0,0
BRDA:95,10,1,0
BRDA:109,11,0,0
BRDA:109,11,1,0
BRDA:116,12,0,0
BRDA:116,12,1,0
BRDA:122,13,0,0
BRDA:122,13,1,0
BRDA:123,14,0,0
BRDA:123,14,1,0
BRDA:125,15,0,0
BRDA:126,16,0,0
BRDA:126,16,1,0
BRDA:130,17,0,0
BRDA:137,18,0,0
BRDA:137,18,1,0
BRDA:139,19,0,0
BRDA:146,20,0,0
BRDA:146,20,1,0
BRDA:148,21,0,0
BRDA:177,22,0,0
BRDA:183,23,0,0
BRDA:183,23,1,0
BRDA:193,24,0,0
BRDA:199,25,0,0
BRDA:199,25,1,0
BRDA:199,26,0,0
BRDA:199,26,1,0
BRDA:204,27,0,0
BRDA:204,27,1,0
BRDA:207,28,0,0
BRDA:207,28,1,0
BRDA:214,29,0,0
BRDA:214,29,1,0
BRDA:214,30,0,0
BRDA:214,30,1,0
BRDA:219,31,0,0
BRDA:219,31,1,0
BRDA:227,32,0,0
BRDA:227,32,1,0
BRDA:227,33,0,0
BRDA:227,33,1,0
BRDA:229,34,0,0
BRDA:233,35,0,0
BRDA:233,35,1,0
BRF:65
BRH:0
end_of_record
TN:
SF:app/components/video-stream-widget.tsx
FN:17,(anonymous_5)
FN:17,(anonymous_6)
FN:29,VideoStreamWidget
FN:41,(anonymous_8)
FN:62,(anonymous_9)
FN:71,(anonymous_10)
FN:77,(anonymous_11)
FN:84,(anonymous_12)
FN:133,(anonymous_13)
FN:148,(anonymous_14)
FN:170,(anonymous_15)
FN:175,(anonymous_16)
FN:179,(anonymous_17)
FN:184,(anonymous_18)
FN:198,(anonymous_19)
FN:222,(anonymous_20)
FN:223,(anonymous_21)
FN:230,(anonymous_22)
FN:333,(anonymous_23)
FN:334,(anonymous_24)
FN:345,(anonymous_25)
FN:370,(anonymous_26)
FNF:22
FNH:4
FNDA:2,(anonymous_5)
FNDA:2,(anonymous_6)
FNDA:10,VideoStreamWidget
FNDA:0,(anonymous_8)
FNDA:10,(anonymous_9)
FNDA:0,(anonymous_10)
FNDA:0,(anonymous_11)
FNDA:0,(anonymous_12)
FNDA:0,(anonymous_13)
FNDA:0,(anonymous_14)
FNDA:0,(anonymous_15)
FNDA:0,(anonymous_16)
FNDA:0,(anonymous_17)
FNDA:0,(anonymous_18)
FNDA:0,(anonymous_19)
FNDA:0,(anonymous_20)
FNDA:0,(anonymous_21)
FNDA:0,(anonymous_22)
FNDA:0,(anonymous_23)
FNDA:0,(anonymous_24)
FNDA:0,(anonymous_25)
FNDA:0,(anonymous_26)
DA:3,2
DA:4,2
DA:5,2
DA:6,2
DA:8,2
DA:9,2
DA:12,2
DA:15,2
DA:16,2
DA:17,2
DA:18,2
DA:19,2
DA:29,10
DA:30,10
DA:31,10
DA:32,10
DA:33,10
DA:34,10
DA:35,10
DA:36,10
DA:37,10
DA:38,10
DA:39,10
DA:41,10
DA:42,0
DA:44,0
DA:46,0
DA:48,0
DA:51,0
DA:52,0
DA:53,0
DA:54,0
DA:55,0
DA:56,0
DA:58,0
DA:62,10
DA:64,10
DA:65,0
DA:66,0
DA:67,0
DA:68,0
DA:70,0
DA:71,0
DA:72,0
DA:73,0
DA:74,0
DA:77,0
DA:78,0
DA:79,0
DA:80,0
DA:81,0
DA:84,0
DA:85,0
DA:86,0
DA:87,0
DA:91,0
DA:92,0
DA:97,10
DA:99,10
DA:100,10
DA:101,10
DA:102,10
DA:103,10
DA:104,10
DA:105,10
DA:107,10
DA:110,10
DA:134,0
DA:135,0
DA:138,0
DA:139,0
DA:148,0
DA:149,0
DA:150,0
DA:153,0
DA:154,0
DA:155,0
DA:156,0
DA:157,0
DA:158,0
DA:159,0
DA:160,0
DA:161,0
DA:162,0
DA:164,0
DA:165,0
DA:170,0
DA:171,0
DA:172,0
DA:175,0
DA:176,0
DA:179,0
DA:180,0
DA:184,0
DA:185,0
DA:186,0
DA:187,0
DA:188,0
DA:190,0
DA:191,0
DA:192,0
DA:198,10
DA:199,0
DA:200,0
DA:201,0
DA:202,0
DA:203,0
DA:206,0
DA:208,0
DA:213,0
DA:215,0
DA:218,0
DA:222,10
DA:223,0
DA:224,0
DA:225,0
DA:226,0
DA:227,0
DA:230,10
DA:231,0
DA:234,10
DA:333,0
DA:334,0
DA:346,0
DA:347,0
DA:348,0
DA:350,0
DA:351,0
DA:353,0
DA:354,0
DA:356,0
DA:357,0
DA:359,0
DA:360,0
DA:362,0
DA:363,0
DA:365,0
DA:368,0
DA:370,0
LF:139
LH:40
BRDA:16,0,0,2
BRDA:16,0,1,0
BRDA:18,1,0,2
BRDA:18,1,1,0
BRDA:42,2,0,0
BRDA:42,2,1,0
BRDA:42,2,2,0
BRDA:42,2,3,0
BRDA:52,3,0,0
BRDA:52,3,1,0
BRDA:52,4,0,0
BRDA:52,4,1,0
BRDA:53,5,0,0
BRDA:53,5,1,0
BRDA:53,6,0,0
BRDA:53,6,1,0
BRDA:54,7,0,0
BRDA:54,7,1,0
BRDA:55,8,0,0
BRDA:55,8,1,0
BRDA:56,9,0,0
BRDA:56,9,1,0
BRDA:56,10,0,0
BRDA:56,10,1,0
BRDA:64,11,0,0
BRDA:64,11,1,10
BRDA:64,12,0,10
BRDA:64,12,1,1
BRDA:64,12,2,1
BRDA:64,12,3,0
BRDA:85,13,0,0
BRDA:85,13,1,0
BRDA:97,14,0,10
BRDA:97,14,1,0
BRDA:97,15,0,10
BRDA:97,15,1,10
BRDA:97,15,2,10
BRDA:138,16,0,0
BRDA:138,16,1,0
BRDA:153,17,0,0
BRDA:153,17,1,0
BRDA:153,18,0,0
BRDA:153,18,1,0
BRDA:157,19,0,0
BRDA:157,19,1,0
BRDA:157,20,0,0
BRDA:157,20,1,0
BRDA:160,21,0,0
BRDA:160,21,1,0
BRDA:160,22,0,0
BRDA:160,22,1,0
BRDA:185,23,0,0
BRDA:185,23,1,0
BRDA:185,24,0,0
BRDA:185,24,1,0
BRDA:190,25,0,0
BRDA:190,25,1,0
BRDA:199,26,0,0
BRDA:199,26,1,0
BRDA:199,27,0,0
BRDA:199,27,1,0
BRDA:199,27,2,0
BRDA:202,28,0,0
BRDA:202,28,1,0
BRDA:202,29,0,0
BRDA:202,29,1,0
BRDA:202,29,2,0
BRDA:234,30,0,0
BRDA:234,30,1,10
BRDA:237,31,0,0
BRDA:237,31,1,0
BRDA:260,32,0,0
BRDA:298,33,0,1
BRDA:298,33,1,9
BRDA:304,34,0,10
BRDA:306,35,0,0
BRDA:306,35,1,10
BRDA:306,36,0,0
BRDA:306,36,1,10
BRDA:325,37,0,0
BRDA:337,38,0,0
BRDA:350,39,0,0
BRDA:350,39,1,0
BRDA:351,40,0,0
BRDA:351,40,1,0
BRDA:351,40,2,0
BRDA:351,40,3,0
BRDA:351,40,4,0
BRF:88
BRH:16
end_of_record
TN:
SF:app/components/weather-location-selector.tsx
FN:34,WeatherLocationSelector
FN:42,(anonymous_5)
FN:75,(anonymous_6)
FN:87,(anonymous_7)
FN:126,(anonymous_8)
FN:146,(anonymous_9)
FN:150,(anonymous_10)
FNF:7
FNH:0
FNDA:0,WeatherLocationSelector
FNDA:0,(anonymous_5)
FNDA:0,(anonymous_6)
FNDA:0,(anonymous_7)
FNDA:0,(anonymous_8)
FNDA:0,(anonymous_9)
FNDA:0,(anonymous_10)
DA:3,1
DA:4,1
DA:5,1
DA:14,1
DA:19,1
DA:34,24
DA:35,0
DA:36,0
DA:37,0
DA:38,0
DA:39,0
DA:40,0
DA:42,0
DA:43,0
DA:44,0
DA:45,0
DA:48,0
DA:49,0
DA:51,0
DA:52,0
DA:56,0
DA:57,0
DA:60,0
DA:61,0
DA:62,0
DA:64,0
DA:67,0
DA:68,0
DA:69,0
DA:71,0
DA:75,0
DA:76,0
DA:80,0
DA:81,0
DA:82,0
DA:83,0
DA:84,0
DA:87,0
DA:88,0
DA:127,0
DA:128,0
DA:147,0
DA:150,0
LF:43
LH:6
BRDA:43,0,0,0
BRDA:43,0,1,0
BRDA:43,1,0,0
BRDA:43,1,1,0
BRDA:56,2,0,0
BRDA:56,2,1,0
BRDA:61,3,0,0
BRDA:61,3,1,0
BRDA:61,4,0,0
BRDA:61,4,1,0
BRDA:76,5,0,0
BRDA:76,5,1,0
BRDA:88,6,0,0
BRDA:88,6,1,0
BRDA:104,7,0,0
BRDA:104,7,1,0
BRDA:132,8,0,0
BRDA:135,9,0,0
BRDA:138,10,0,0
BRDA:138,10,1,0
BRDA:138,10,2,0
BRDA:138,10,3,0
BRDA:141,11,0,0
BRDA:141,11,1,0
BRDA:141,11,2,0
BRDA:144,12,0,0
BRDA:162,13,0,0
BRDA:162,13,1,0
BRF:28
BRH:0
end_of_record
TN:
SF:app/components/weather-widget.tsx
FN:65,WeatherWidget
FN:80,(anonymous_5)
FN:102,(anonymous_6)
FN:127,(anonymous_7)
FN:158,(anonymous_8)
FN:170,(anonymous_9)
FN:176,(anonymous_10)
FN:184,(anonymous_11)
FN:190,(anonymous_12)
FN:196,(anonymous_13)
FN:225,(anonymous_14)
FN:274,(anonymous_15)
FN:291,(anonymous_16)
FN:295,(anonymous_17)
FN:316,(anonymous_18)
FNF:15
FNH:0
FNDA:0,WeatherWidget
FNDA:0,(anonymous_5)
FNDA:0,(anonymous_6)
FNDA:0,(anonymous_7)
FNDA:0,(anonymous_8)
FNDA:0,(anonymous_9)
FNDA:0,(anonymous_10)
FNDA:0,(anonymous_11)
FNDA:0,(anonymous_12)
FNDA:0,(anonymous_13)
FNDA:0,(anonymous_14)
FNDA:0,(anonymous_15)
FNDA:0,(anonymous_16)
FNDA:0,(anonymous_17)
FNDA:0,(anonymous_18)
DA:3,1
DA:4,1
DA:5,1
DA:6,1
DA:15,1
DA:20,1
DA:65,0
DA:66,0
DA:67,0
DA:68,0
DA:69,0
DA:70,0
DA:71,0
DA:72,0
DA:73,0
DA:74,0
DA:75,0
DA:77,0
DA:80,0
DA:81,0
DA:99,0
DA:102,0
DA:103,0
DA:105,0
DA:106,0
DA:108,0
DA:109,0
DA:111,0
DA:112,0
DA:113,0
DA:116,0
DA:117,0
DA:118,0
DA:120,0
DA:121,0
DA:123,0
DA:127,0
DA:128,0
DA:129,0
DA:130,0
DA:133,0
DA:135,0
DA:136,0
DA:140,0
DA:141,0
DA:144,0
DA:145,0
DA:146,0
DA:148,0
DA:151,0
DA:152,0
DA:154,0
DA:158,0
DA:159,0
DA:163,0
DA:164,0
DA:165,0
DA:166,0
DA:167,0
DA:170,0
DA:171,0
DA:176,0
DA:177,0
DA:178,0
DA:180,0
DA:184,0
DA:185,0
DA:186,0
DA:190,0
DA:191,0
DA:194,0
DA:196,0
DA:197,0
DA:198,0
DA:203,0
DA:204,0
DA:205,0
DA:225,0
DA:275,0
DA:276,0
DA:292,0
DA:295,0
DA:316,0
LF:83
LH:6
BRDA:77,0,0,0
BRDA:77,0,1,0
BRDA:82,1,0,0
BRDA:82,1,1,0
BRDA:82,2,0,0
BRDA:82,2,1,0
BRDA:83,3,0,0
BRDA:83,3,1,0
BRDA:83,4,0,0
BRDA:83,4,1,0
BRDA:99,5,0,0
BRDA:99,5,1,0
BRDA:103,6,0,0
BRDA:103,6,1,0
BRDA:103,7,0,0
BRDA:103,7,1,0
BRDA:112,8,0,0
BRDA:112,8,1,0
BRDA:120,9,0,0
BRDA:120,9,1,0
BRDA:128,10,0,0
BRDA:128,10,1,0
BRDA:128,11,0,0
BRDA:128,11,1,0
BRDA:140,12,0,0
BRDA:140,12,1,0
BRDA:145,13,0,0
BRDA:145,13,1,0
BRDA:145,14,0,0
BRDA:145,14,1,0
BRDA:159,15,0,0
BRDA:159,15,1,0
BRDA:171,16,0,0
BRDA:171,16,1,0
BRDA:197,17,0,0
BRDA:197,17,1,0
BRDA:205,18,0,0
BRDA:205,18,1,0
BRDA:208,19,0,0
BRDA:208,19,1,0
BRDA:211,20,0,0
BRDA:214,21,0,0
BRDA:214,21,1,0
BRDA:215,22,0,0
BRDA:215,22,1,0
BRDA:217,23,0,0
BRDA:218,24,0,0
BRDA:218,24,1,0
BRDA:237,25,0,0
BRDA:237,25,1,0
BRDA:246,26,0,0
BRDA:280,27,0,0
BRDA:283,28,0,0
BRDA:283,28,1,0
BRDA:283,28,2,0
BRDA:286,29,0,0
BRDA:286,29,1,0
BRDA:289,30,0,0
BRDA:325,31,0,0
BRDA:326,32,0,0
BRDA:326,32,1,0
BRDA:327,33,0,0
BRDA:327,33,1,0
BRDA:330,34,0,0
BRDA:330,34,1,0
BRDA:343,35,0,0
BRDA:342,36,0,0
BRDA:342,36,1,0
BRDA:345,37,0,0
BRDA:345,37,1,0
BRDA:346,38,0,0
BRDA:346,38,1,0
BRDA:356,39,0,0
BRDA:360,40,0,0
BRDA:360,40,1,0
BRDA:363,41,0,0
BRDA:363,41,1,0
BRDA:366,42,0,0
BRDA:366,42,1,0
BRDA:373,43,0,0
BRDA:373,43,1,0
BRDA:377,44,0,0
BRDA:377,44,1,0
BRDA:381,45,0,0
BRDA:381,45,1,0
BRDA:385,46,0,0
BRDA:385,46,1,0
BRDA:392,47,0,0
BRDA:394,48,0,0
BRDA:394,48,1,0
BRDA:397,49,0,0
BRDA:397,49,1,0
BRDA:404,50,0,0
BRDA:406,51,0,0
BRDA:406,51,1,0
BRDA:410,52,0,0
BRDA:410,52,1,0
BRDA:417,53,0,0
BRDA:419,54,0,0
BRDA:419,54,1,0
BRF:100
BRH:0
end_of_record
TN:
SF:app/components/website-widget.tsx
FN:15,WebsiteWidget
FN:20,(anonymous_2)
FN:21,(anonymous_3)
FN:40,(anonymous_4)
FN:56,(anonymous_5)
FN:82,(anonymous_6)
FN:99,(anonymous_7)
FN:109,(anonymous_8)
FN:110,(anonymous_9)
FNF:9
FNH:0
FNDA:0,WebsiteWidget
FNDA:0,(anonymous_2)
FNDA:0,(anonymous_3)
FNDA:0,(anonymous_4)
FNDA:0,(anonymous_5)
FNDA:0,(anonymous_6)
FNDA:0,(anonymous_7)
FNDA:0,(anonymous_8)
FNDA:0,(anonymous_9)
DA:3,1
DA:4,1
DA:5,1
DA:6,1
DA:15,0
DA:16,0
DA:17,0
DA:18,0
DA:20,0
DA:21,0
DA:22,0
DA:23,0
DA:26,0
DA:40,0
DA:56,0
DA:82,0
DA:99,0
DA:109,0
DA:110,0
LF:19
LH:4
BRDA:26,0,0,0
BRDA:26,0,1,0
BRDA:29,1,0,0
BRDA:29,1,1,0
BRDA:72,2,0,0
BRDA:72,2,1,0
BRDA:92,3,0,0
BRF:7
BRH:0
end_of_record
TN:
SF:app/components/world-time-widget.tsx
FN:28,WorldTimeWidget
FN:120,(anonymous_2)
FN:121,(anonymous_3)
FN:128,(anonymous_4)
FN:163,(anonymous_5)
FN:187,(anonymous_6)
FN:238,(anonymous_7)
FN:260,(anonymous_8)
FN:276,(anonymous_9)
FN:286,(anonymous_10)
FN:291,(anonymous_11)
FN:293,(anonymous_12)
FN:299,(anonymous_13)
FN:303,(anonymous_14)
FN:306,(anonymous_15)
FN:371,(anonymous_16)
FN:374,(anonymous_17)
FN:384,(anonymous_18)
FN:386,(anonymous_19)
FN:436,(anonymous_20)
FN:437,(anonymous_21)
FNF:21
FNH:16
FNDA:73,WorldTimeWidget
FNDA:17,(anonymous_2)
FNDA:17,(anonymous_3)
FNDA:0,(anonymous_4)
FNDA:17,(anonymous_5)
FNDA:0,(anonymous_6)
FNDA:119,(anonymous_7)
FNDA:17,(anonymous_8)
FNDA:17,(anonymous_9)
FNDA:17,(anonymous_10)
FNDA:17,(anonymous_11)
FNDA:0,(anonymous_12)
FNDA:17,(anonymous_13)
FNDA:34,(anonymous_14)
FNDA:51,(anonymous_15)
FNDA:17,(anonymous_16)
FNDA:0,(anonymous_17)
FNDA:2457,(anonymous_18)
FNDA:1950,(anonymous_19)
FNDA:1950,(anonymous_20)
FNDA:0,(anonymous_21)
DA:3,2
DA:4,2
DA:5,2
DA:6,2
DA:7,2
DA:8,2
DA:28,17
DA:36,73
DA:37,73
DA:38,73
DA:39,73
DA:40,73
DA:41,73
DA:42,73
DA:43,73
DA:44,73
DA:45,73
DA:48,73
DA:120,73
DA:121,17
DA:122,17
DA:124,17
DA:127,17
DA:128,17
DA:130,17
DA:138,15
DA:140,15
DA:141,15
DA:142,15
DA:144,0
DA:145,0
DA:146,0
DA:147,0
DA:151,17
DA:155,17
DA:156,17
DA:159,17
DA:163,73
DA:164,17
DA:167,17
DA:168,0
DA:169,0
DA:170,0
DA:174,17
DA:175,17
DA:176,0
DA:179,17
DA:180,17
DA:183,17
DA:186,17
DA:187,17
DA:189,17
DA:197,15
DA:199,15
DA:200,0
DA:203,15
DA:205,15
DA:206,15
DA:209,0
DA:212,0
DA:213,0
DA:216,0
DA:217,0
DA:218,0
DA:219,0
DA:221,0
DA:223,17
DA:225,17
DA:226,17
DA:227,17
DA:230,17
DA:231,17
DA:232,17
DA:237,17
DA:238,119
DA:240,17
DA:248,17
DA:250,0
DA:251,0
DA:255,17
DA:260,73
DA:261,17
DA:262,17
DA:263,17
DA:264,17
DA:265,17
DA:266,17
DA:267,17
DA:268,17
DA:269,17
DA:271,0
DA:276,73
DA:277,17
DA:278,17
DA:279,17
DA:281,0
DA:286,73
DA:287,17
DA:291,73
DA:292,17
DA:294,0
DA:299,17
DA:303,73
DA:304,34
DA:306,17
DA:307,51
DA:310,51
DA:312,51
DA:316,0
DA:317,0
DA:320,0
DA:321,0
DA:322,0
DA:323,0
DA:324,0
DA:325,0
DA:327,0
DA:330,0
DA:335,51
DA:343,51
DA:351,51
DA:353,51
DA:354,51
DA:355,51
DA:358,0
DA:359,0
DA:362,0
DA:363,0
DA:364,0
DA:368,17
DA:369,17
DA:371,17
DA:374,73
DA:376,0
DA:377,0
DA:379,0
DA:380,0
DA:381,0
DA:384,2457
DA:386,73
DA:387,1950
DA:388,1950
DA:389,1911
DA:390,39
DA:391,39
DA:393,0
DA:437,1950
LF:147
LH:104
BRDA:140,0,0,15
BRDA:140,0,1,0
BRDA:144,1,0,0
BRDA:144,1,1,0
BRDA:144,2,0,0
BRDA:144,2,1,0
BRDA:163,3,0,0
BRDA:164,4,0,0
BRDA:164,4,1,17
BRDA:167,5,0,0
BRDA:167,5,1,17
BRDA:175,6,0,0
BRDA:175,6,1,17
BRDA:175,7,0,17
BRDA:175,7,1,0
BRDA:180,8,0,17
BRDA:180,8,1,0
BRDA:199,9,0,0
BRDA:199,9,1,15
BRDA:205,10,0,15
BRDA:205,10,1,0
BRDA:212,11,0,0
BRDA:212,11,1,0
BRDA:212,12,0,0
BRDA:212,12,1,0
BRDA:221,13,0,0
BRDA:221,13,1,0
BRDA:225,14,0,17
BRDA:225,14,1,0
BRDA:238,15,0,17
BRDA:238,15,1,0
BRDA:255,16,0,17
BRDA:255,16,1,0
BRDA:268,17,0,17
BRDA:268,17,1,0
BRDA:304,18,0,17
BRDA:304,18,1,17
BRDA:310,19,0,51
BRDA:310,19,1,0
BRDA:321,20,0,0
BRDA:321,20,1,0
BRDA:322,21,0,0
BRDA:322,21,1,0
BRDA:336,22,0,51
BRDA:336,22,1,0
BRDA:344,23,0,51
BRDA:344,23,1,0
BRDA:351,24,0,51
BRDA:351,24,1,0
BRDA:388,25,0,1911
BRDA:388,25,1,39
BRDA:390,26,0,39
BRDA:390,26,1,0
BRDA:397,27,0,4
BRDA:397,27,1,69
BRDA:401,28,0,4
BRDA:401,28,1,69
BRDA:402,29,0,73
BRDA:453,30,0,17
BRDA:459,31,0,3
BRDA:459,31,1,53
BRDA:463,32,0,3
BRDA:463,32,1,53
BRDA:466,33,0,3
BRDA:466,33,1,53
BRDA:467,34,0,56
BRDA:468,35,0,2
BRDA:468,35,1,37
BRDA:470,36,0,39
BRDA:470,36,1,0
BRDA:471,37,0,39
BRDA:471,37,1,39
BRF:72
BRH:39
end_of_record
TN:
SF:app/utils/popup-manager.ts
FN:23,(anonymous_1)
FN:25,(anonymous_2)
FN:28,(anonymous_3)
FN:35,(anonymous_4)
FN:41,(anonymous_5)
FN:75,(anonymous_6)
FN:83,(anonymous_7)
FN:84,(anonymous_8)
FN:92,(anonymous_9)
FN:97,(anonymous_10)
FN:104,(anonymous_11)
FN:106,(anonymous_12)
FN:116,(anonymous_13)
FN:141,(anonymous_14)
FN:145,(anonymous_15)
FN:174,(anonymous_16)
FN:175,(anonymous_17)
FN:182,(anonymous_18)
FNF:18
FNH:14
FNDA:3,(anonymous_1)
FNDA:0,(anonymous_2)
FNDA:53,(anonymous_3)
FNDA:22,(anonymous_4)
FNDA:9,(anonymous_5)
FNDA:27,(anonymous_6)
FNDA:37,(anonymous_7)
FNDA:7,(anonymous_8)
FNDA:6,(anonymous_9)
FNDA:1,(anonymous_10)
FNDA:32,(anonymous_11)
FNDA:4,(anonymous_12)
FNDA:9,(anonymous_13)
FNDA:22,(anonymous_14)
FNDA:0,(anonymous_15)
FNDA:0,(anonymous_16)
FNDA:0,(anonymous_17)
FNDA:20,(anonymous_18)
DA:17,3
DA:18,3
DA:19,3
DA:20,3
DA:21,3
DA:25,3
DA:29,53
DA:30,3
DA:32,53
DA:36,22
DA:37,22
DA:38,22
DA:43,9
DA:46,9
DA:49,9
DA:55,9
DA:57,8
DA:65,8
DA:66,8
DA:72,9
DA:76,27
DA:77,27
DA:78,1
DA:80,27
DA:84,37
DA:85,7
DA:86,7
DA:89,37
DA:93,6
DA:94,6
DA:98,1
DA:99,1
DA:100,1
DA:105,32
DA:106,32
DA:107,4
DA:108,4
DA:110,0
DA:113,32
DA:118,9
DA:119,9
DA:122,9
DA:123,9
DA:126,9
DA:129,9
DA:130,9
DA:133,9
DA:142,22
DA:145,22
DA:146,0
DA:147,0
DA:149,0
DA:150,0
DA:153,0
DA:154,0
DA:155,0
DA:156,0
DA:159,0
DA:160,0
DA:163,0
DA:164,0
DA:165,0
DA:166,0
DA:175,0
DA:176,0
DA:177,0
DA:183,20
DA:184,20
DA:186,20
DA:190,53
LF:70
LH:52
BRDA:29,0,0,3
BRDA:29,0,1,50
BRDA:55,1,0,8
BRDA:55,1,1,1
BRDA:77,2,0,1
BRDA:77,2,1,26
BRDA:77,3,0,27
BRDA:77,3,1,1
BRDA:77,3,2,1
BRDA:85,4,0,7
BRDA:85,4,1,0
BRDA:85,5,0,7
BRDA:85,5,1,7
BRDA:94,6,0,6
BRDA:94,6,1,1
BRDA:94,6,2,1
BRDA:99,7,0,1
BRDA:99,7,1,0
BRDA:99,8,0,1
BRDA:99,8,1,1
BRDA:99,8,2,1
BRDA:107,9,0,4
BRDA:107,9,1,0
BRDA:107,10,0,4
BRDA:107,10,1,4
BRDA:147,11,0,0
BRDA:147,11,1,0
BRDA:147,12,0,0
BRDA:147,12,1,0
BRDA:147,12,2,0
BRDA:176,13,0,0
BRDA:176,13,1,0
BRDA:176,14,0,0
BRDA:176,14,1,0
BRDA:183,15,0,20
BRDA:183,15,1,0
BRF:36
BRH:23
end_of_record
TN:
SF:components/theme-provider.tsx
FN:9,ThemeProvider
FNF:1
FNH:0
FNDA:0,ThemeProvider
DA:3,0
DA:7,0
DA:9,0
LF:3
LH:0
BRF:0
BRH:0
end_of_record
TN:
SF:components/ui/accordion.tsx
FNF:0
FNH:0
DA:3,0
DA:4,0
DA:5,0
DA:7,0
DA:9,0
DA:21,0
DA:41,0
DA:56,0
DA:58,0
LF:9
LH:0
BRF:0
BRH:0
end_of_record
TN:
SF:components/ui/alert-dialog.tsx
FNF:0
FNH:0
DA:3,0
DA:4,0
DA:6,0
DA:7,0
DA:9,0
DA:11,0
DA:13,0
DA:28,0
DA:46,0
DA:60,0
DA:74,0
DA:86,0
DA:98,0
DA:111,0
DA:127,0
DA:130,0
DA:131,0
DA:132,0
DA:133,0
DA:134,0
DA:135,0
DA:136,0
DA:137,0
DA:138,0
DA:139,0
DA:140,0
LF:26
LH:0
BRF:0
BRH:0
end_of_record
TN:
SF:components/ui/alert.tsx
FNF:0
FNH:0
DA:1,0
DA:2,0
DA:4,0
DA:6,0
DA:33,0
DA:45,0
DA:57,0
DA:59,0
LF:8
LH:0
BRF:0
BRH:0
end_of_record
TN:
SF:components/ui/aspect-ratio.tsx
FNF:0
FNH:0
DA:3,0
DA:5,0
DA:7,0
LF:3
LH:0
BRF:0
BRH:0
end_of_record
TN:
SF:components/ui/avatar.tsx
FNF:0
FNH:0
DA:3,0
DA:4,0
DA:6,0
DA:21,0
DA:33,0
DA:48,0
DA:50,0
LF:7
LH:0
BRF:0
BRH:0
end_of_record
TN:
SF:components/ui/badge.tsx
FN:30,Badge
FNF:1
FNH:0
FNDA:0,Badge
DA:1,0
DA:2,0
DA:4,0
DA:6,0
DA:36,0
LF:5
LH:0
BRF:0
BRH:0
end_of_record
TN:
SF:components/ui/breadcrumb.tsx
FN:47,(anonymous_14)
FNF:1
FNH:0
FNDA:0,(anonymous_14)
DA:1,0
DA:2,0
DA:3,0
DA:5,0
DA:13,0
DA:28,0
DA:40,0
DA:42,0
DA:48,0
DA:58,0
DA:73,0
DA:89,0
DA:105,0
DA:108,0
DA:109,0
DA:110,0
DA:111,0
DA:112,0
DA:113,0
DA:114,0
LF:20
LH:0
BRDA:48,0,0,0
BRDA:48,0,1,0
BRDA:86,1,0,0
BRDA:86,1,1,0
BRF:4
BRH:0
end_of_record
TN:
SF:components/ui/button.tsx
FN:43,(anonymous_6)
FNF:1
FNH:1
FNDA:731,(anonymous_6)
DA:1,6
DA:2,6
DA:3,6
DA:5,6
DA:7,6
DA:42,6
DA:44,731
DA:54,6
DA:56,895
LF:9
LH:9
BRDA:43,0,0,731
BRDA:44,1,0,0
BRDA:44,1,1,731
BRF:3
BRH:2
end_of_record
TN:
SF:components/ui/calendar.tsx
FN:12,Calendar
FNF:1
FNH:0
FNDA:0,Calendar
DA:3,0
DA:4,0
DA:5,0
DA:7,0
DA:8,0
DA:64,0
DA:66,0
LF:7
LH:0
BRDA:15,0,0,0
BRF:1
BRH:0
end_of_record
TN:
SF:components/ui/card.tsx
FNF:0
FNH:0
DA:1,6
DA:3,6
DA:18,6
DA:30,6
DA:45,6
DA:57,6
DA:65,6
DA:77,6
DA:79,203
LF:9
LH:9
BRF:0
BRH:0
end_of_record
TN:
SF:components/ui/carousel.tsx
FN:35,useCarousel
FN:49,(anonymous_11)
FN:71,(anonymous_12)
FN:80,(anonymous_13)
FN:84,(anonymous_14)
FN:89,(anonymous_15)
FN:101,(anonymous_16)
FN:109,(anonymous_17)
FN:118,(anonymous_18)
FN:156,(anonymous_19)
FN:178,(anonymous_20)
FN:200,(anonymous_21)
FN:229,(anonymous_22)
FNF:13
FNH:0
FNDA:0,useCarousel
FNDA:0,(anonymous_11)
FNDA:0,(anonymous_12)
FNDA:0,(anonymous_13)
FNDA:0,(anonymous_14)
FNDA:0,(anonymous_15)
FNDA:0,(anonymous_16)
FNDA:0,(anonymous_17)
FNDA:0,(anonymous_18)
FNDA:0,(anonymous_19)
FNDA:0,(anonymous_20)
FNDA:0,(anonymous_21)
FNDA:0,(anonymous_22)
DA:3,0
DA:6,0
DA:7,0
DA:9,0
DA:10,0
DA:33,0
DA:36,0
DA:38,0
DA:39,0
DA:42,0
DA:45,0
DA:61,0
DA:68,0
DA:69,0
DA:71,0
DA:72,0
DA:73,0
DA:76,0
DA:77,0
DA:80,0
DA:81,0
DA:84,0
DA:85,0
DA:88,0
DA:90,0
DA:91,0
DA:92,0
DA:93,0
DA:94,0
DA:95,0
DA:101,0
DA:102,0
DA:103,0
DA:106,0
DA:109,0
DA:110,0
DA:111,0
DA:114,0
DA:115,0
DA:116,0
DA:118,0
DA:119,0
DA:151,0
DA:153,0
DA:157,0
DA:173,0
DA:175,0
DA:179,0
DA:195,0
DA:197,0
DA:201,0
DA:224,0
DA:226,0
DA:230,0
DA:253,0
DA:257,0
DA:258,0
DA:259,0
DA:260,0
DA:261,0
LF:60
LH:0
BRDA:38,0,0,0
BRDA:38,0,1,0
BRDA:51,1,0,0
BRDA:64,2,0,0
BRDA:64,2,1,0
BRDA:72,3,0,0
BRDA:72,3,1,0
BRDA:90,4,0,0
BRDA:90,4,1,0
BRDA:93,5,0,0
BRDA:93,5,1,0
BRDA:102,6,0,0
BRDA:102,6,1,0
BRDA:102,7,0,0
BRDA:102,7,1,0
BRDA:110,8,0,0
BRDA:110,8,1,0
BRDA:130,9,0,0
BRDA:130,9,1,0
BRDA:130,10,0,0
BRDA:130,10,1,0
BRDA:165,11,0,0
BRDA:165,11,1,0
BRDA:188,12,0,0
BRDA:188,12,1,0
BRDA:200,13,0,0
BRDA:200,14,0,0
BRDA:210,15,0,0
BRDA:210,15,1,0
BRDA:229,16,0,0
BRDA:229,17,0,0
BRDA:239,18,0,0
BRDA:239,18,1,0
BRF:33
BRH:0
end_of_record
TN:
SF:components/ui/chart.tsx
FN:27,useChart
FN:45,(anonymous_11)
FN:70,(anonymous_12)
FN:72,(anonymous_13)
FN:84,(anonymous_14)
FN:87,(anonymous_15)
FN:116,(anonymous_16)
FN:136,(anonymous_17)
FN:188,(anonymous_18)
FN:269,(anonymous_19)
FN:288,(anonymous_20)
FN:320,getPayloadConfigFromPayload
FNF:12
FNH:0
FNDA:0,useChart
FNDA:0,(anonymous_11)
FNDA:0,(anonymous_12)
FNDA:0,(anonymous_13)
FNDA:0,(anonymous_14)
FNDA:0,(anonymous_15)
FNDA:0,(anonymous_16)
FNDA:0,(anonymous_17)
FNDA:0,(anonymous_18)
FNDA:0,(anonymous_19)
FNDA:0,(anonymous_20)
FNDA:0,getPayloadConfigFromPayload
DA:3,0
DA:4,0
DA:6,0
DA:9,0
DA:25,0
DA:28,0
DA:30,0
DA:31,0
DA:34,0
DA:37,0
DA:46,0
DA:47,0
DA:68,0
DA:70,0
DA:71,0
DA:72,0
DA:75,0
DA:76,0
DA:84,0
DA:89,0
DA:91,0
DA:103,0
DA:105,0
DA:134,0
DA:136,0
DA:137,0
DA:138,0
DA:141,0
DA:142,0
DA:143,0
DA:145,0
DA:149,0
DA:157,0
DA:158,0
DA:172,0
DA:173,0
DA:176,0
DA:189,0
DA:190,0
DA:191,0
DA:193,0
DA:257,0
DA:259,0
DA:261,0
DA:273,0
DA:275,0
DA:276,0
DA:289,0
DA:290,0
DA:292,0
DA:317,0
DA:325,0
DA:326,0
DA:330,0
DA:336,0
DA:338,0
DA:342,0
DA:343,0
DA:348,0
DA:353,0
DA:359,0
DA:360,0
DA:361,0
DA:362,0
DA:363,0
DA:364,0
LF:66
LH:0
BRDA:30,0,0,0
BRDA:30,0,1,0
BRDA:47,1,0,0
BRDA:47,1,1,0
BRDA:72,2,0,0
BRDA:72,2,1,0
BRDA:75,3,0,0
BRDA:75,3,1,0
BRDA:89,4,0,0
BRDA:89,4,1,0
BRDA:91,5,0,0
BRDA:91,5,1,0
BRDA:121,6,0,0
BRDA:122,7,0,0
BRDA:123,8,0,0
BRDA:137,9,0,0
BRDA:137,9,1,0
BRDA:137,10,0,0
BRDA:137,10,1,0
BRDA:142,11,0,0
BRDA:142,11,1,0
BRDA:142,11,2,0
BRDA:142,11,3,0
BRDA:145,12,0,0
BRDA:145,12,1,0
BRDA:145,13,0,0
BRDA:145,13,1,0
BRDA:146,14,0,0
BRDA:146,14,1,0
BRDA:149,15,0,0
BRDA:149,15,1,0
BRDA:157,16,0,0
BRDA:157,16,1,0
BRDA:172,17,0,0
BRDA:172,17,1,0
BRDA:172,18,0,0
BRDA:172,18,1,0
BRDA:176,19,0,0
BRDA:176,19,1,0
BRDA:186,20,0,0
BRDA:186,20,1,0
BRDA:189,21,0,0
BRDA:189,21,1,0
BRDA:189,21,2,0
BRDA:189,21,3,0
BRDA:191,22,0,0
BRDA:191,22,1,0
BRDA:191,22,2,0
BRDA:198,23,0,0
BRDA:198,23,1,0
BRDA:202,24,0,0
BRDA:201,25,0,0
BRDA:201,25,1,0
BRDA:201,25,2,0
BRDA:206,26,0,0
BRDA:208,27,0,0
BRDA:217,28,0,0
BRDA:217,28,1,0
BRDA:232,29,0,0
BRDA:232,29,1,0
BRDA:236,30,0,0
BRDA:236,30,1,0
BRDA:238,31,0,0
BRDA:238,31,1,0
BRDA:241,32,0,0
BRDA:270,33,0,0
BRDA:270,34,0,0
BRDA:275,35,0,0
BRDA:275,35,1,0
BRDA:284,36,0,0
BRDA:284,36,1,0
BRDA:289,37,0,0
BRDA:289,37,1,0
BRDA:289,37,2,0
BRDA:300,38,0,0
BRDA:299,39,0,0
BRDA:299,39,1,0
BRDA:325,40,0,0
BRDA:325,40,1,0
BRDA:325,41,0,0
BRDA:325,41,1,0
BRDA:330,42,0,0
BRDA:330,42,1,0
BRDA:330,43,0,0
BRDA:330,43,1,0
BRDA:330,43,2,0
BRDA:338,44,0,0
BRDA:338,44,1,0
BRDA:339,45,0,0
BRDA:339,45,1,0
BRDA:343,46,0,0
BRDA:343,46,1,0
BRDA:344,47,0,0
BRDA:344,47,1,0
BRDA:344,47,2,0
BRDA:353,48,0,0
BRDA:353,48,1,0
BRF:97
BRH:0
end_of_record
TN:
SF:components/ui/checkbox.tsx
FNF:0
FNH:0
DA:3,0
DA:4,0
DA:5,0
DA:7,0
DA:28,0
DA:30,0
LF:6
LH:0
BRF:0
BRH:0
end_of_record
TN:
SF:components/ui/collapsible.tsx
FNF:0
FNH:0
DA:3,0
DA:5,0
DA:7,0
DA:9,0
DA:11,0
LF:5
LH:0
BRF:0
BRH:0
end_of_record
TN:
SF:components/ui/command.tsx
FN:26,(anonymous_14)
FN:127,(anonymous_21)
FNF:2
FNH:0
FNDA:0,(anonymous_14)
FNDA:0,(anonymous_21)
DA:3,2
DA:5,2
DA:6,2
DA:8,2
DA:9,2
DA:24,2
DA:26,2
DA:55,2
DA:68,2
DA:81,2
DA:97,2
DA:109,2
DA:125,2
DA:127,2
DA:141,2
DA:144,73
DA:145,0
DA:146,73
DA:147,73
DA:148,73
DA:149,73
DA:150,1950
DA:151,0
DA:152,0
LF:24
LH:21
BRF:0
BRH:0
end_of_record
TN:
SF:components/ui/context-menu.tsx
FN:168,(anonymous_27)
FNF:1
FNH:0
FNDA:0,(anonymous_27)
DA:3,0
DA:4,0
DA:5,0
DA:7,0
DA:9,0
DA:11,0
DA:13,0
DA:15,0
DA:17,0
DA:19,0
DA:40,0
DA:55,0
DA:72,0
DA:90,0
DA:113,0
DA:136,0
DA:154,0
DA:166,0
DA:168,0
DA:182,0
DA:185,0
DA:186,0
DA:187,0
DA:188,0
DA:189,0
DA:190,0
DA:191,0
DA:192,0
DA:193,0
DA:194,0
DA:195,0
DA:196,0
DA:197,0
DA:198,0
DA:199,0
LF:35
LH:0
BRDA:31,0,0,0
BRDA:31,0,1,0
BRDA:84,1,0,0
BRDA:84,1,1,0
BRDA:148,2,0,0
BRDA:148,2,1,0
BRF:6
BRH:0
end_of_record
TN:
SF:components/ui/dialog.tsx
FNF:0
FNH:0
DA:3,2
DA:4,2
DA:5,2
DA:7,2
DA:9,2
DA:11,2
DA:13,2
DA:15,2
DA:30,2
DA:54,2
DA:68,2
DA:82,2
DA:97,2
DA:109,2
DA:112,168
DA:113,0
DA:114,0
DA:115,0
DA:116,144
DA:117,168
DA:118,168
DA:119,0
DA:120,168
DA:121,0
LF:24
LH:19
BRF:0
BRH:0
end_of_record
TN:
SF:components/ui/drawer.tsx
FNF:0
FNH:0
DA:3,0
DA:4,0
DA:6,0
DA:17,0
DA:19,0
DA:21,0
DA:23,0
DA:35,0
DA:56,0
DA:67,0
DA:78,0
DA:93,0
DA:105,0
DA:108,0
DA:109,0
DA:110,0
DA:111,0
DA:112,0
DA:113,0
DA:114,0
DA:115,0
DA:116,0
DA:117,0
LF:23
LH:0
BRDA:9,0,0,0
BRF:1
BRH:0
end_of_record
TN:
SF:components/ui/dropdown-menu.tsx
FN:171,(anonymous_27)
FNF:1
FNH:0
FNDA:0,(anonymous_27)
DA:3,1
DA:4,1
DA:5,1
DA:7,1
DA:9,1
DA:11,1
DA:13,1
DA:15,1
DA:17,1
DA:19,1
DA:40,1
DA:56,1
DA:75,1
DA:93,1
DA:116,1
DA:139,1
DA:157,1
DA:169,1
DA:171,1
DA:182,1
DA:185,24
DA:186,24
DA:187,24
DA:188,120
DA:189,0
DA:190,0
DA:191,0
DA:192,0
DA:193,0
DA:194,0
DA:195,0
DA:196,0
DA:197,0
DA:198,0
DA:199,0
LF:35
LH:24
BRDA:31,0,0,0
BRDA:31,0,1,0
BRDA:62,1,0,24
BRDA:87,2,0,0
BRDA:87,2,1,0
BRDA:151,3,0,0
BRDA:151,3,1,0
BRF:7
BRH:1
end_of_record
TN:
SF:components/ui/form.tsx
FN:31,(anonymous_12)
FN:44,(anonymous_13)
FN:78,(anonymous_14)
FN:92,(anonymous_15)
FN:109,(anonymous_16)
FN:131,(anonymous_17)
FN:148,(anonymous_18)
FNF:7
FNH:0
FNDA:0,(anonymous_12)
FNDA:0,(anonymous_13)
FNDA:0,(anonymous_14)
FNDA:0,(anonymous_15)
FNDA:0,(anonymous_16)
FNDA:0,(anonymous_17)
FNDA:0,(anonymous_18)
DA:3,0
DA:5,0
DA:13,0
DA:15,0
DA:16,0
DA:18,0
DA:27,0
DA:31,0
DA:44,0
DA:45,0
DA:46,0
DA:47,0
DA:49,0
DA:51,0
DA:52,0
DA:55,0
DA:57,0
DA:71,0
DA:75,0
DA:79,0
DA:87,0
DA:89,0
DA:93,0
DA:104,0
DA:106,0
DA:110,0
DA:126,0
DA:128,0
DA:132,0
DA:143,0
DA:145,0
DA:149,0
DA:150,0
DA:152,0
DA:153,0
DA:167,0
DA:170,0
DA:171,0
DA:172,0
DA:173,0
DA:174,0
DA:175,0
DA:176,0
DA:177,0
LF:44
LH:0
BRDA:51,0,0,0
BRDA:51,0,1,0
BRDA:98,1,0,0
BRDA:98,1,1,0
BRDA:117,2,0,0
BRDA:117,2,1,0
BRDA:150,3,0,0
BRDA:150,3,1,0
BRDA:152,4,0,0
BRDA:152,4,1,0
BRF:10
BRH:0
end_of_record
TN:
SF:components/ui/hover-card.tsx
FNF:0
FNH:0
DA:3,0
DA:4,0
DA:6,0
DA:8,0
DA:10,0
DA:27,0
DA:29,0
LF:7
LH:0
BRDA:15,0,0,0
BRDA:15,1,0,0
BRF:2
BRH:0
end_of_record
TN:
SF:components/ui/input-otp.tsx
FN:36,(anonymous_10)
FNF:1
FNH:0
FNDA:0,(anonymous_10)
DA:3,0
DA:4,0
DA:5,0
DA:7,0
DA:23,0
DA:31,0
DA:33,0
DA:37,0
DA:38,0
DA:59,0
DA:69,0
DA:71,0
LF:12
LH:0
BRDA:45,0,0,0
BRDA:45,0,1,0
BRDA:51,1,0,0
BRF:3
BRH:0
end_of_record
TN:
SF:components/ui/input.tsx
FN:6,(anonymous_4)
FNF:1
FNH:1
FNDA:48,(anonymous_4)
DA:1,1
DA:3,1
DA:5,1
DA:20,1
DA:22,216
LF:5
LH:5
BRF:0
BRH:0
end_of_record
TN:
SF:components/ui/label.tsx
FNF:0
FNH:0
DA:3,0
DA:4,0
DA:5,0
DA:7,0
DA:9,0
DA:24,0
DA:26,0
LF:7
LH:0
BRF:0
BRH:0
end_of_record
TN:
SF:components/ui/menubar.tsx
FN:203,(anonymous_30)
FNF:1
FNH:0
FNDA:0,(anonymous_30)
DA:3,0
DA:4,0
DA:5,0
DA:7,0
DA:9,0
DA:11,0
DA:13,0
DA:15,0
DA:17,0
DA:32,0
DA:47,0
DA:68,0
DA:83,0
DA:108,0
DA:126,0
DA:149,0
DA:171,0
DA:189,0
DA:201,0
DA:203,0
DA:217,0
DA:220,0
DA:221,0
DA:222,0
DA:223,0
DA:224,0
DA:225,0
DA:226,0
DA:227,0
DA:228,0
DA:229,0
DA:230,0
DA:231,0
DA:232,0
DA:233,0
DA:234,0
DA:235,0
LF:37
LH:0
BRDA:59,0,0,0
BRDA:59,0,1,0
BRDA:90,1,0,0
BRDA:90,2,0,0
BRDA:90,3,0,0
BRDA:120,4,0,0
BRDA:120,4,1,0
BRDA:183,5,0,0
BRDA:183,5,1,0
BRF:9
BRH:0
end_of_record
TN:
SF:components/ui/navigation-menu.tsx
FNF:0
FNH:0
DA:1,0
DA:2,0
DA:3,0
DA:4,0
DA:6,0
DA:24,0
DA:39,0
DA:41,0
DA:43,0
DA:63,0
DA:78,0
DA:80,0
DA:97,0
DA:115,0
DA:119,0
DA:120,0
DA:121,0
DA:122,0
DA:123,0
DA:124,0
DA:125,0
DA:126,0
DA:127,0
LF:23
LH:0
BRF:0
BRH:0
end_of_record
TN:
SF:components/ui/pagination.tsx
FNF:0
FNH:0
DA:1,0
DA:2,0
DA:4,0
DA:5,0
DA:15,0
DA:27,0
DA:35,0
DA:60,0
DA:76,0
DA:92,0
DA:107,0
DA:110,0
DA:111,0
DA:112,0
DA:113,0
DA:114,0
DA:115,0
DA:116,0
LF:18
LH:0
BRDA:45,0,0,0
BRDA:49,1,0,0
BRDA:49,1,1,0
BRDA:52,2,0,0
BRDA:52,2,1,0
BRF:5
BRH:0
end_of_record
TN:
SF:components/ui/popover.tsx
FNF:0
FNH:0
DA:3,2
DA:4,2
DA:6,2
DA:8,2
DA:10,2
DA:29,2
DA:31,73
LF:7
LH:7
BRDA:15,0,0,73
BRDA:15,1,0,73
BRF:2
BRH:2
end_of_record
TN:
SF:components/ui/progress.tsx
FNF:0
FNH:0
DA:3,0
DA:4,0
DA:6,0
DA:26,0
DA:28,0
LF:5
LH:0
BRDA:22,0,0,0
BRDA:22,0,1,0
BRF:2
BRH:0
end_of_record
TN:
SF:components/ui/radio-group.tsx
FN:12,(anonymous_6)
FN:26,(anonymous_7)
FNF:2
FNH:0
FNDA:0,(anonymous_6)
FNDA:0,(anonymous_7)
DA:3,0
DA:4,0
DA:5,0
DA:7,0
DA:9,0
DA:21,0
DA:23,0
DA:42,0
DA:44,0
LF:9
LH:0
BRF:0
BRH:0
end_of_record
TN:
SF:components/ui/resizable.tsx
FNF:0
FNH:0
DA:3,0
DA:4,0
DA:6,0
DA:21,0
DA:45,0
LF:5
LH:0
BRDA:37,0,0,0
BRF:1
BRH:0
end_of_record
TN:
SF:components/ui/scroll-area.tsx
FNF:0
FNH:0
DA:3,1
DA:4,1
DA:6,1
DA:24,1
DA:46,1
DA:48,0
LF:6
LH:5
BRDA:29,0,0,0
BRDA:35,1,0,0
BRDA:35,1,1,0
BRDA:37,2,0,0
BRDA:37,2,1,0
BRF:5
BRH:0
end_of_record
TN:
SF:components/ui/select.tsx
FNF:0
FNH:0
DA:3,1
DA:4,1
DA:5,1
DA:7,1
DA:9,1
DA:11,1
DA:13,1
DA:33,1
DA:50,1
DA:67,1
DA:100,1
DA:112,1
DA:135,1
DA:147,1
DA:150,72
DA:151,0
DA:152,72
DA:153,72
DA:154,72
DA:155,0
DA:156,384
DA:157,0
DA:158,0
DA:159,0
LF:24
LH:19
BRDA:73,0,0,0
BRDA:79,1,0,0
BRDA:79,1,1,0
BRDA:90,2,0,0
BRDA:90,2,1,0
BRF:5
BRH:0
end_of_record
TN:
SF:components/ui/separator.tsx
FNF:0
FNH:0
DA:3,0
DA:4,0
DA:6,0
DA:29,0
DA:31,0
LF:5
LH:0
BRDA:13,0,0,0
BRDA:13,1,0,0
BRDA:22,2,0,0
BRDA:22,2,1,0
BRF:4
BRH:0
end_of_record
TN:
SF:components/ui/sheet.tsx
FNF:0
FNH:0
DA:3,0
DA:4,0
DA:5,0
DA:6,0
DA:8,0
DA:10,0
DA:12,0
DA:14,0
DA:16,0
DA:31,0
DA:33,0
DA:75,0
DA:89,0
DA:103,0
DA:115,0
DA:127,0
DA:130,0
DA:131,0
DA:132,0
DA:133,0
DA:134,0
DA:135,0
DA:136,0
DA:137,0
DA:138,0
DA:139,0
LF:26
LH:0
BRDA:59,0,0,0
BRF:1
BRH:0
end_of_record
TN:
SF:components/ui/sidebar.tsx
FN:41,useSidebar
FN:58,(anonymous_29)
FN:78,(anonymous_30)
FN:93,(anonymous_31)
FN:95,(anonymous_32)
FN:96,(anonymous_33)
FN:100,(anonymous_34)
FN:101,(anonymous_35)
FN:112,(anonymous_36)
FN:120,(anonymous_37)
FN:167,(anonymous_38)
FN:265,(anonymous_39)
FN:275,(anonymous_40)
FN:291,(anonymous_41)
FN:320,(anonymous_42)
FN:338,(anonymous_43)
FN:356,(anonymous_44)
FN:371,(anonymous_45)
FN:386,(anonymous_46)
FN:401,(anonymous_47)
FN:419,(anonymous_48)
FN:434,(anonymous_49)
FN:455,(anonymous_50)
FN:544,(anonymous_54)
FN:601,(anonymous_55)
FN:652,(anonymous_57)
FN:654,(anonymous_58)
FN:715,(anonymous_61)
FNF:28
FNH:0
FNDA:0,useSidebar
FNDA:0,(anonymous_29)
FNDA:0,(anonymous_30)
FNDA:0,(anonymous_31)
FNDA:0,(anonymous_32)
FNDA:0,(anonymous_33)
FNDA:0,(anonymous_34)
FNDA:0,(anonymous_35)
FNDA:0,(anonymous_36)
FNDA:0,(anonymous_37)
FNDA:0,(anonymous_38)
FNDA:0,(anonymous_39)
FNDA:0,(anonymous_40)
FNDA:0,(anonymous_41)
FNDA:0,(anonymous_42)
FNDA:0,(anonymous_43)
FNDA:0,(anonymous_44)
FNDA:0,(anonymous_45)
FNDA:0,(anonymous_46)
FNDA:0,(anonymous_47)
FNDA:0,(anonymous_48)
FNDA:0,(anonymous_49)
FNDA:0,(anonymous_50)
FNDA:0,(anonymous_54)
FNDA:0,(anonymous_55)
FNDA:0,(anonymous_57)
FNDA:0,(anonymous_58)
FNDA:0,(anonymous_61)
DA:3,0
DA:4,0
DA:5,0
DA:6,0
DA:8,0
DA:9,0
DA:10,0
DA:11,0
DA:12,0
DA:13,0
DA:14,0
DA:20,0
DA:22,0
DA:23,0
DA:24,0
DA:25,0
DA:26,0
DA:27,0
DA:39,0
DA:42,0
DA:43,0
DA:44,0
DA:47,0
DA:50,0
DA:70,0
DA:71,0
DA:75,0
DA:76,0
DA:77,0
DA:79,0
DA:80,0
DA:81,0
DA:83,0
DA:87,0
DA:93,0
DA:94,0
DA:95,0
DA:96,0
DA:100,0
DA:101,0
DA:102,0
DA:106,0
DA:107,0
DA:111,0
DA:112,0
DA:117,0
DA:119,0
DA:120,0
DA:157,0
DA:159,0
DA:178,0
DA:180,0
DA:195,0
DA:260,0
DA:262,0
DA:266,0
DA:276,0
DA:277,0
DA:286,0
DA:288,0
DA:292,0
DA:315,0
DA:317,0
DA:333,0
DA:335,0
DA:351,0
DA:353,0
DA:366,0
DA:368,0
DA:381,0
DA:383,0
DA:396,0
DA:398,0
DA:414,0
DA:416,0
DA:429,0
DA:431,0
DA:435,0
DA:450,0
DA:452,0
DA:456,0
DA:473,0
DA:486,0
DA:499,0
DA:512,0
DA:514,0
DA:536,0
DA:556,0
DA:557,0
DA:570,0
DA:571,0
DA:574,0
DA:575,0
DA:593,0
DA:595,0
DA:602,0
DA:624,0
DA:645,0
DA:647,0
DA:654,0
DA:655,0
DA:683,0
DA:700,0
DA:706,0
DA:708,0
DA:716,0
DA:736,0
DA:739,0
DA:740,0
DA:741,0
DA:742,0
DA:743,0
DA:744,0
DA:745,0
DA:746,0
DA:747,0
DA:748,0
DA:749,0
DA:750,0
DA:751,0
DA:752,0
DA:753,0
DA:754,0
DA:755,0
DA:756,0
DA:757,0
DA:758,0
DA:759,0
DA:760,0
DA:761,0
DA:762,0
LF:131
LH:0
BRDA:43,0,0,0
BRDA:43,0,1,0
BRDA:60,1,0,0
BRDA:76,2,0,0
BRDA:76,2,1,0
BRDA:79,3,0,0
BRDA:79,3,1,0
BRDA:80,4,0,0
BRDA:80,4,1,0
BRDA:94,5,0,0
BRDA:94,5,1,0
BRDA:102,6,0,0
BRDA:102,6,1,0
BRDA:103,7,0,0
BRDA:103,7,1,0
BRDA:103,7,2,0
BRDA:117,8,0,0
BRDA:117,8,1,0
BRDA:169,9,0,0
BRDA:170,10,0,0
BRDA:171,11,0,0
BRDA:180,12,0,0
BRDA:180,12,1,0
BRDA:195,13,0,0
BRDA:195,13,1,0
BRDA:220,14,0,0
BRDA:220,14,1,0
BRDA:230,15,0,0
BRDA:230,15,1,0
BRDA:230,16,0,0
BRDA:230,16,1,0
BRDA:238,17,0,0
BRDA:238,17,1,0
BRDA:242,18,0,0
BRDA:242,18,1,0
BRDA:242,19,0,0
BRDA:242,19,1,0
BRDA:434,20,0,0
BRDA:435,21,0,0
BRDA:435,21,1,0
BRDA:455,22,0,0
BRDA:456,23,0,0
BRDA:456,23,1,0
BRDA:546,24,0,0
BRDA:547,25,0,0
BRDA:548,26,0,0
BRDA:549,27,0,0
BRDA:556,28,0,0
BRDA:556,28,1,0
BRDA:570,29,0,0
BRDA:570,29,1,0
BRDA:574,30,0,0
BRDA:574,30,1,0
BRDA:586,31,0,0
BRDA:586,31,1,0
BRDA:601,32,0,0
BRDA:601,33,0,0
BRDA:602,34,0,0
BRDA:602,34,1,0
BRDA:616,35,0,0
BRDA:616,35,1,0
BRDA:652,36,0,0
BRDA:665,37,0,0
BRDA:715,38,0,0
BRDA:715,39,0,0
BRDA:716,40,0,0
BRDA:716,40,1,0
BRDA:727,41,0,0
BRDA:727,41,1,0
BRDA:728,42,0,0
BRDA:728,42,1,0
BRF:71
BRH:0
end_of_record
TN:
SF:components/ui/skeleton.tsx
FN:3,Skeleton
FNF:1
FNH:0
FNDA:0,Skeleton
DA:1,0
DA:15,0
LF:2
LH:0
BRF:0
BRH:0
end_of_record
TN:
SF:components/ui/slider.tsx
FNF:0
FNH:0
DA:3,0
DA:4,0
DA:6,0
DA:26,0
DA:28,0
LF:5
LH:0
BRF:0
BRH:0
end_of_record
TN:
SF:components/ui/sonner.tsx
FN:8,(anonymous_1)
FNF:1
FNH:0
FNDA:0,(anonymous_1)
DA:3,0
DA:4,0
DA:8,0
DA:9,0
DA:31,0
LF:5
LH:0
BRDA:9,0,0,0
BRF:1
BRH:0
end_of_record
TN:
SF:components/ui/switch.tsx
FNF:0
FNH:0
DA:3,0
DA:4,0
DA:6,0
DA:27,0
DA:29,0
LF:5
LH:0
BRF:0
BRH:0
end_of_record
TN:
SF:components/ui/table.tsx
FNF:0
FNH:0
DA:1,0
DA:3,0
DA:17,0
DA:25,0
DA:37,0
DA:52,0
DA:67,0
DA:82,0
DA:94,0
DA:106,0
DA:109,0
DA:110,0
DA:111,0
DA:112,0
DA:113,0
DA:114,0
DA:115,0
DA:116,0
LF:18
LH:0
BRF:0
BRH:0
end_of_record
TN:
SF:components/ui/tabs.tsx
FNF:0
FNH:0
DA:3,0
DA:4,0
DA:6,0
DA:8,0
DA:23,0
DA:38,0
DA:53,0
DA:55,0
LF:8
LH:0
BRF:0
BRH:0
end_of_record
TN:
SF:components/ui/textarea.tsx
FN:8,(anonymous_4)
FNF:1
FNH:1
FNDA:93,(anonymous_4)
DA:1,2
DA:3,2
DA:5,2
DA:20,2
DA:22,100
LF:5
LH:5
BRF:0
BRH:0
end_of_record
TN:
SF:components/ui/toast.tsx
FN:47,(anonymous_12)
FNF:1
FNH:0
FNDA:0,(anonymous_12)
DA:3,0
DA:4,0
DA:5,0
DA:6,0
DA:8,0
DA:10,0
DA:25,0
DA:27,0
DA:43,0
DA:56,0
DA:71,0
DA:89,0
DA:101,0
DA:113,0
DA:122,0
DA:123,0
DA:124,0
DA:125,0
DA:126,0
DA:127,0
DA:128,0
LF:21
LH:0
BRF:0
BRH:0
end_of_record
TN:
SF:components/ui/toaster.tsx
FN:13,Toaster
FN:18,(anonymous_2)
FNF:2
FNH:0
FNDA:0,Toaster
FNDA:0,(anonymous_2)
DA:3,0
DA:11,0
DA:13,0
DA:14,0
DA:19,0
LF:5
LH:0
BRDA:22,0,0,0
BRDA:23,1,0,0
BRF:2
BRH:0
end_of_record
TN:
SF:components/ui/toggle-group.tsx
FN:39,(anonymous_7)
FNF:1
FNH:0
FNDA:0,(anonymous_7)
DA:3,0
DA:4,0
DA:7,0
DA:8,0
DA:10,0
DA:33,0
DA:35,0
DA:40,0
DA:59,0
DA:61,0
LF:10
LH:0
BRDA:47,0,0,0
BRDA:47,0,1,0
BRDA:48,1,0,0
BRDA:48,1,1,0
BRF:4
BRH:0
end_of_record
TN:
SF:components/ui/toggle.tsx
FNF:0
FNH:0
DA:3,0
DA:4,0
DA:5,0
DA:7,0
DA:9,0
DA:43,0
DA:45,0
LF:7
LH:0
BRF:0
BRH:0
end_of_record
TN:
SF:components/ui/tooltip.tsx
FNF:0
FNH:0
DA:3,0
DA:4,0
DA:6,0
DA:8,0
DA:10,0
DA:12,0
DA:28,0
DA:30,0
LF:8
LH:0
BRDA:17,0,0,0
BRF:1
BRH:0
end_of_record
TN:
SF:components/ui/use-mobile.tsx
FN:5,useIsMobile
FN:8,(anonymous_5)
FN:10,(anonymous_6)
FN:15,(anonymous_7)
FNF:4
FNH:0
FNDA:0,useIsMobile
FNDA:0,(anonymous_5)
FNDA:0,(anonymous_6)
FNDA:0,(anonymous_7)
DA:1,0
DA:3,0
DA:5,0
DA:6,0
DA:8,0
DA:9,0
DA:10,0
DA:11,0
DA:13,0
DA:14,0
DA:15,0
DA:18,0
LF:12
LH:0
BRF:0
BRH:0
end_of_record
TN:
SF:components/ui/use-toast.ts
FN:30,genId
FN:61,(anonymous_8)
FN:66,(anonymous_9)
FN:77,(anonymous_10)
FN:88,(anonymous_11)
FN:101,(anonymous_12)
FN:108,(anonymous_13)
FN:127,(anonymous_14)
FN:136,dispatch
FN:138,(anonymous_16)
FN:145,toast
FN:148,(anonymous_18)
FN:153,(anonymous_19)
FN:161,(anonymous_20)
FN:174,useToast
FN:177,(anonymous_22)
FN:179,(anonymous_23)
FN:190,(anonymous_24)
FNF:18
FNH:0
FNDA:0,genId
FNDA:0,(anonymous_8)
FNDA:0,(anonymous_9)
FNDA:0,(anonymous_10)
FNDA:0,(anonymous_11)
FNDA:0,(anonymous_12)
FNDA:0,(anonymous_13)
FNDA:0,(anonymous_14)
FNDA:0,dispatch
FNDA:0,(anonymous_16)
FNDA:0,toast
FNDA:0,(anonymous_18)
FNDA:0,(anonymous_19)
FNDA:0,(anonymous_20)
FNDA:0,useToast
FNDA:0,(anonymous_22)
FNDA:0,(anonymous_23)
FNDA:0,(anonymous_24)
DA:4,0
DA:11,0
DA:12,0
DA:21,0
DA:28,0
DA:31,0
DA:32,0
DA:59,0
DA:61,0
DA:62,0
DA:63,0
DA:66,0
DA:67,0
DA:68,0
DA:74,0
DA:77,0
DA:78,0
DA:80,0
DA:86,0
DA:89,0
DA:94,0
DA:98,0
DA:99,0
DA:101,0
DA:102,0
DA:106,0
DA:109,0
DA:119,0
DA:120,0
DA:125,0
DA:127,0
DA:132,0
DA:134,0
DA:137,0
DA:138,0
DA:139,0
DA:146,0
DA:148,0
DA:149,0
DA:153,0
DA:155,0
DA:162,0
DA:167,0
DA:175,0
DA:177,0
DA:178,0
DA:179,0
DA:180,0
DA:181,0
DA:182,0
DA:187,0
DA:190,0
DA:194,0
LF:53
LH:0
BRDA:62,0,0,0
BRDA:62,0,1,0
BRDA:78,1,0,0
BRDA:78,1,1,0
BRDA:78,1,2,0
BRDA:78,1,3,0
BRDA:89,2,0,0
BRDA:89,2,1,0
BRDA:98,3,0,0
BRDA:98,3,1,0
BRDA:109,4,0,0
BRDA:109,4,1,0
BRDA:109,5,0,0
BRDA:109,5,1,0
BRDA:119,6,0,0
BRDA:119,6,1,0
BRDA:162,7,0,0
BRDA:162,7,1,0
BRDA:181,8,0,0
BRDA:181,8,1,0
BRF:20
BRH:0
end_of_record
TN:
SF:hooks/use-mobile.tsx
FN:5,useIsMobile
FN:8,(anonymous_5)
FN:10,(anonymous_6)
FN:15,(anonymous_7)
FNF:4
FNH:0
FNDA:0,useIsMobile
FNDA:0,(anonymous_5)
FNDA:0,(anonymous_6)
FNDA:0,(anonymous_7)
DA:1,0
DA:3,0
DA:5,0
DA:6,0
DA:8,0
DA:9,0
DA:10,0
DA:11,0
DA:13,0
DA:14,0
DA:15,0
DA:18,0
LF:12
LH:0
BRF:0
BRH:0
end_of_record
TN:
SF:hooks/use-toast.ts
FN:30,genId
FN:61,(anonymous_8)
FN:66,(anonymous_9)
FN:77,(anonymous_10)
FN:88,(anonymous_11)
FN:101,(anonymous_12)
FN:108,(anonymous_13)
FN:127,(anonymous_14)
FN:136,dispatch
FN:138,(anonymous_16)
FN:145,toast
FN:148,(anonymous_18)
FN:153,(anonymous_19)
FN:161,(anonymous_20)
FN:174,useToast
FN:177,(anonymous_22)
FN:179,(anonymous_23)
FN:190,(anonymous_24)
FNF:18
FNH:0
FNDA:0,genId
FNDA:0,(anonymous_8)
FNDA:0,(anonymous_9)
FNDA:0,(anonymous_10)
FNDA:0,(anonymous_11)
FNDA:0,(anonymous_12)
FNDA:0,(anonymous_13)
FNDA:0,(anonymous_14)
FNDA:0,dispatch
FNDA:0,(anonymous_16)
FNDA:0,toast
FNDA:0,(anonymous_18)
FNDA:0,(anonymous_19)
FNDA:0,(anonymous_20)
FNDA:0,useToast
FNDA:0,(anonymous_22)
FNDA:0,(anonymous_23)
FNDA:0,(anonymous_24)
DA:4,0
DA:11,0
DA:12,0
DA:21,0
DA:28,0
DA:31,0
DA:32,0
DA:59,0
DA:61,0
DA:62,0
DA:63,0
DA:66,0
DA:67,0
DA:68,0
DA:74,0
DA:77,0
DA:78,0
DA:80,0
DA:86,0
DA:89,0
DA:94,0
DA:98,0
DA:99,0
DA:101,0
DA:102,0
DA:106,0
DA:109,0
DA:119,0
DA:120,0
DA:125,0
DA:127,0
DA:132,0
DA:134,0
DA:137,0
DA:138,0
DA:139,0
DA:146,0
DA:148,0
DA:149,0
DA:153,0
DA:155,0
DA:162,0
DA:167,0
DA:175,0
DA:177,0
DA:178,0
DA:179,0
DA:180,0
DA:181,0
DA:182,0
DA:187,0
DA:190,0
DA:194,0
LF:53
LH:0
BRDA:62,0,0,0
BRDA:62,0,1,0
BRDA:78,1,0,0
BRDA:78,1,1,0
BRDA:78,1,2,0
BRDA:78,1,3,0
BRDA:89,2,0,0
BRDA:89,2,1,0
BRDA:98,3,0,0
BRDA:98,3,1,0
BRDA:109,4,0,0
BRDA:109,4,1,0
BRDA:109,5,0,0
BRDA:109,5,1,0
BRDA:119,6,0,0
BRDA:119,6,1,0
BRDA:162,7,0,0
BRDA:162,7,1,0
BRDA:181,8,0,0
BRDA:181,8,1,0
BRF:20
BRH:0
end_of_record
TN:
SF:lib/utils.ts
FN:4,cn
FNF:1
FNH:1
FNDA:1725,cn
DA:1,6
DA:2,6
DA:4,1725
DA:5,1725
LF:4
LH:4
BRF:0
BRH:0
end_of_record
